{"C:\\Users\\USER\\Desktop\\BOOTCAMP-FRONTEND-REACT-NTT\\miniMarket\\src\\HOC\\withAuth.tsx": {"path":"C:\\Users\\USER\\Desktop\\BOOTCAMP-FRONTEND-REACT-NTT\\miniMarket\\src\\HOC\\withAuth.tsx","statementMap":{"0":{"start":{"line":1,"column":0},"end":{"line":1,"column":42}},"1":{"start":{"line":2,"column":0},"end":{"line":2,"column":47}},"2":{"start":{"line":3,"column":0},"end":{"line":3,"column":34}},"3":{"start":{"line":4,"column":0},"end":{"line":4,"column":47}},"4":{"start":{"line":6,"column":24},"end":{"line":19,"column":1}},"5":{"start":{"line":7,"column":2},"end":{"line":18,"column":4}},"6":{"start":{"line":8,"column":22},"end":{"line":8,"column":31}},"7":{"start":{"line":9,"column":21},"end":{"line":9,"column":34}},"8":{"start":{"line":11,"column":4},"end":{"line":15,"column":32}},"9":{"start":{"line":12,"column":6},"end":{"line":14,"column":7}},"10":{"start":{"line":13,"column":8},"end":{"line":13,"column":34}},"11":{"start":{"line":17,"column":4},"end":{"line":17,"column":57}},"12":{"start":{"line":6,"column":13},"end":{"line":6,"column":24}}},"fnMap":{"0":{"name":"(anonymous_0)","decl":{"start":{"line":6,"column":24},"end":{"line":6,"column":43}},"loc":{"start":{"line":6,"column":80},"end":{"line":19,"column":1}}},"1":{"name":"(anonymous_1)","decl":{"start":{"line":7,"column":9},"end":{"line":7,"column":10}},"loc":{"start":{"line":7,"column":22},"end":{"line":18,"column":3}}},"2":{"name":"(anonymous_2)","decl":{"start":{"line":11,"column":14},"end":{"line":11,"column":17}},"loc":{"start":{"line":11,"column":19},"end":{"line":15,"column":5}}}},"branchMap":{"0":{"loc":{"start":{"line":12,"column":6},"end":{"line":14,"column":7}},"type":"if","locations":[{"start":{"line":12,"column":6},"end":{"line":14,"column":7}}]},"1":{"loc":{"start":{"line":17,"column":11},"end":{"line":17,"column":56}},"type":"cond-expr","locations":[{"start":{"line":17,"column":25},"end":{"line":17,"column":49}},{"start":{"line":17,"column":52},"end":{"line":17,"column":56}}]}},"s":{"0":1,"1":1,"2":1,"3":1,"4":1,"5":1,"6":2,"7":2,"8":2,"9":2,"10":1,"11":2,"12":1},"f":{"0":1,"1":2,"2":2},"b":{"0":[1],"1":[1,1]}}
,"C:\\Users\\USER\\Desktop\\BOOTCAMP-FRONTEND-REACT-NTT\\miniMarket\\src\\components\\SummaryCart\\summaryCart.tsx": {"path":"C:\\Users\\USER\\Desktop\\BOOTCAMP-FRONTEND-REACT-NTT\\miniMarket\\src\\components\\SummaryCart\\summaryCart.tsx","statementMap":{"0":{"start":{"line":1,"column":0},"end":{"line":1,"column":59}},"1":{"start":{"line":2,"column":0},"end":{"line":2,"column":64}},"2":{"start":{"line":3,"column":0},"end":{"line":3,"column":44}},"3":{"start":{"line":5,"column":20},"end":{"line":138,"column":1}},"4":{"start":{"line":6,"column":73},"end":{"line":6,"column":89}},"5":{"start":{"line":8,"column":16},"end":{"line":13,"column":null}},"6":{"start":{"line":10,"column":6},"end":{"line":12,"column":24}},"7":{"start":{"line":16,"column":2},"end":{"line":137,"column":4}},"8":{"start":{"line":33,"column":14},"end":{"line":33,"column":null}},"9":{"start":{"line":46,"column":37},"end":{"line":46,"column":66}},"10":{"start":{"line":55,"column":37},"end":{"line":55,"column":66}},"11":{"start":{"line":71,"column":35},"end":{"line":71,"column":61}},"12":{"start":{"line":84,"column":12},"end":{"line":84,"column":34}},"13":{"start":{"line":95,"column":35},"end":{"line":95,"column":61}},"14":{"start":{"line":106,"column":35},"end":{"line":106,"column":64}},"15":{"start":{"line":114,"column":35},"end":{"line":114,"column":64}},"16":{"start":{"line":140,"column":0},"end":{"line":140,"column":27}}},"fnMap":{"0":{"name":"(anonymous_1)","decl":{"start":{"line":5,"column":20},"end":{"line":5,"column":23}},"loc":{"start":{"line":5,"column":25},"end":{"line":138,"column":1}}},"1":{"name":"(anonymous_2)","decl":{"start":{"line":9,"column":4},"end":{"line":9,"column":5}},"loc":{"start":{"line":10,"column":6},"end":{"line":12,"column":24}}},"2":{"name":"(anonymous_3)","decl":{"start":{"line":32,"column":22},"end":{"line":32,"column":23}},"loc":{"start":{"line":33,"column":14},"end":{"line":33,"column":null}}},"3":{"name":"(anonymous_4)","decl":{"start":{"line":46,"column":31},"end":{"line":46,"column":34}},"loc":{"start":{"line":46,"column":37},"end":{"line":46,"column":66}}},"4":{"name":"(anonymous_5)","decl":{"start":{"line":55,"column":31},"end":{"line":55,"column":34}},"loc":{"start":{"line":55,"column":37},"end":{"line":55,"column":66}}},"5":{"name":"(anonymous_6)","decl":{"start":{"line":71,"column":29},"end":{"line":71,"column":32}},"loc":{"start":{"line":71,"column":35},"end":{"line":71,"column":61}}},"6":{"name":"(anonymous_7)","decl":{"start":{"line":83,"column":20},"end":{"line":83,"column":21}},"loc":{"start":{"line":84,"column":12},"end":{"line":84,"column":34}}},"7":{"name":"(anonymous_8)","decl":{"start":{"line":95,"column":29},"end":{"line":95,"column":32}},"loc":{"start":{"line":95,"column":35},"end":{"line":95,"column":61}}},"8":{"name":"(anonymous_9)","decl":{"start":{"line":106,"column":29},"end":{"line":106,"column":32}},"loc":{"start":{"line":106,"column":35},"end":{"line":106,"column":64}}},"9":{"name":"(anonymous_10)","decl":{"start":{"line":114,"column":29},"end":{"line":114,"column":32}},"loc":{"start":{"line":114,"column":35},"end":{"line":114,"column":64}}}},"branchMap":{"0":{"loc":{"start":{"line":8,"column":17},"end":{"line":8,"column":27}},"type":"binary-expr","locations":[{"start":{"line":8,"column":17},"end":{"line":8,"column":21}},{"start":{"line":8,"column":25},"end":{"line":8,"column":27}}]}},"s":{"0":2,"1":2,"2":2,"3":2,"4":6,"5":6,"6":8,"7":6,"8":8,"9":1,"10":1,"11":1,"12":8,"13":0,"14":0,"15":0,"16":2},"f":{"0":6,"1":8,"2":8,"3":1,"4":1,"5":1,"6":8,"7":0,"8":0,"9":0},"b":{"0":[6,0]}}
,"C:\\Users\\USER\\Desktop\\BOOTCAMP-FRONTEND-REACT-NTT\\miniMarket\\src\\components\\authIcon\\authIcon.tsx": {"path":"C:\\Users\\USER\\Desktop\\BOOTCAMP-FRONTEND-REACT-NTT\\miniMarket\\src\\components\\authIcon\\authIcon.tsx","statementMap":{"0":{"start":{"line":1,"column":0},"end":{"line":1,"column":26}},"1":{"start":{"line":2,"column":0},"end":{"line":2,"column":57}},"2":{"start":{"line":3,"column":0},"end":{"line":3,"column":47}},"3":{"start":{"line":4,"column":0},"end":{"line":4,"column":42}},"4":{"start":{"line":5,"column":0},"end":{"line":5,"column":42}},"5":{"start":{"line":7,"column":27},"end":{"line":36,"column":1}},"6":{"start":{"line":8,"column":27},"end":{"line":8,"column":36}},"7":{"start":{"line":9,"column":44},"end":{"line":9,"column":65}},"8":{"start":{"line":11,"column":25},"end":{"line":13,"column":3}},"9":{"start":{"line":12,"column":4},"end":{"line":12,"column":37}},"10":{"start":{"line":12,"column":30},"end":{"line":12,"column":35}},"11":{"start":{"line":15,"column":23},"end":{"line":18,"column":3}},"12":{"start":{"line":16,"column":4},"end":{"line":16,"column":13}},"13":{"start":{"line":17,"column":4},"end":{"line":17,"column":27}},"14":{"start":{"line":20,"column":2},"end":{"line":35,"column":4}},"15":{"start":{"line":38,"column":0},"end":{"line":38,"column":24}}},"fnMap":{"0":{"name":"(anonymous_1)","decl":{"start":{"line":7,"column":27},"end":{"line":7,"column":30}},"loc":{"start":{"line":7,"column":32},"end":{"line":36,"column":1}}},"1":{"name":"(anonymous_2)","decl":{"start":{"line":11,"column":25},"end":{"line":11,"column":28}},"loc":{"start":{"line":11,"column":30},"end":{"line":13,"column":3}}},"2":{"name":"(anonymous_3)","decl":{"start":{"line":12,"column":20},"end":{"line":12,"column":21}},"loc":{"start":{"line":12,"column":30},"end":{"line":12,"column":35}}},"3":{"name":"(anonymous_4)","decl":{"start":{"line":15,"column":23},"end":{"line":15,"column":26}},"loc":{"start":{"line":15,"column":28},"end":{"line":18,"column":3}}}},"branchMap":{"0":{"loc":{"start":{"line":25,"column":15},"end":{"line":25,"column":48}},"type":"cond-expr","locations":[{"start":{"line":25,"column":22},"end":{"line":25,"column":36}},{"start":{"line":25,"column":39},"end":{"line":25,"column":48}}]},"1":{"loc":{"start":{"line":26,"column":12},"end":{"line":26,"column":47}},"type":"cond-expr","locations":[{"start":{"line":26,"column":20},"end":{"line":26,"column":35}},{"start":{"line":26,"column":38},"end":{"line":26,"column":47}}]},"2":{"loc":{"start":{"line":29,"column":5},"end":{"line":32,"column":null}},"type":"binary-expr","locations":[{"start":{"line":29,"column":5},"end":{"line":29,"column":9}},{"start":{"line":29,"column":13},"end":{"line":29,"column":27}},{"start":{"line":30,"column":6},"end":{"line":31,"column":null}}]}},"s":{"0":1,"1":1,"2":1,"3":1,"4":1,"5":1,"6":5,"7":5,"8":5,"9":0,"10":0,"11":5,"12":0,"13":0,"14":5,"15":1},"f":{"0":5,"1":0,"2":0,"3":0},"b":{"0":[0,5],"1":[5,0],"2":[5,0,0]}}
,"C:\\Users\\USER\\Desktop\\BOOTCAMP-FRONTEND-REACT-NTT\\miniMarket\\src\\components\\buttonCard\\buttonCard.tsx": {"path":"C:\\Users\\USER\\Desktop\\BOOTCAMP-FRONTEND-REACT-NTT\\miniMarket\\src\\components\\buttonCard\\buttonCard.tsx","statementMap":{"0":{"start":{"line":2,"column":0},"end":{"line":2,"column":59}},"1":{"start":{"line":4,"column":0},"end":{"line":4,"column":49}},"2":{"start":{"line":5,"column":0},"end":{"line":5,"column":46}},"3":{"start":{"line":11,"column":50},"end":{"line":31,"column":1}},"4":{"start":{"line":12,"column":24},"end":{"line":12,"column":40}},"5":{"start":{"line":14,"column":26},"end":{"line":17,"column":3}},"6":{"start":{"line":15,"column":37},"end":{"line":15,"column":64}},"7":{"start":{"line":16,"column":4},"end":{"line":16,"column":27}},"8":{"start":{"line":19,"column":2},"end":{"line":30,"column":4}},"9":{"start":{"line":22,"column":21},"end":{"line":22,"column":45}},"10":{"start":{"line":33,"column":0},"end":{"line":33,"column":31}}},"fnMap":{"0":{"name":"(anonymous_1)","decl":{"start":{"line":11,"column":50},"end":{"line":11,"column":51}},"loc":{"start":{"line":11,"column":66},"end":{"line":31,"column":1}}},"1":{"name":"(anonymous_2)","decl":{"start":{"line":14,"column":26},"end":{"line":14,"column":27}},"loc":{"start":{"line":14,"column":47},"end":{"line":17,"column":3}}},"2":{"name":"(anonymous_3)","decl":{"start":{"line":22,"column":15},"end":{"line":22,"column":18}},"loc":{"start":{"line":22,"column":21},"end":{"line":22,"column":45}}}},"branchMap":{},"s":{"0":4,"1":4,"2":4,"3":4,"4":7,"5":7,"6":1,"7":1,"8":7,"9":1,"10":4},"f":{"0":7,"1":1,"2":1},"b":{}}
,"C:\\Users\\USER\\Desktop\\BOOTCAMP-FRONTEND-REACT-NTT\\miniMarket\\src\\components\\cartIcon\\cartIcon.tsx": {"path":"C:\\Users\\USER\\Desktop\\BOOTCAMP-FRONTEND-REACT-NTT\\miniMarket\\src\\components\\cartIcon\\cartIcon.tsx","statementMap":{"0":{"start":{"line":2,"column":0},"end":{"line":2,"column":46}},"1":{"start":{"line":3,"column":0},"end":{"line":3,"column":57}},"2":{"start":{"line":4,"column":0},"end":{"line":4,"column":47}},"3":{"start":{"line":5,"column":0},"end":{"line":5,"column":41}},"4":{"start":{"line":7,"column":21},"end":{"line":21,"column":1}},"5":{"start":{"line":8,"column":24},"end":{"line":8,"column":33}},"6":{"start":{"line":10,"column":2},"end":{"line":20,"column":4}},"7":{"start":{"line":23,"column":0},"end":{"line":23,"column":24}}},"fnMap":{"0":{"name":"(anonymous_1)","decl":{"start":{"line":7,"column":21},"end":{"line":7,"column":24}},"loc":{"start":{"line":7,"column":26},"end":{"line":21,"column":1}}}},"branchMap":{},"s":{"0":2,"1":2,"2":2,"3":2,"4":2,"5":8,"6":8,"7":2},"f":{"0":8},"b":{}}
,"C:\\Users\\USER\\Desktop\\BOOTCAMP-FRONTEND-REACT-NTT\\miniMarket\\src\\components\\categorySelector\\categorySelector.tsx": {"path":"C:\\Users\\USER\\Desktop\\BOOTCAMP-FRONTEND-REACT-NTT\\miniMarket\\src\\components\\categorySelector\\categorySelector.tsx","statementMap":{"0":{"start":{"line":3,"column":0},"end":{"line":3,"column":58}},"1":{"start":{"line":14,"column":52},"end":{"line":52,"column":1}},"2":{"start":{"line":22,"column":2},"end":{"line":30,"column":3}},"3":{"start":{"line":23,"column":4},"end":{"line":29,"column":6}},"4":{"start":{"line":32,"column":2},"end":{"line":51,"column":4}},"5":{"start":{"line":36,"column":10},"end":{"line":37,"column":null}},"6":{"start":{"line":39,"column":14},"end":{"line":39,"column":46}},"7":{"start":{"line":40,"column":14},"end":{"line":42,"column":15}},"8":{"start":{"line":41,"column":16},"end":{"line":41,"column":29}},"9":{"start":{"line":54,"column":0},"end":{"line":54,"column":32}}},"fnMap":{"0":{"name":"(anonymous_1)","decl":{"start":{"line":14,"column":52},"end":{"line":14,"column":53}},"loc":{"start":{"line":21,"column":5},"end":{"line":52,"column":1}}},"1":{"name":"(anonymous_2)","decl":{"start":{"line":35,"column":24},"end":{"line":35,"column":25}},"loc":{"start":{"line":36,"column":10},"end":{"line":37,"column":null}}},"2":{"name":"(anonymous_3)","decl":{"start":{"line":38,"column":21},"end":{"line":38,"column":24}},"loc":{"start":{"line":38,"column":26},"end":{"line":43,"column":13}}}},"branchMap":{"0":{"loc":{"start":{"line":22,"column":2},"end":{"line":30,"column":3}},"type":"if","locations":[{"start":{"line":22,"column":2},"end":{"line":30,"column":3}}]},"1":{"loc":{"start":{"line":26,"column":26},"end":{"line":26,"column":46}},"type":"binary-expr","locations":[{"start":{"line":26,"column":26},"end":{"line":26,"column":40}},{"start":{"line":26,"column":44},"end":{"line":26,"column":46}}]},"2":{"loc":{"start":{"line":40,"column":14},"end":{"line":42,"column":15}},"type":"if","locations":[{"start":{"line":40,"column":14},"end":{"line":42,"column":15}}]}},"s":{"0":2,"1":2,"2":8,"3":5,"4":3,"5":9,"6":2,"7":2,"8":1,"9":2},"f":{"0":8,"1":9,"2":2},"b":{"0":[5],"1":[5,2],"2":[1]}}
,"C:\\Users\\USER\\Desktop\\BOOTCAMP-FRONTEND-REACT-NTT\\miniMarket\\src\\components\\checkoutForm\\Form.tsx": {"path":"C:\\Users\\USER\\Desktop\\BOOTCAMP-FRONTEND-REACT-NTT\\miniMarket\\src\\components\\checkoutForm\\Form.tsx","statementMap":{"0":{"start":{"line":1,"column":0},"end":{"line":1,"column":49}},"1":{"start":{"line":2,"column":0},"end":{"line":2,"column":47}},"2":{"start":{"line":3,"column":0},"end":{"line":3,"column":83}},"3":{"start":{"line":4,"column":0},"end":{"line":4,"column":56}},"4":{"start":{"line":5,"column":0},"end":{"line":5,"column":48}},"5":{"start":{"line":6,"column":0},"end":{"line":6,"column":49}},"6":{"start":{"line":7,"column":0},"end":{"line":7,"column":69}},"7":{"start":{"line":8,"column":0},"end":{"line":8,"column":48}},"8":{"start":{"line":9,"column":0},"end":{"line":9,"column":59}},"9":{"start":{"line":10,"column":0},"end":{"line":10,"column":47}},"10":{"start":{"line":11,"column":0},"end":{"line":11,"column":38}},"11":{"start":{"line":31,"column":25},"end":{"line":253,"column":1}},"12":{"start":{"line":32,"column":20},"end":{"line":32,"column":48}},"13":{"start":{"line":33,"column":23},"end":{"line":33,"column":54}},"14":{"start":{"line":34,"column":24},"end":{"line":34,"column":40}},"15":{"start":{"line":36,"column":19},"end":{"line":36,"column":32}},"16":{"start":{"line":38,"column":52},"end":{"line":38,"column":62}},"17":{"start":{"line":39,"column":24},"end":{"line":39,"column":38}},"18":{"start":{"line":41,"column":34},"end":{"line":48,"column":4}},"19":{"start":{"line":50,"column":30},"end":{"line":57,"column":4}},"20":{"start":{"line":59,"column":19},"end":{"line":99,"column":3}},"21":{"start":{"line":60,"column":34},"end":{"line":67,"column":6}},"22":{"start":{"line":69,"column":4},"end":{"line":73,"column":5}},"23":{"start":{"line":70,"column":6},"end":{"line":70,"column":43}},"24":{"start":{"line":71,"column":11},"end":{"line":73,"column":5}},"25":{"start":{"line":72,"column":6},"end":{"line":72,"column":52}},"26":{"start":{"line":75,"column":4},"end":{"line":77,"column":5}},"27":{"start":{"line":76,"column":6},"end":{"line":76,"column":52}},"28":{"start":{"line":79,"column":4},"end":{"line":81,"column":5}},"29":{"start":{"line":80,"column":6},"end":{"line":80,"column":51}},"30":{"start":{"line":83,"column":4},"end":{"line":85,"column":5}},"31":{"start":{"line":84,"column":6},"end":{"line":84,"column":49}},"32":{"start":{"line":87,"column":4},"end":{"line":89,"column":5}},"33":{"start":{"line":88,"column":6},"end":{"line":88,"column":53}},"34":{"start":{"line":91,"column":4},"end":{"line":95,"column":5}},"35":{"start":{"line":92,"column":6},"end":{"line":92,"column":45}},"36":{"start":{"line":93,"column":11},"end":{"line":95,"column":5}},"37":{"start":{"line":94,"column":6},"end":{"line":94,"column":61}},"38":{"start":{"line":97,"column":4},"end":{"line":97,"column":25}},"39":{"start":{"line":98,"column":4},"end":{"line":98,"column":67}},"40":{"start":{"line":98,"column":53},"end":{"line":98,"column":65}},"41":{"start":{"line":101,"column":23},"end":{"line":113,"column":3}},"42":{"start":{"line":102,"column":4},"end":{"line":102,"column":23}},"43":{"start":{"line":104,"column":4},"end":{"line":112,"column":5}},"44":{"start":{"line":105,"column":6},"end":{"line":105,"column":48}},"45":{"start":{"line":107,"column":6},"end":{"line":107,"column":18}},"46":{"start":{"line":109,"column":6},"end":{"line":111,"column":7}},"47":{"start":{"line":110,"column":8},"end":{"line":110,"column":20}},"48":{"start":{"line":115,"column":27},"end":{"line":118,"column":3}},"49":{"start":{"line":116,"column":4},"end":{"line":116,"column":17}},"50":{"start":{"line":117,"column":4},"end":{"line":117,"column":29}},"51":{"start":{"line":120,"column":2},"end":{"line":252,"column":4}},"52":{"start":{"line":134,"column":29},"end":{"line":134,"column":79}},"53":{"start":{"line":152,"column":14},"end":{"line":152,"column":68}},"54":{"start":{"line":169,"column":29},"end":{"line":169,"column":83}},"55":{"start":{"line":174,"column":14},"end":{"line":174,"column":40}},"56":{"start":{"line":193,"column":14},"end":{"line":193,"column":67}},"57":{"start":{"line":212,"column":14},"end":{"line":212,"column":69}},"58":{"start":{"line":231,"column":14},"end":{"line":231,"column":65}},"59":{"start":{"line":255,"column":0},"end":{"line":255,"column":28}}},"fnMap":{"0":{"name":"(anonymous_1)","decl":{"start":{"line":31,"column":25},"end":{"line":31,"column":28}},"loc":{"start":{"line":31,"column":30},"end":{"line":253,"column":1}}},"1":{"name":"(anonymous_2)","decl":{"start":{"line":59,"column":19},"end":{"line":59,"column":22}},"loc":{"start":{"line":59,"column":24},"end":{"line":99,"column":3}}},"2":{"name":"(anonymous_3)","decl":{"start":{"line":98,"column":42},"end":{"line":98,"column":43}},"loc":{"start":{"line":98,"column":53},"end":{"line":98,"column":65}}},"3":{"name":"(anonymous_4)","decl":{"start":{"line":101,"column":23},"end":{"line":101,"column":24}},"loc":{"start":{"line":101,"column":46},"end":{"line":113,"column":3}}},"4":{"name":"(anonymous_5)","decl":{"start":{"line":115,"column":27},"end":{"line":115,"column":30}},"loc":{"start":{"line":115,"column":32},"end":{"line":118,"column":3}}},"5":{"name":"(anonymous_6)","decl":{"start":{"line":134,"column":22},"end":{"line":134,"column":23}},"loc":{"start":{"line":134,"column":29},"end":{"line":134,"column":79}}},"6":{"name":"(anonymous_7)","decl":{"start":{"line":151,"column":22},"end":{"line":151,"column":23}},"loc":{"start":{"line":152,"column":14},"end":{"line":152,"column":68}}},"7":{"name":"(anonymous_8)","decl":{"start":{"line":169,"column":22},"end":{"line":169,"column":23}},"loc":{"start":{"line":169,"column":29},"end":{"line":169,"column":83}}},"8":{"name":"(anonymous_9)","decl":{"start":{"line":173,"column":27},"end":{"line":173,"column":28}},"loc":{"start":{"line":174,"column":14},"end":{"line":174,"column":40}}},"9":{"name":"(anonymous_10)","decl":{"start":{"line":192,"column":22},"end":{"line":192,"column":23}},"loc":{"start":{"line":193,"column":14},"end":{"line":193,"column":67}}},"10":{"name":"(anonymous_11)","decl":{"start":{"line":211,"column":22},"end":{"line":211,"column":23}},"loc":{"start":{"line":212,"column":14},"end":{"line":212,"column":69}}},"11":{"name":"(anonymous_12)","decl":{"start":{"line":230,"column":22},"end":{"line":230,"column":23}},"loc":{"start":{"line":231,"column":14},"end":{"line":231,"column":65}}}},"branchMap":{"0":{"loc":{"start":{"line":69,"column":4},"end":{"line":73,"column":5}},"type":"if","locations":[{"start":{"line":69,"column":4},"end":{"line":73,"column":5}},{"start":{"line":71,"column":11},"end":{"line":73,"column":5}}]},"1":{"loc":{"start":{"line":71,"column":11},"end":{"line":73,"column":5}},"type":"if","locations":[{"start":{"line":71,"column":11},"end":{"line":73,"column":5}}]},"2":{"loc":{"start":{"line":75,"column":4},"end":{"line":77,"column":5}},"type":"if","locations":[{"start":{"line":75,"column":4},"end":{"line":77,"column":5}}]},"3":{"loc":{"start":{"line":79,"column":4},"end":{"line":81,"column":5}},"type":"if","locations":[{"start":{"line":79,"column":4},"end":{"line":81,"column":5}}]},"4":{"loc":{"start":{"line":83,"column":4},"end":{"line":85,"column":5}},"type":"if","locations":[{"start":{"line":83,"column":4},"end":{"line":85,"column":5}}]},"5":{"loc":{"start":{"line":87,"column":4},"end":{"line":89,"column":5}},"type":"if","locations":[{"start":{"line":87,"column":4},"end":{"line":89,"column":5}}]},"6":{"loc":{"start":{"line":91,"column":4},"end":{"line":95,"column":5}},"type":"if","locations":[{"start":{"line":91,"column":4},"end":{"line":95,"column":5}},{"start":{"line":93,"column":11},"end":{"line":95,"column":5}}]},"7":{"loc":{"start":{"line":93,"column":11},"end":{"line":95,"column":5}},"type":"if","locations":[{"start":{"line":93,"column":11},"end":{"line":95,"column":5}}]},"8":{"loc":{"start":{"line":104,"column":4},"end":{"line":112,"column":5}},"type":"if","locations":[{"start":{"line":104,"column":4},"end":{"line":112,"column":5}}]},"9":{"loc":{"start":{"line":109,"column":6},"end":{"line":111,"column":7}},"type":"if","locations":[{"start":{"line":109,"column":6},"end":{"line":111,"column":7}}]},"10":{"loc":{"start":{"line":109,"column":10},"end":{"line":109,"column":35}},"type":"binary-expr","locations":[{"start":{"line":109,"column":10},"end":{"line":109,"column":19}},{"start":{"line":109,"column":23},"end":{"line":109,"column":35}}]},"11":{"loc":{"start":{"line":138,"column":11},"end":{"line":138,"column":77}},"type":"binary-expr","locations":[{"start":{"line":138,"column":11},"end":{"line":138,"column":22}},{"start":{"line":138,"column":26},"end":{"line":138,"column":77}}]},"12":{"loc":{"start":{"line":157,"column":11},"end":{"line":157,"column":85}},"type":"binary-expr","locations":[{"start":{"line":157,"column":11},"end":{"line":157,"column":26}},{"start":{"line":157,"column":30},"end":{"line":157,"column":85}}]},"13":{"loc":{"start":{"line":179,"column":11},"end":{"line":179,"column":85}},"type":"binary-expr","locations":[{"start":{"line":179,"column":11},"end":{"line":179,"column":26}},{"start":{"line":179,"column":30},"end":{"line":179,"column":85}}]},"14":{"loc":{"start":{"line":198,"column":11},"end":{"line":198,"column":83}},"type":"binary-expr","locations":[{"start":{"line":198,"column":11},"end":{"line":198,"column":25}},{"start":{"line":198,"column":29},"end":{"line":198,"column":83}}]},"15":{"loc":{"start":{"line":217,"column":11},"end":{"line":217,"column":87}},"type":"binary-expr","locations":[{"start":{"line":217,"column":11},"end":{"line":217,"column":27}},{"start":{"line":217,"column":31},"end":{"line":217,"column":87}}]},"16":{"loc":{"start":{"line":236,"column":11},"end":{"line":236,"column":79}},"type":"binary-expr","locations":[{"start":{"line":236,"column":11},"end":{"line":236,"column":23}},{"start":{"line":236,"column":27},"end":{"line":236,"column":79}}]}},"s":{"0":2,"1":2,"2":2,"3":2,"4":2,"5":2,"6":2,"7":2,"8":2,"9":2,"10":2,"11":2,"12":6,"13":6,"14":6,"15":6,"16":6,"17":6,"18":6,"19":6,"20":6,"21":1,"22":1,"23":1,"24":0,"25":0,"26":1,"27":1,"28":1,"29":1,"30":1,"31":1,"32":1,"33":1,"34":1,"35":1,"36":0,"37":0,"38":1,"39":1,"40":1,"41":6,"42":1,"43":1,"44":0,"45":0,"46":0,"47":0,"48":6,"49":0,"50":0,"51":6,"52":0,"53":0,"54":0,"55":6,"56":0,"57":0,"58":0,"59":2},"f":{"0":6,"1":1,"2":1,"3":1,"4":0,"5":0,"6":0,"7":0,"8":6,"9":0,"10":0,"11":0},"b":{"0":[1,0],"1":[0],"2":[1],"3":[1],"4":[1],"5":[1],"6":[1,0],"7":[0],"8":[0],"9":[0],"10":[0,0],"11":[6,1],"12":[6,1],"13":[6,1],"14":[6,1],"15":[6,1],"16":[6,1]}}
,"C:\\Users\\USER\\Desktop\\BOOTCAMP-FRONTEND-REACT-NTT\\miniMarket\\src\\components\\checkoutMain\\checkoutMain.tsx": {"path":"C:\\Users\\USER\\Desktop\\BOOTCAMP-FRONTEND-REACT-NTT\\miniMarket\\src\\components\\checkoutMain\\checkoutMain.tsx","statementMap":{"0":{"start":{"line":2,"column":0},"end":{"line":2,"column":53}},"1":{"start":{"line":3,"column":0},"end":{"line":3,"column":48}},"2":{"start":{"line":4,"column":0},"end":{"line":4,"column":45}},"3":{"start":{"line":6,"column":25},"end":{"line":13,"column":1}},"4":{"start":{"line":7,"column":2},"end":{"line":12,"column":4}},"5":{"start":{"line":15,"column":0},"end":{"line":15,"column":28}}},"fnMap":{"0":{"name":"(anonymous_1)","decl":{"start":{"line":6,"column":25},"end":{"line":6,"column":28}},"loc":{"start":{"line":6,"column":30},"end":{"line":13,"column":1}}}},"branchMap":{},"s":{"0":1,"1":1,"2":1,"3":1,"4":2,"5":1},"f":{"0":2},"b":{}}
,"C:\\Users\\USER\\Desktop\\BOOTCAMP-FRONTEND-REACT-NTT\\miniMarket\\src\\components\\dropdownSelect\\dropdown.tsx": {"path":"C:\\Users\\USER\\Desktop\\BOOTCAMP-FRONTEND-REACT-NTT\\miniMarket\\src\\components\\dropdownSelect\\dropdown.tsx","statementMap":{"0":{"start":{"line":3,"column":0},"end":{"line":3,"column":42}},"1":{"start":{"line":11,"column":52},"end":{"line":27,"column":1}},"2":{"start":{"line":12,"column":2},"end":{"line":26,"column":4}},"3":{"start":{"line":17,"column":25},"end":{"line":17,"column":57}},"4":{"start":{"line":20,"column":10},"end":{"line":20,"column":38}},"5":{"start":{"line":29,"column":0},"end":{"line":29,"column":32}}},"fnMap":{"0":{"name":"(anonymous_1)","decl":{"start":{"line":11,"column":52},"end":{"line":11,"column":53}},"loc":{"start":{"line":11,"column":107},"end":{"line":27,"column":1}}},"1":{"name":"(anonymous_2)","decl":{"start":{"line":17,"column":18},"end":{"line":17,"column":19}},"loc":{"start":{"line":17,"column":25},"end":{"line":17,"column":57}}},"2":{"name":"(anonymous_3)","decl":{"start":{"line":19,"column":24},"end":{"line":19,"column":25}},"loc":{"start":{"line":20,"column":10},"end":{"line":20,"column":38}}}},"branchMap":{},"s":{"0":3,"1":3,"2":8,"3":2,"4":18,"5":3},"f":{"0":8,"1":2,"2":18},"b":{}}
,"C:\\Users\\USER\\Desktop\\BOOTCAMP-FRONTEND-REACT-NTT\\miniMarket\\src\\components\\footer\\footer.tsx": {"path":"C:\\Users\\USER\\Desktop\\BOOTCAMP-FRONTEND-REACT-NTT\\miniMarket\\src\\components\\footer\\footer.tsx","statementMap":{"0":{"start":{"line":2,"column":0},"end":{"line":2,"column":39}},"1":{"start":{"line":4,"column":25},"end":{"line":49,"column":1}},"2":{"start":{"line":5,"column":2},"end":{"line":48,"column":4}},"3":{"start":{"line":51,"column":0},"end":{"line":51,"column":22}}},"fnMap":{"0":{"name":"(anonymous_1)","decl":{"start":{"line":4,"column":25},"end":{"line":4,"column":28}},"loc":{"start":{"line":4,"column":30},"end":{"line":49,"column":1}}}},"branchMap":{},"s":{"0":2,"1":2,"2":6,"3":2},"f":{"0":6},"b":{}}
,"C:\\Users\\USER\\Desktop\\BOOTCAMP-FRONTEND-REACT-NTT\\miniMarket\\src\\components\\header\\header.tsx": {"path":"C:\\Users\\USER\\Desktop\\BOOTCAMP-FRONTEND-REACT-NTT\\miniMarket\\src\\components\\header\\header.tsx","statementMap":{"0":{"start":{"line":1,"column":0},"end":{"line":1,"column":37}},"1":{"start":{"line":3,"column":0},"end":{"line":3,"column":47}},"2":{"start":{"line":4,"column":0},"end":{"line":4,"column":45}},"3":{"start":{"line":5,"column":0},"end":{"line":5,"column":44}},"4":{"start":{"line":6,"column":0},"end":{"line":6,"column":44}},"5":{"start":{"line":7,"column":0},"end":{"line":7,"column":68}},"6":{"start":{"line":8,"column":0},"end":{"line":8,"column":50}},"7":{"start":{"line":9,"column":0},"end":{"line":9,"column":42}},"8":{"start":{"line":10,"column":0},"end":{"line":10,"column":40}},"9":{"start":{"line":12,"column":0},"end":{"line":12,"column":40}},"10":{"start":{"line":14,"column":25},"end":{"line":14,"column":41}},"11":{"start":{"line":24,"column":32},"end":{"line":132,"column":1}},"12":{"start":{"line":31,"column":19},"end":{"line":31,"column":37}},"13":{"start":{"line":32,"column":19},"end":{"line":32,"column":28}},"14":{"start":{"line":34,"column":50},"end":{"line":34,"column":76}},"15":{"start":{"line":37,"column":32},"end":{"line":40,"column":4}},"16":{"start":{"line":42,"column":31},"end":{"line":45,"column":3}},"17":{"start":{"line":43,"column":4},"end":{"line":43,"column":34}},"18":{"start":{"line":44,"column":4},"end":{"line":44,"column":31}},"19":{"start":{"line":47,"column":24},"end":{"line":49,"column":3}},"20":{"start":{"line":48,"column":4},"end":{"line":48,"column":76}},"21":{"start":{"line":48,"column":26},"end":{"line":48,"column":73}},"22":{"start":{"line":51,"column":2},"end":{"line":131,"column":4}},"23":{"start":{"line":74,"column":32},"end":{"line":74,"column":47}},"24":{"start":{"line":134,"column":0},"end":{"line":134,"column":22}}},"fnMap":{"0":{"name":"(anonymous_1)","decl":{"start":{"line":24,"column":32},"end":{"line":24,"column":33}},"loc":{"start":{"line":30,"column":5},"end":{"line":132,"column":1}}},"1":{"name":"(anonymous_2)","decl":{"start":{"line":42,"column":31},"end":{"line":42,"column":32}},"loc":{"start":{"line":42,"column":52},"end":{"line":45,"column":3}}},"2":{"name":"(anonymous_3)","decl":{"start":{"line":47,"column":24},"end":{"line":47,"column":27}},"loc":{"start":{"line":47,"column":29},"end":{"line":49,"column":3}}},"3":{"name":"(anonymous_4)","decl":{"start":{"line":48,"column":15},"end":{"line":48,"column":16}},"loc":{"start":{"line":48,"column":26},"end":{"line":48,"column":73}}},"4":{"name":"(anonymous_5)","decl":{"start":{"line":74,"column":26},"end":{"line":74,"column":29}},"loc":{"start":{"line":74,"column":32},"end":{"line":74,"column":47}}}},"branchMap":{"0":{"loc":{"start":{"line":28,"column":2},"end":{"line":28,"column":24}},"type":"default-arg","locations":[{"start":{"line":28,"column":19},"end":{"line":28,"column":24}}]},"1":{"loc":{"start":{"line":29,"column":2},"end":{"line":29,"column":18}},"type":"default-arg","locations":[{"start":{"line":29,"column":13},"end":{"line":29,"column":18}}]},"2":{"loc":{"start":{"line":54,"column":8},"end":{"line":54,"column":null}},"type":"cond-expr","locations":[{"start":{"line":54,"column":19},"end":{"line":54,"column":34}},{"start":{"line":54,"column":37},"end":{"line":54,"column":null}}]},"3":{"loc":{"start":{"line":61,"column":11},"end":{"line":69,"column":null}},"type":"binary-expr","locations":[{"start":{"line":61,"column":11},"end":{"line":61,"column":19}},{"start":{"line":61,"column":23},"end":{"line":61,"column":38}},{"start":{"line":62,"column":12},"end":{"line":66,"column":null}}]},"4":{"loc":{"start":{"line":87,"column":11},"end":{"line":90,"column":null}},"type":"binary-expr","locations":[{"start":{"line":87,"column":11},"end":{"line":87,"column":20}},{"start":{"line":87,"column":24},"end":{"line":87,"column":39}},{"start":{"line":88,"column":12},"end":{"line":89,"column":null}}]},"5":{"loc":{"start":{"line":109,"column":7},"end":{"line":128,"column":null}},"type":"binary-expr","locations":[{"start":{"line":109,"column":7},"end":{"line":109,"column":22}},{"start":{"line":110,"column":8},"end":{"line":127,"column":null}}]},"6":{"loc":{"start":{"line":111,"column":11},"end":{"line":114,"column":null}},"type":"binary-expr","locations":[{"start":{"line":111,"column":11},"end":{"line":111,"column":19}},{"start":{"line":112,"column":12},"end":{"line":113,"column":null}}]},"7":{"loc":{"start":{"line":118,"column":11},"end":{"line":126,"column":null}},"type":"binary-expr","locations":[{"start":{"line":118,"column":11},"end":{"line":118,"column":20}},{"start":{"line":119,"column":12},"end":{"line":125,"column":null}}]}},"s":{"0":1,"1":1,"2":1,"3":1,"4":1,"5":1,"6":1,"7":1,"8":1,"9":1,"10":1,"11":1,"12":5,"13":5,"14":5,"15":5,"16":5,"17":0,"18":0,"19":5,"20":0,"21":0,"22":5,"23":0,"24":1},"f":{"0":5,"1":0,"2":0,"3":0,"4":0},"b":{"0":[0],"1":[0],"2":[3,2],"3":[5,0,0],"4":[5,5,3],"5":[5,3],"6":[3,0],"7":[3,3]}}
,"C:\\Users\\USER\\Desktop\\BOOTCAMP-FRONTEND-REACT-NTT\\miniMarket\\src\\components\\modalSuccess\\modalSuccess.tsx": {"path":"C:\\Users\\USER\\Desktop\\BOOTCAMP-FRONTEND-REACT-NTT\\miniMarket\\src\\components\\modalSuccess\\modalSuccess.tsx","statementMap":{"0":{"start":{"line":2,"column":0},"end":{"line":2,"column":45}},"1":{"start":{"line":11,"column":37},"end":{"line":25,"column":1}},"2":{"start":{"line":12,"column":2},"end":{"line":12,"column":27}},"3":{"start":{"line":12,"column":15},"end":{"line":12,"column":27}},"4":{"start":{"line":14,"column":2},"end":{"line":24,"column":4}},"5":{"start":{"line":27,"column":0},"end":{"line":27,"column":28}}},"fnMap":{"0":{"name":"(anonymous_1)","decl":{"start":{"line":11,"column":37},"end":{"line":11,"column":38}},"loc":{"start":{"line":11,"column":78},"end":{"line":25,"column":1}}}},"branchMap":{"0":{"loc":{"start":{"line":12,"column":2},"end":{"line":12,"column":27}},"type":"if","locations":[{"start":{"line":12,"column":2},"end":{"line":12,"column":27}}]}},"s":{"0":2,"1":2,"2":6,"3":6,"4":0,"5":2},"f":{"0":6},"b":{"0":[6]}}
,"C:\\Users\\USER\\Desktop\\BOOTCAMP-FRONTEND-REACT-NTT\\miniMarket\\src\\components\\productCard\\productCard.tsx": {"path":"C:\\Users\\USER\\Desktop\\BOOTCAMP-FRONTEND-REACT-NTT\\miniMarket\\src\\components\\productCard\\productCard.tsx","statementMap":{"0":{"start":{"line":3,"column":0},"end":{"line":3,"column":56}},"1":{"start":{"line":4,"column":0},"end":{"line":4,"column":64}},"2":{"start":{"line":5,"column":0},"end":{"line":5,"column":55}},"3":{"start":{"line":6,"column":0},"end":{"line":6,"column":44}},"4":{"start":{"line":13,"column":42},"end":{"line":37,"column":1}},"5":{"start":{"line":14,"column":4},"end":{"line":36,"column":6}},"6":{"start":{"line":39,"column":0},"end":{"line":39,"column":27}}},"fnMap":{"0":{"name":"(anonymous_1)","decl":{"start":{"line":13,"column":42},"end":{"line":13,"column":43}},"loc":{"start":{"line":13,"column":58},"end":{"line":37,"column":1}}}},"branchMap":{},"s":{"0":3,"1":3,"2":3,"3":3,"4":3,"5":4,"6":3},"f":{"0":4},"b":{}}
,"C:\\Users\\USER\\Desktop\\BOOTCAMP-FRONTEND-REACT-NTT\\miniMarket\\src\\components\\productList\\productList.tsx": {"path":"C:\\Users\\USER\\Desktop\\BOOTCAMP-FRONTEND-REACT-NTT\\miniMarket\\src\\components\\productList\\productList.tsx","statementMap":{"0":{"start":{"line":3,"column":0},"end":{"line":3,"column":53}},"1":{"start":{"line":4,"column":0},"end":{"line":4,"column":54}},"2":{"start":{"line":5,"column":0},"end":{"line":5,"column":45}},"3":{"start":{"line":12,"column":42},"end":{"line":37,"column":1}},"4":{"start":{"line":13,"column":59},"end":{"line":13,"column":96}},"5":{"start":{"line":15,"column":2},"end":{"line":36,"column":4}},"6":{"start":{"line":19,"column":40},"end":{"line":19,"column":70}},"7":{"start":{"line":39,"column":0},"end":{"line":39,"column":27}}},"fnMap":{"0":{"name":"(anonymous_1)","decl":{"start":{"line":12,"column":42},"end":{"line":12,"column":43}},"loc":{"start":{"line":12,"column":73},"end":{"line":37,"column":1}}},"1":{"name":"(anonymous_2)","decl":{"start":{"line":19,"column":27},"end":{"line":19,"column":28}},"loc":{"start":{"line":19,"column":40},"end":{"line":19,"column":70}}}},"branchMap":{"0":{"loc":{"start":{"line":18,"column":9},"end":{"line":21,"column":null}},"type":"cond-expr","locations":[{"start":{"line":19,"column":10},"end":{"line":19,"column":91}},{"start":{"line":21,"column":10},"end":{"line":21,"column":35}}]},"1":{"loc":{"start":{"line":29,"column":16},"end":{"line":29,"column":111}},"type":"cond-expr","locations":[{"start":{"line":29,"column":42},"end":{"line":29,"column":107}},{"start":{"line":29,"column":110},"end":{"line":29,"column":111}}]}},"s":{"0":2,"1":2,"2":2,"3":2,"4":5,"5":5,"6":2,"7":2},"f":{"0":5,"1":2},"b":{"0":[1,4],"1":[1,4]}}
,"C:\\Users\\USER\\Desktop\\BOOTCAMP-FRONTEND-REACT-NTT\\miniMarket\\src\\components\\productMain\\productMain.tsx": {"path":"C:\\Users\\USER\\Desktop\\BOOTCAMP-FRONTEND-REACT-NTT\\miniMarket\\src\\components\\productMain\\productMain.tsx","statementMap":{"0":{"start":{"line":2,"column":0},"end":{"line":2,"column":53}},"1":{"start":{"line":4,"column":0},"end":{"line":4,"column":44}},"2":{"start":{"line":11,"column":42},"end":{"line":17,"column":1}},"3":{"start":{"line":12,"column":2},"end":{"line":16,"column":4}},"4":{"start":{"line":19,"column":0},"end":{"line":19,"column":27}}},"fnMap":{"0":{"name":"(anonymous_1)","decl":{"start":{"line":11,"column":42},"end":{"line":11,"column":43}},"loc":{"start":{"line":11,"column":59},"end":{"line":17,"column":1}}}},"branchMap":{},"s":{"0":1,"1":1,"2":1,"3":3,"4":1},"f":{"0":3},"b":{}}
,"C:\\Users\\USER\\Desktop\\BOOTCAMP-FRONTEND-REACT-NTT\\miniMarket\\src\\components\\searchBar\\searchBar.tsx": {"path":"C:\\Users\\USER\\Desktop\\BOOTCAMP-FRONTEND-REACT-NTT\\miniMarket\\src\\components\\searchBar\\searchBar.tsx","statementMap":{"0":{"start":{"line":1,"column":0},"end":{"line":1,"column":40}},"1":{"start":{"line":2,"column":0},"end":{"line":2,"column":54}},"2":{"start":{"line":3,"column":0},"end":{"line":3,"column":42}},"3":{"start":{"line":10,"column":44},"end":{"line":44,"column":1}},"4":{"start":{"line":11,"column":34},"end":{"line":11,"column":46}},"5":{"start":{"line":12,"column":25},"end":{"line":12,"column":48}},"6":{"start":{"line":14,"column":2},"end":{"line":18,"column":33}},"7":{"start":{"line":15,"column":4},"end":{"line":17,"column":5}},"8":{"start":{"line":16,"column":6},"end":{"line":16,"column":38}},"9":{"start":{"line":21,"column":28},"end":{"line":23,"column":3}},"10":{"start":{"line":22,"column":4},"end":{"line":22,"column":39}},"11":{"start":{"line":26,"column":2},"end":{"line":43,"column":4}},"12":{"start":{"line":46,"column":0},"end":{"line":46,"column":25}}},"fnMap":{"0":{"name":"(anonymous_7)","decl":{"start":{"line":10,"column":44},"end":{"line":10,"column":45}},"loc":{"start":{"line":10,"column":65},"end":{"line":44,"column":1}}},"1":{"name":"(anonymous_8)","decl":{"start":{"line":14,"column":18},"end":{"line":14,"column":21}},"loc":{"start":{"line":14,"column":23},"end":{"line":18,"column":3}}},"2":{"name":"(anonymous_9)","decl":{"start":{"line":21,"column":28},"end":{"line":21,"column":29}},"loc":{"start":{"line":21,"column":75},"end":{"line":23,"column":3}}}},"branchMap":{"0":{"loc":{"start":{"line":15,"column":4},"end":{"line":17,"column":5}},"type":"if","locations":[{"start":{"line":15,"column":4},"end":{"line":17,"column":5}}]}},"s":{"0":1,"1":1,"2":1,"3":1,"4":3,"5":3,"6":3,"7":2,"8":0,"9":3,"10":0,"11":3,"12":1},"f":{"0":3,"1":2,"2":0},"b":{"0":[0]}}
,"C:\\Users\\USER\\Desktop\\BOOTCAMP-FRONTEND-REACT-NTT\\miniMarket\\src\\components\\shared\\button\\button.tsx": {"path":"C:\\Users\\USER\\Desktop\\BOOTCAMP-FRONTEND-REACT-NTT\\miniMarket\\src\\components\\shared\\button\\button.tsx","statementMap":{"0":{"start":{"line":8,"column":45},"end":{"line":25,"column":1}},"1":{"start":{"line":15,"column":2},"end":{"line":24,"column":4}},"2":{"start":{"line":8,"column":13},"end":{"line":8,"column":45}}},"fnMap":{"0":{"name":"(anonymous_0)","decl":{"start":{"line":8,"column":45},"end":{"line":8,"column":46}},"loc":{"start":{"line":14,"column":5},"end":{"line":25,"column":1}}}},"branchMap":{"0":{"loc":{"start":{"line":10,"column":2},"end":{"line":10,"column":16}},"type":"default-arg","locations":[{"start":{"line":10,"column":14},"end":{"line":10,"column":16}}]},"1":{"loc":{"start":{"line":12,"column":2},"end":{"line":12,"column":18}},"type":"default-arg","locations":[{"start":{"line":12,"column":13},"end":{"line":12,"column":18}}]}},"s":{"0":7,"1":27,"2":7},"f":{"0":27},"b":{"0":[2],"1":[27]}}
,"C:\\Users\\USER\\Desktop\\BOOTCAMP-FRONTEND-REACT-NTT\\miniMarket\\src\\components\\shared\\iconButton\\iconButton.tsx": {"path":"C:\\Users\\USER\\Desktop\\BOOTCAMP-FRONTEND-REACT-NTT\\miniMarket\\src\\components\\shared\\iconButton\\iconButton.tsx","statementMap":{"0":{"start":{"line":1,"column":0},"end":{"line":1,"column":40}},"1":{"start":{"line":12,"column":48},"end":{"line":35,"column":3}},"2":{"start":{"line":20,"column":4},"end":{"line":27,"column":5}},"3":{"start":{"line":21,"column":6},"end":{"line":26,"column":8}},"4":{"start":{"line":29,"column":4},"end":{"line":34,"column":6}},"5":{"start":{"line":37,"column":2},"end":{"line":37,"column":28}}},"fnMap":{"0":{"name":"(anonymous_0)","decl":{"start":{"line":12,"column":48},"end":{"line":12,"column":49}},"loc":{"start":{"line":19,"column":7},"end":{"line":35,"column":3}}}},"branchMap":{"0":{"loc":{"start":{"line":20,"column":4},"end":{"line":27,"column":5}},"type":"if","locations":[{"start":{"line":20,"column":4},"end":{"line":27,"column":5}}]}},"s":{"0":3,"1":3,"2":18,"3":13,"4":5,"5":3},"f":{"0":18},"b":{"0":[13]}}
,"C:\\Users\\USER\\Desktop\\BOOTCAMP-FRONTEND-REACT-NTT\\miniMarket\\src\\components\\shared\\input\\input.tsx": {"path":"C:\\Users\\USER\\Desktop\\BOOTCAMP-FRONTEND-REACT-NTT\\miniMarket\\src\\components\\shared\\input\\input.tsx","statementMap":{"0":{"start":{"line":2,"column":0},"end":{"line":2,"column":38}},"1":{"start":{"line":14,"column":36},"end":{"line":36,"column":1}},"2":{"start":{"line":23,"column":2},"end":{"line":35,"column":4}},"3":{"start":{"line":39,"column":0},"end":{"line":39,"column":21}}},"fnMap":{"0":{"name":"(anonymous_1)","decl":{"start":{"line":14,"column":36},"end":{"line":14,"column":37}},"loc":{"start":{"line":22,"column":5},"end":{"line":36,"column":1}}}},"branchMap":{"0":{"loc":{"start":{"line":21,"column":2},"end":{"line":21,"column":16}},"type":"default-arg","locations":[{"start":{"line":21,"column":14},"end":{"line":21,"column":16}}]},"1":{"loc":{"start":{"line":33,"column":7},"end":{"line":33,"column":71}},"type":"binary-expr","locations":[{"start":{"line":33,"column":7},"end":{"line":33,"column":19}},{"start":{"line":33,"column":23},"end":{"line":33,"column":71}}]}},"s":{"0":1,"1":1,"2":2,"3":1},"f":{"0":2},"b":{"0":[0],"1":[2,0]}}
,"C:\\Users\\USER\\Desktop\\BOOTCAMP-FRONTEND-REACT-NTT\\miniMarket\\src\\components\\shared\\modal\\modal.tsx": {"path":"C:\\Users\\USER\\Desktop\\BOOTCAMP-FRONTEND-REACT-NTT\\miniMarket\\src\\components\\shared\\modal\\modal.tsx","statementMap":{"0":{"start":{"line":2,"column":0},"end":{"line":2,"column":38}},"1":{"start":{"line":11,"column":30},"end":{"line":23,"column":1}},"2":{"start":{"line":12,"column":2},"end":{"line":12,"column":30}},"3":{"start":{"line":12,"column":18},"end":{"line":12,"column":30}},"4":{"start":{"line":14,"column":2},"end":{"line":22,"column":4}},"5":{"start":{"line":25,"column":0},"end":{"line":25,"column":21}}},"fnMap":{"0":{"name":"(anonymous_1)","decl":{"start":{"line":11,"column":30},"end":{"line":11,"column":31}},"loc":{"start":{"line":11,"column":74},"end":{"line":23,"column":1}}}},"branchMap":{"0":{"loc":{"start":{"line":12,"column":2},"end":{"line":12,"column":30}},"type":"if","locations":[{"start":{"line":12,"column":2},"end":{"line":12,"column":30}}]}},"s":{"0":1,"1":1,"2":2,"3":2,"4":0,"5":1},"f":{"0":2},"b":{"0":[2]}}
,"C:\\Users\\USER\\Desktop\\BOOTCAMP-FRONTEND-REACT-NTT\\miniMarket\\src\\components\\sidebarMenu\\sidebar.tsx": {"path":"C:\\Users\\USER\\Desktop\\BOOTCAMP-FRONTEND-REACT-NTT\\miniMarket\\src\\components\\sidebarMenu\\sidebar.tsx","statementMap":{"0":{"start":{"line":1,"column":0},"end":{"line":1,"column":56}},"1":{"start":{"line":2,"column":0},"end":{"line":2,"column":68}},"2":{"start":{"line":3,"column":0},"end":{"line":3,"column":42}},"3":{"start":{"line":4,"column":0},"end":{"line":4,"column":41}},"4":{"start":{"line":5,"column":0},"end":{"line":5,"column":49}},"5":{"start":{"line":14,"column":34},"end":{"line":100,"column":1}},"6":{"start":{"line":20,"column":18},"end":{"line":20,"column":27}},"7":{"start":{"line":21,"column":54},"end":{"line":21,"column":69}},"8":{"start":{"line":22,"column":21},"end":{"line":22,"column":56}},"9":{"start":{"line":24,"column":29},"end":{"line":26,"column":3}},"10":{"start":{"line":25,"column":4},"end":{"line":25,"column":53}},"11":{"start":{"line":25,"column":41},"end":{"line":25,"column":51}},"12":{"start":{"line":28,"column":31},"end":{"line":31,"column":3}},"13":{"start":{"line":29,"column":4},"end":{"line":29,"column":31}},"14":{"start":{"line":30,"column":4},"end":{"line":30,"column":19}},"15":{"start":{"line":33,"column":2},"end":{"line":49,"column":29}},"16":{"start":{"line":34,"column":31},"end":{"line":42,"column":5}},"17":{"start":{"line":35,"column":6},"end":{"line":41,"column":7}},"18":{"start":{"line":40,"column":8},"end":{"line":40,"column":23}},"19":{"start":{"line":44,"column":4},"end":{"line":44,"column":63}},"20":{"start":{"line":46,"column":4},"end":{"line":48,"column":6}},"21":{"start":{"line":47,"column":6},"end":{"line":47,"column":68}},"22":{"start":{"line":51,"column":2},"end":{"line":99,"column":4}},"23":{"start":{"line":68,"column":26},"end":{"line":68,"column":45}},"24":{"start":{"line":79,"column":14},"end":{"line":79,"column":34}},"25":{"start":{"line":80,"column":14},"end":{"line":80,"column":35}},"26":{"start":{"line":102,"column":0},"end":{"line":102,"column":23}}},"fnMap":{"0":{"name":"(anonymous_1)","decl":{"start":{"line":14,"column":34},"end":{"line":14,"column":35}},"loc":{"start":{"line":19,"column":5},"end":{"line":100,"column":1}}},"1":{"name":"(anonymous_2)","decl":{"start":{"line":24,"column":29},"end":{"line":24,"column":32}},"loc":{"start":{"line":24,"column":34},"end":{"line":26,"column":3}}},"2":{"name":"(anonymous_3)","decl":{"start":{"line":25,"column":26},"end":{"line":25,"column":27}},"loc":{"start":{"line":25,"column":41},"end":{"line":25,"column":51}}},"3":{"name":"(anonymous_4)","decl":{"start":{"line":28,"column":31},"end":{"line":28,"column":32}},"loc":{"start":{"line":28,"column":52},"end":{"line":31,"column":3}}},"4":{"name":"(anonymous_5)","decl":{"start":{"line":33,"column":12},"end":{"line":33,"column":15}},"loc":{"start":{"line":33,"column":17},"end":{"line":49,"column":3}}},"5":{"name":"(anonymous_6)","decl":{"start":{"line":34,"column":31},"end":{"line":34,"column":32}},"loc":{"start":{"line":34,"column":53},"end":{"line":42,"column":5}}},"6":{"name":"(anonymous_7)","decl":{"start":{"line":46,"column":11},"end":{"line":46,"column":14}},"loc":{"start":{"line":46,"column":16},"end":{"line":48,"column":5}}},"7":{"name":"(anonymous_8)","decl":{"start":{"line":68,"column":19},"end":{"line":68,"column":20}},"loc":{"start":{"line":68,"column":26},"end":{"line":68,"column":45}}},"8":{"name":"(anonymous_9)","decl":{"start":{"line":78,"column":21},"end":{"line":78,"column":22}},"loc":{"start":{"line":78,"column":27},"end":{"line":81,"column":13}}}},"branchMap":{"0":{"loc":{"start":{"line":35,"column":6},"end":{"line":41,"column":7}},"type":"if","locations":[{"start":{"line":35,"column":6},"end":{"line":41,"column":7}}]},"1":{"loc":{"start":{"line":36,"column":8},"end":{"line":38,"column":14}},"type":"binary-expr","locations":[{"start":{"line":36,"column":8},"end":{"line":36,"column":26}},{"start":{"line":37,"column":8},"end":{"line":37,"column":58}},{"start":{"line":38,"column":8},"end":{"line":38,"column":14}}]},"2":{"loc":{"start":{"line":54,"column":7},"end":{"line":58,"column":null}},"type":"binary-expr","locations":[{"start":{"line":54,"column":7},"end":{"line":54,"column":13}},{"start":{"line":55,"column":8},"end":{"line":57,"column":null}}]},"3":{"loc":{"start":{"line":56,"column":41},"end":{"line":56,"column":75}},"type":"cond-expr","locations":[{"start":{"line":56,"column":50},"end":{"line":56,"column":60}},{"start":{"line":56,"column":63},"end":{"line":56,"column":75}}]},"4":{"loc":{"start":{"line":63,"column":39},"end":{"line":63,"column":63}},"type":"cond-expr","locations":[{"start":{"line":63,"column":48},"end":{"line":63,"column":58}},{"start":{"line":63,"column":61},"end":{"line":63,"column":63}}]},"5":{"loc":{"start":{"line":85,"column":11},"end":{"line":94,"column":null}},"type":"binary-expr","locations":[{"start":{"line":85,"column":11},"end":{"line":85,"column":29}},{"start":{"line":86,"column":12},"end":{"line":93,"column":null}}]}},"s":{"0":1,"1":1,"2":1,"3":1,"4":1,"5":1,"6":5,"7":5,"8":5,"9":5,"10":0,"11":0,"12":5,"13":0,"14":0,"15":5,"16":5,"17":0,"18":0,"19":5,"20":5,"21":5,"22":5,"23":0,"24":0,"25":0,"26":1},"f":{"0":5,"1":0,"2":0,"3":0,"4":5,"5":0,"6":5,"7":0,"8":0},"b":{"0":[0],"1":[0,0,0],"2":[5,0],"3":[0,0],"4":[0,5],"5":[5,0]}}
,"C:\\Users\\USER\\Desktop\\BOOTCAMP-FRONTEND-REACT-NTT\\miniMarket\\src\\constants\\regexValidators.ts": {"path":"C:\\Users\\USER\\Desktop\\BOOTCAMP-FRONTEND-REACT-NTT\\miniMarket\\src\\constants\\regexValidators.ts","statementMap":{"0":{"start":{"line":2,"column":13},"end":{"line":2,"column":53}},"1":{"start":{"line":3,"column":13},"end":{"line":3,"column":38}},"2":{"start":{"line":4,"column":13},"end":{"line":4,"column":55}}},"fnMap":{},"branchMap":{},"s":{"0":3,"1":3,"2":3},"f":{},"b":{}}
,"C:\\Users\\USER\\Desktop\\BOOTCAMP-FRONTEND-REACT-NTT\\miniMarket\\src\\constants\\routes.ts": {"path":"C:\\Users\\USER\\Desktop\\BOOTCAMP-FRONTEND-REACT-NTT\\miniMarket\\src\\constants\\routes.ts","statementMap":{"0":{"start":{"line":1,"column":0},"end":{"line":1,"column":null}},"1":{"start":{"line":2,"column":4},"end":{"line":2,"column":null}},"2":{"start":{"line":3,"column":4},"end":{"line":3,"column":null}},"3":{"start":{"line":4,"column":4},"end":{"line":4,"column":null}},"4":{"start":{"line":5,"column":4},"end":{"line":5,"column":null}}},"fnMap":{"0":{"name":"(anonymous_0)","decl":{"start":{"line":1,"column":0},"end":{"line":1,"column":12}},"loc":{"start":{"line":1,"column":21},"end":{"line":6,"column":1}}}},"branchMap":{"0":{"loc":{"start":{"line":1,"column":12},"end":{"line":1,"column":null}},"type":"binary-expr","locations":[{"start":{"line":1,"column":12},"end":{"line":1,"column":21}},{"start":{"line":1,"column":21},"end":{"line":1,"column":null}}]}},"s":{"0":7,"1":7,"2":7,"3":7,"4":7},"f":{"0":7},"b":{"0":[7,7]}}
,"C:\\Users\\USER\\Desktop\\BOOTCAMP-FRONTEND-REACT-NTT\\miniMarket\\src\\context\\auth\\authAction.ts": {"path":"C:\\Users\\USER\\Desktop\\BOOTCAMP-FRONTEND-REACT-NTT\\miniMarket\\src\\context\\auth\\authAction.ts","statementMap":{"0":{"start":{"line":4,"column":28},"end":{"line":7,"column":2}},"1":{"start":{"line":4,"column":60},"end":{"line":7,"column":2}},"2":{"start":{"line":4,"column":13},"end":{"line":4,"column":28}},"3":{"start":{"line":9,"column":28},"end":{"line":11,"column":2}},"4":{"start":{"line":9,"column":47},"end":{"line":11,"column":2}},"5":{"start":{"line":9,"column":13},"end":{"line":9,"column":28}}},"fnMap":{"0":{"name":"(anonymous_0)","decl":{"start":{"line":4,"column":28},"end":{"line":4,"column":29}},"loc":{"start":{"line":4,"column":60},"end":{"line":7,"column":2}}},"1":{"name":"(anonymous_1)","decl":{"start":{"line":9,"column":28},"end":{"line":9,"column":43}},"loc":{"start":{"line":9,"column":47},"end":{"line":11,"column":2}}}},"branchMap":{},"s":{"0":3,"1":0,"2":3,"3":3,"4":0,"5":3},"f":{"0":0,"1":0},"b":{}}
,"C:\\Users\\USER\\Desktop\\BOOTCAMP-FRONTEND-REACT-NTT\\miniMarket\\src\\context\\auth\\authContext.tsx": {"path":"C:\\Users\\USER\\Desktop\\BOOTCAMP-FRONTEND-REACT-NTT\\miniMarket\\src\\context\\auth\\authContext.tsx","statementMap":{"0":{"start":{"line":1,"column":0},"end":{"line":1,"column":79}},"1":{"start":{"line":2,"column":0},"end":{"line":2,"column":62}},"2":{"start":{"line":4,"column":0},"end":{"line":4,"column":58}},"3":{"start":{"line":5,"column":0},"end":{"line":5,"column":44}},"4":{"start":{"line":14,"column":13},"end":{"line":14,"column":82}},"5":{"start":{"line":16,"column":28},"end":{"line":50,"column":1}},"6":{"start":{"line":17,"column":71},"end":{"line":17,"column":120}},"7":{"start":{"line":18,"column":69},"end":{"line":18,"column":117}},"8":{"start":{"line":20,"column":28},"end":{"line":20,"column":69}},"9":{"start":{"line":22,"column":2},"end":{"line":29,"column":32}},"10":{"start":{"line":23,"column":4},"end":{"line":28,"column":5}},"11":{"start":{"line":24,"column":6},"end":{"line":27,"column":9}},"12":{"start":{"line":31,"column":2},"end":{"line":39,"column":63}},"13":{"start":{"line":32,"column":4},"end":{"line":38,"column":5}},"14":{"start":{"line":33,"column":6},"end":{"line":33,"column":34}},"15":{"start":{"line":34,"column":6},"end":{"line":34,"column":48}},"16":{"start":{"line":36,"column":6},"end":{"line":36,"column":27}},"17":{"start":{"line":37,"column":6},"end":{"line":37,"column":26}},"18":{"start":{"line":41,"column":17},"end":{"line":43,"column":3}},"19":{"start":{"line":42,"column":4},"end":{"line":42,"column":29}},"20":{"start":{"line":45,"column":2},"end":{"line":49,"column":4}},"21":{"start":{"line":16,"column":13},"end":{"line":16,"column":28}}},"fnMap":{"0":{"name":"(anonymous_0)","decl":{"start":{"line":16,"column":28},"end":{"line":16,"column":29}},"loc":{"start":{"line":16,"column":70},"end":{"line":50,"column":1}}},"1":{"name":"(anonymous_1)","decl":{"start":{"line":22,"column":12},"end":{"line":22,"column":15}},"loc":{"start":{"line":22,"column":17},"end":{"line":29,"column":3}}},"2":{"name":"(anonymous_2)","decl":{"start":{"line":31,"column":12},"end":{"line":31,"column":15}},"loc":{"start":{"line":31,"column":17},"end":{"line":39,"column":3}}},"3":{"name":"(anonymous_3)","decl":{"start":{"line":41,"column":17},"end":{"line":41,"column":20}},"loc":{"start":{"line":41,"column":22},"end":{"line":43,"column":3}}}},"branchMap":{"0":{"loc":{"start":{"line":23,"column":4},"end":{"line":28,"column":5}},"type":"if","locations":[{"start":{"line":23,"column":4},"end":{"line":28,"column":5}}]},"1":{"loc":{"start":{"line":23,"column":8},"end":{"line":23,"column":33}},"type":"binary-expr","locations":[{"start":{"line":23,"column":8},"end":{"line":23,"column":19}},{"start":{"line":23,"column":23},"end":{"line":23,"column":33}}]},"2":{"loc":{"start":{"line":32,"column":4},"end":{"line":38,"column":5}},"type":"if","locations":[{"start":{"line":32,"column":4},"end":{"line":38,"column":5}},{"start":{"line":35,"column":11},"end":{"line":38,"column":5}}]},"3":{"loc":{"start":{"line":32,"column":8},"end":{"line":32,"column":33}},"type":"binary-expr","locations":[{"start":{"line":32,"column":8},"end":{"line":32,"column":19}},{"start":{"line":32,"column":23},"end":{"line":32,"column":33}}]}},"s":{"0":3,"1":3,"2":3,"3":3,"4":3,"5":3,"6":8,"7":8,"8":8,"9":8,"10":5,"11":2,"12":8,"13":8,"14":2,"15":2,"16":6,"17":6,"18":8,"19":0,"20":8,"21":3},"f":{"0":8,"1":5,"2":8,"3":0},"b":{"0":[2],"1":[5,2],"2":[2,6],"3":[8,2]}}
,"C:\\Users\\USER\\Desktop\\BOOTCAMP-FRONTEND-REACT-NTT\\miniMarket\\src\\context\\auth\\authReducer.ts": {"path":"C:\\Users\\USER\\Desktop\\BOOTCAMP-FRONTEND-REACT-NTT\\miniMarket\\src\\context\\auth\\authReducer.ts","statementMap":{"0":{"start":{"line":3,"column":13},"end":{"line":6,"column":2}},"1":{"start":{"line":8,"column":27},"end":{"line":20,"column":1}},"2":{"start":{"line":9,"column":2},"end":{"line":19,"column":3}},"3":{"start":{"line":11,"column":6},"end":{"line":14,"column":8}},"4":{"start":{"line":16,"column":6},"end":{"line":16,"column":30}},"5":{"start":{"line":18,"column":6},"end":{"line":18,"column":19}},"6":{"start":{"line":8,"column":13},"end":{"line":8,"column":27}}},"fnMap":{"0":{"name":"(anonymous_0)","decl":{"start":{"line":8,"column":27},"end":{"line":8,"column":29}},"loc":{"start":{"line":8,"column":80},"end":{"line":20,"column":1}}}},"branchMap":{"0":{"loc":{"start":{"line":9,"column":2},"end":{"line":19,"column":3}},"type":"switch","locations":[{"start":{"line":10,"column":4},"end":{"line":14,"column":8}},{"start":{"line":15,"column":4},"end":{"line":16,"column":30}},{"start":{"line":17,"column":4},"end":{"line":18,"column":19}}]},"1":{"loc":{"start":{"line":12,"column":14},"end":{"line":12,"column":41}},"type":"binary-expr","locations":[{"start":{"line":12,"column":14},"end":{"line":12,"column":33}},{"start":{"line":12,"column":37},"end":{"line":12,"column":41}}]},"2":{"loc":{"start":{"line":13,"column":15},"end":{"line":13,"column":43}},"type":"binary-expr","locations":[{"start":{"line":13,"column":15},"end":{"line":13,"column":35}},{"start":{"line":13,"column":39},"end":{"line":13,"column":43}}]}},"s":{"0":3,"1":3,"2":3,"3":2,"4":1,"5":0,"6":3},"f":{"0":3},"b":{"0":[2,1,0],"1":[2,0],"2":[2,0]}}
,"C:\\Users\\USER\\Desktop\\BOOTCAMP-FRONTEND-REACT-NTT\\miniMarket\\src\\context\\cart\\cartAction.ts": {"path":"C:\\Users\\USER\\Desktop\\BOOTCAMP-FRONTEND-REACT-NTT\\miniMarket\\src\\context\\cart\\cartAction.ts","statementMap":{"0":{"start":{"line":1,"column":0},"end":{"line":1,"column":60}},"1":{"start":{"line":4,"column":30},"end":{"line":38,"column":1}},"2":{"start":{"line":5,"column":16},"end":{"line":5,"column":30}},"3":{"start":{"line":6,"column":19},"end":{"line":6,"column":36}},"4":{"start":{"line":8,"column":15},"end":{"line":8,"column":31}},"5":{"start":{"line":10,"column":20},"end":{"line":12,"column":3}},"6":{"start":{"line":11,"column":4},"end":{"line":11,"column":56}},"7":{"start":{"line":14,"column":25},"end":{"line":16,"column":3}},"8":{"start":{"line":15,"column":4},"end":{"line":15,"column":67}},"9":{"start":{"line":18,"column":28},"end":{"line":20,"column":3}},"10":{"start":{"line":19,"column":4},"end":{"line":19,"column":60}},"11":{"start":{"line":22,"column":28},"end":{"line":24,"column":3}},"12":{"start":{"line":23,"column":4},"end":{"line":23,"column":60}},"13":{"start":{"line":26,"column":20},"end":{"line":28,"column":3}},"14":{"start":{"line":27,"column":4},"end":{"line":27,"column":37}},"15":{"start":{"line":30,"column":2},"end":{"line":37,"column":4}},"16":{"start":{"line":4,"column":13},"end":{"line":4,"column":30}}},"fnMap":{"0":{"name":"(anonymous_0)","decl":{"start":{"line":4,"column":30},"end":{"line":4,"column":33}},"loc":{"start":{"line":4,"column":35},"end":{"line":38,"column":1}}},"1":{"name":"(anonymous_1)","decl":{"start":{"line":10,"column":20},"end":{"line":10,"column":21}},"loc":{"start":{"line":10,"column":45},"end":{"line":12,"column":3}}},"2":{"name":"(anonymous_2)","decl":{"start":{"line":14,"column":25},"end":{"line":14,"column":26}},"loc":{"start":{"line":14,"column":47},"end":{"line":16,"column":3}}},"3":{"name":"(anonymous_3)","decl":{"start":{"line":18,"column":28},"end":{"line":18,"column":29}},"loc":{"start":{"line":18,"column":50},"end":{"line":20,"column":3}}},"4":{"name":"(anonymous_4)","decl":{"start":{"line":22,"column":28},"end":{"line":22,"column":29}},"loc":{"start":{"line":22,"column":50},"end":{"line":24,"column":3}}},"5":{"name":"(anonymous_5)","decl":{"start":{"line":26,"column":20},"end":{"line":26,"column":23}},"loc":{"start":{"line":26,"column":25},"end":{"line":28,"column":3}}}},"branchMap":{"0":{"loc":{"start":{"line":8,"column":15},"end":{"line":8,"column":31}},"type":"binary-expr","locations":[{"start":{"line":8,"column":15},"end":{"line":8,"column":25}},{"start":{"line":8,"column":29},"end":{"line":8,"column":31}}]}},"s":{"0":4,"1":4,"2":9,"3":9,"4":9,"5":9,"6":0,"7":9,"8":0,"9":9,"10":0,"11":9,"12":0,"13":9,"14":0,"15":9,"16":4},"f":{"0":9,"1":0,"2":0,"3":0,"4":0,"5":0},"b":{"0":[9,0]}}
,"C:\\Users\\USER\\Desktop\\BOOTCAMP-FRONTEND-REACT-NTT\\miniMarket\\src\\context\\cart\\cartContext.tsx": {"path":"C:\\Users\\USER\\Desktop\\BOOTCAMP-FRONTEND-REACT-NTT\\miniMarket\\src\\context\\cart\\cartContext.tsx","statementMap":{"0":{"start":{"line":1,"column":0},"end":{"line":1,"column":80}},"1":{"start":{"line":3,"column":0},"end":{"line":3,"column":44}},"2":{"start":{"line":4,"column":0},"end":{"line":4,"column":58}},"3":{"start":{"line":7,"column":13},"end":{"line":7,"column":80}},"4":{"start":{"line":8,"column":13},"end":{"line":8,"column":86}},"5":{"start":{"line":14,"column":36},"end":{"line":14,"column":48}},"6":{"start":{"line":16,"column":57},"end":{"line":37,"column":1}},"7":{"start":{"line":17,"column":69},"end":{"line":19,"column":null}},"8":{"start":{"line":22,"column":23},"end":{"line":22,"column":53}},"9":{"start":{"line":24,"column":28},"end":{"line":24,"column":65}},"10":{"start":{"line":26,"column":2},"end":{"line":28,"column":29}},"11":{"start":{"line":27,"column":4},"end":{"line":27,"column":25}},"12":{"start":{"line":30,"column":2},"end":{"line":36,"column":4}},"13":{"start":{"line":16,"column":13},"end":{"line":16,"column":57}}},"fnMap":{"0":{"name":"(anonymous_0)","decl":{"start":{"line":16,"column":57},"end":{"line":16,"column":58}},"loc":{"start":{"line":16,"column":74},"end":{"line":37,"column":1}}},"1":{"name":"(anonymous_1)","decl":{"start":{"line":26,"column":12},"end":{"line":26,"column":15}},"loc":{"start":{"line":26,"column":17},"end":{"line":28,"column":3}}}},"branchMap":{"0":{"loc":{"start":{"line":22,"column":23},"end":{"line":22,"column":53}},"type":"binary-expr","locations":[{"start":{"line":22,"column":23},"end":{"line":22,"column":33}},{"start":{"line":22,"column":37},"end":{"line":22,"column":53}}]}},"s":{"0":11,"1":11,"2":11,"3":11,"4":11,"5":11,"6":11,"7":27,"8":27,"9":27,"10":27,"11":25,"12":27,"13":11},"f":{"0":27,"1":25},"b":{"0":[27,0]}}
,"C:\\Users\\USER\\Desktop\\BOOTCAMP-FRONTEND-REACT-NTT\\miniMarket\\src\\context\\cart\\cartHooks.ts": {"path":"C:\\Users\\USER\\Desktop\\BOOTCAMP-FRONTEND-REACT-NTT\\miniMarket\\src\\context\\cart\\cartHooks.ts","statementMap":{"0":{"start":{"line":1,"column":0},"end":{"line":1,"column":35}},"1":{"start":{"line":3,"column":0},"end":{"line":3,"column":70}},"2":{"start":{"line":6,"column":28},"end":{"line":12,"column":1}},"3":{"start":{"line":7,"column":18},"end":{"line":7,"column":46}},"4":{"start":{"line":8,"column":2},"end":{"line":10,"column":3}},"5":{"start":{"line":9,"column":4},"end":{"line":9,"column":71}},"6":{"start":{"line":11,"column":2},"end":{"line":11,"column":17}},"7":{"start":{"line":6,"column":13},"end":{"line":6,"column":28}},"8":{"start":{"line":14,"column":31},"end":{"line":20,"column":1}},"9":{"start":{"line":15,"column":18},"end":{"line":15,"column":49}},"10":{"start":{"line":16,"column":2},"end":{"line":18,"column":3}},"11":{"start":{"line":17,"column":4},"end":{"line":17,"column":74}},"12":{"start":{"line":19,"column":2},"end":{"line":19,"column":17}},"13":{"start":{"line":14,"column":13},"end":{"line":14,"column":31}}},"fnMap":{"0":{"name":"(anonymous_0)","decl":{"start":{"line":6,"column":28},"end":{"line":6,"column":42}},"loc":{"start":{"line":6,"column":44},"end":{"line":12,"column":1}}},"1":{"name":"(anonymous_1)","decl":{"start":{"line":14,"column":31},"end":{"line":14,"column":48}},"loc":{"start":{"line":14,"column":50},"end":{"line":20,"column":1}}}},"branchMap":{"0":{"loc":{"start":{"line":8,"column":2},"end":{"line":10,"column":3}},"type":"if","locations":[{"start":{"line":8,"column":2},"end":{"line":10,"column":3}}]},"1":{"loc":{"start":{"line":16,"column":2},"end":{"line":18,"column":3}},"type":"if","locations":[{"start":{"line":16,"column":2},"end":{"line":18,"column":3}}]}},"s":{"0":4,"1":4,"2":4,"3":9,"4":9,"5":0,"6":9,"7":4,"8":4,"9":9,"10":9,"11":0,"12":9,"13":4},"f":{"0":9,"1":9},"b":{"0":[0],"1":[0]}}
,"C:\\Users\\USER\\Desktop\\BOOTCAMP-FRONTEND-REACT-NTT\\miniMarket\\src\\context\\cart\\cartReducer.ts": {"path":"C:\\Users\\USER\\Desktop\\BOOTCAMP-FRONTEND-REACT-NTT\\miniMarket\\src\\context\\cart\\cartReducer.ts","statementMap":{"0":{"start":{"line":3,"column":27},"end":{"line":46,"column":1}},"1":{"start":{"line":5,"column":2},"end":{"line":7,"column":3}},"2":{"start":{"line":6,"column":4},"end":{"line":6,"column":29}},"3":{"start":{"line":9,"column":2},"end":{"line":45,"column":3}},"4":{"start":{"line":11,"column":6},"end":{"line":14,"column":8}},"5":{"start":{"line":16,"column":6},"end":{"line":19,"column":8}},"6":{"start":{"line":18,"column":43},"end":{"line":18,"column":82}},"7":{"start":{"line":21,"column":6},"end":{"line":28,"column":8}},"8":{"start":{"line":24,"column":10},"end":{"line":26,"column":21}},"9":{"start":{"line":30,"column":6},"end":{"line":37,"column":8}},"10":{"start":{"line":33,"column":10},"end":{"line":35,"column":21}},"11":{"start":{"line":39,"column":6},"end":{"line":42,"column":8}},"12":{"start":{"line":44,"column":6},"end":{"line":44,"column":45}},"13":{"start":{"line":3,"column":13},"end":{"line":3,"column":27}}},"fnMap":{"0":{"name":"(anonymous_0)","decl":{"start":{"line":3,"column":27},"end":{"line":3,"column":28}},"loc":{"start":{"line":3,"column":79},"end":{"line":46,"column":1}}},"1":{"name":"(anonymous_1)","decl":{"start":{"line":18,"column":32},"end":{"line":18,"column":39}},"loc":{"start":{"line":18,"column":43},"end":{"line":18,"column":82}}},"2":{"name":"(anonymous_2)","decl":{"start":{"line":23,"column":29},"end":{"line":23,"column":36}},"loc":{"start":{"line":24,"column":10},"end":{"line":26,"column":21}}},"3":{"name":"(anonymous_3)","decl":{"start":{"line":32,"column":29},"end":{"line":32,"column":36}},"loc":{"start":{"line":33,"column":10},"end":{"line":35,"column":21}}}},"branchMap":{"0":{"loc":{"start":{"line":5,"column":2},"end":{"line":7,"column":3}},"type":"if","locations":[{"start":{"line":5,"column":2},"end":{"line":7,"column":3}}]},"1":{"loc":{"start":{"line":9,"column":2},"end":{"line":45,"column":3}},"type":"switch","locations":[{"start":{"line":10,"column":4},"end":{"line":14,"column":8}},{"start":{"line":15,"column":4},"end":{"line":19,"column":8}},{"start":{"line":20,"column":4},"end":{"line":28,"column":8}},{"start":{"line":29,"column":4},"end":{"line":37,"column":8}},{"start":{"line":38,"column":6},"end":{"line":42,"column":8}},{"start":{"line":43,"column":4},"end":{"line":44,"column":45}}]},"2":{"loc":{"start":{"line":24,"column":10},"end":{"line":26,"column":21}},"type":"cond-expr","locations":[{"start":{"line":25,"column":14},"end":{"line":25,"column":60}},{"start":{"line":26,"column":14},"end":{"line":26,"column":21}}]},"3":{"loc":{"start":{"line":33,"column":10},"end":{"line":35,"column":21}},"type":"cond-expr","locations":[{"start":{"line":34,"column":14},"end":{"line":34,"column":73}},{"start":{"line":35,"column":14},"end":{"line":35,"column":21}}]}},"s":{"0":12,"1":8,"2":1,"3":7,"4":2,"5":2,"6":2,"7":1,"8":1,"9":1,"10":1,"11":1,"12":0,"13":12},"f":{"0":8,"1":2,"2":1,"3":1},"b":{"0":[1],"1":[2,2,1,1,1,0],"2":[1,0],"3":[1,0]}}
,"C:\\Users\\USER\\Desktop\\BOOTCAMP-FRONTEND-REACT-NTT\\miniMarket\\src\\domain\\productApiResponse.ts": {"path":"C:\\Users\\USER\\Desktop\\BOOTCAMP-FRONTEND-REACT-NTT\\miniMarket\\src\\domain\\productApiResponse.ts","statementMap":{"0":{"start":{"line":34,"column":0},"end":{"line":34,"column":null}},"1":{"start":{"line":35,"column":4},"end":{"line":35,"column":null}},"2":{"start":{"line":36,"column":4},"end":{"line":36,"column":null}},"3":{"start":{"line":52,"column":0},"end":{"line":52,"column":null}},"4":{"start":{"line":53,"column":4},"end":{"line":53,"column":null}},"5":{"start":{"line":54,"column":4},"end":{"line":54,"column":null}},"6":{"start":{"line":55,"column":4},"end":{"line":55,"column":null}},"7":{"start":{"line":56,"column":4},"end":{"line":56,"column":null}},"8":{"start":{"line":57,"column":4},"end":{"line":57,"column":null}}},"fnMap":{"0":{"name":"(anonymous_0)","decl":{"start":{"line":34,"column":0},"end":{"line":34,"column":12}},"loc":{"start":{"line":34,"column":30},"end":{"line":37,"column":1}}},"1":{"name":"(anonymous_1)","decl":{"start":{"line":52,"column":0},"end":{"line":52,"column":12}},"loc":{"start":{"line":52,"column":24},"end":{"line":58,"column":1}}}},"branchMap":{"0":{"loc":{"start":{"line":34,"column":12},"end":{"line":34,"column":null}},"type":"binary-expr","locations":[{"start":{"line":34,"column":12},"end":{"line":34,"column":30}},{"start":{"line":34,"column":30},"end":{"line":34,"column":null}}]},"1":{"loc":{"start":{"line":52,"column":12},"end":{"line":52,"column":null}},"type":"binary-expr","locations":[{"start":{"line":52,"column":12},"end":{"line":52,"column":24}},{"start":{"line":52,"column":24},"end":{"line":52,"column":null}}]}},"s":{"0":2,"1":2,"2":2,"3":2,"4":2,"5":2,"6":2,"7":2,"8":2},"f":{"0":2,"1":2},"b":{"0":[2,2],"1":[2,2]}}
,"C:\\Users\\USER\\Desktop\\BOOTCAMP-FRONTEND-REACT-NTT\\miniMarket\\src\\hooks\\useAuth.ts": {"path":"C:\\Users\\USER\\Desktop\\BOOTCAMP-FRONTEND-REACT-NTT\\miniMarket\\src\\hooks\\useAuth.ts","statementMap":{"0":{"start":{"line":1,"column":0},"end":{"line":1,"column":35}},"1":{"start":{"line":2,"column":0},"end":{"line":2,"column":57}},"2":{"start":{"line":4,"column":23},"end":{"line":10,"column":1}},"3":{"start":{"line":5,"column":18},"end":{"line":5,"column":41}},"4":{"start":{"line":6,"column":2},"end":{"line":8,"column":3}},"5":{"start":{"line":7,"column":4},"end":{"line":7,"column":64}},"6":{"start":{"line":9,"column":2},"end":{"line":9,"column":17}},"7":{"start":{"line":4,"column":13},"end":{"line":4,"column":23}}},"fnMap":{"0":{"name":"(anonymous_0)","decl":{"start":{"line":4,"column":23},"end":{"line":4,"column":26}},"loc":{"start":{"line":4,"column":28},"end":{"line":10,"column":1}}}},"branchMap":{"0":{"loc":{"start":{"line":6,"column":2},"end":{"line":8,"column":3}},"type":"if","locations":[{"start":{"line":6,"column":2},"end":{"line":8,"column":3}}]}},"s":{"0":2,"1":2,"2":2,"3":16,"4":16,"5":0,"6":16,"7":2},"f":{"0":16},"b":{"0":[0]}}
,"C:\\Users\\USER\\Desktop\\BOOTCAMP-FRONTEND-REACT-NTT\\miniMarket\\src\\hooks\\useCart.ts": {"path":"C:\\Users\\USER\\Desktop\\BOOTCAMP-FRONTEND-REACT-NTT\\miniMarket\\src\\hooks\\useCart.ts","statementMap":{"0":{"start":{"line":1,"column":0},"end":{"line":1,"column":35}},"1":{"start":{"line":2,"column":0},"end":{"line":2,"column":null}},"2":{"start":{"line":7,"column":23},"end":{"line":21,"column":1}},"3":{"start":{"line":8,"column":23},"end":{"line":8,"column":51}},"4":{"start":{"line":9,"column":26},"end":{"line":9,"column":57}},"5":{"start":{"line":11,"column":2},"end":{"line":13,"column":3}},"6":{"start":{"line":12,"column":4},"end":{"line":12,"column":66}},"7":{"start":{"line":15,"column":19},"end":{"line":15,"column":31}},"8":{"start":{"line":18,"column":4},"end":{"line":18,"column":70}},"9":{"start":{"line":18,"column":37},"end":{"line":18,"column":61}},"10":{"start":{"line":20,"column":2},"end":{"line":20,"column":71}},"11":{"start":{"line":7,"column":13},"end":{"line":7,"column":23}}},"fnMap":{"0":{"name":"(anonymous_0)","decl":{"start":{"line":7,"column":23},"end":{"line":7,"column":26}},"loc":{"start":{"line":7,"column":28},"end":{"line":21,"column":1}}},"1":{"name":"(anonymous_1)","decl":{"start":{"line":18,"column":17},"end":{"line":18,"column":18}},"loc":{"start":{"line":18,"column":37},"end":{"line":18,"column":61}}}},"branchMap":{"0":{"loc":{"start":{"line":11,"column":2},"end":{"line":13,"column":3}},"type":"if","locations":[{"start":{"line":11,"column":2},"end":{"line":13,"column":3}}]},"1":{"loc":{"start":{"line":11,"column":6},"end":{"line":11,"column":39}},"type":"binary-expr","locations":[{"start":{"line":11,"column":6},"end":{"line":11,"column":19}},{"start":{"line":11,"column":23},"end":{"line":11,"column":39}}]},"2":{"loc":{"start":{"line":18,"column":4},"end":{"line":18,"column":70}},"type":"binary-expr","locations":[{"start":{"line":18,"column":4},"end":{"line":18,"column":65}},{"start":{"line":18,"column":69},"end":{"line":18,"column":70}}]}},"s":{"0":2,"1":2,"2":2,"3":10,"4":10,"5":10,"6":4,"7":6,"8":6,"9":2,"10":6,"11":2},"f":{"0":10,"1":2},"b":{"0":[4],"1":[10,6],"2":[6,5]}}
,"C:\\Users\\USER\\Desktop\\BOOTCAMP-FRONTEND-REACT-NTT\\miniMarket\\src\\hooks\\useCategories.ts": {"path":"C:\\Users\\USER\\Desktop\\BOOTCAMP-FRONTEND-REACT-NTT\\miniMarket\\src\\hooks\\useCategories.ts","statementMap":{"0":{"start":{"line":1,"column":0},"end":{"line":1,"column":44}},"1":{"start":{"line":2,"column":0},"end":{"line":2,"column":59}},"2":{"start":{"line":4,"column":25},"end":{"line":4,"column":61}},"3":{"start":{"line":6,"column":29},"end":{"line":27,"column":1}},"4":{"start":{"line":7,"column":38},"end":{"line":7,"column":100}},"5":{"start":{"line":9,"column":2},"end":{"line":23,"column":9}},"6":{"start":{"line":10,"column":27},"end":{"line":18,"column":5}},"7":{"start":{"line":11,"column":6},"end":{"line":17,"column":7}},"8":{"start":{"line":12,"column":31},"end":{"line":12,"column":54}},"9":{"start":{"line":13,"column":8},"end":{"line":13,"column":61}},"10":{"start":{"line":15,"column":8},"end":{"line":15,"column":58}},"11":{"start":{"line":16,"column":8},"end":{"line":16,"column":42}},"12":{"start":{"line":20,"column":4},"end":{"line":20,"column":21}},"13":{"start":{"line":26,"column":2},"end":{"line":26,"column":59}},"14":{"start":{"line":6,"column":13},"end":{"line":6,"column":29}}},"fnMap":{"0":{"name":"(anonymous_0)","decl":{"start":{"line":6,"column":29},"end":{"line":6,"column":32}},"loc":{"start":{"line":6,"column":34},"end":{"line":27,"column":1}}},"1":{"name":"(anonymous_1)","decl":{"start":{"line":9,"column":12},"end":{"line":9,"column":15}},"loc":{"start":{"line":9,"column":17},"end":{"line":23,"column":3}}},"2":{"name":"(anonymous_2)","decl":{"start":{"line":10,"column":27},"end":{"line":10,"column":32}},"loc":{"start":{"line":10,"column":38},"end":{"line":18,"column":5}}}},"branchMap":{},"s":{"0":2,"1":2,"2":2,"3":2,"4":10,"5":10,"6":4,"7":4,"8":4,"9":3,"10":1,"11":1,"12":4,"13":10,"14":2},"f":{"0":10,"1":4,"2":4},"b":{}}
,"C:\\Users\\USER\\Desktop\\BOOTCAMP-FRONTEND-REACT-NTT\\miniMarket\\src\\hooks\\useDebounce.ts": {"path":"C:\\Users\\USER\\Desktop\\BOOTCAMP-FRONTEND-REACT-NTT\\miniMarket\\src\\hooks\\useDebounce.ts","statementMap":{"0":{"start":{"line":3,"column":0},"end":{"line":3,"column":16}},"1":{"start":{"line":1,"column":0},"end":{"line":1,"column":44}},"2":{"start":{"line":4,"column":46},"end":{"line":4,"column":61}},"3":{"start":{"line":6,"column":2},"end":{"line":9,"column":21}},"4":{"start":{"line":7,"column":20},"end":{"line":7,"column":69}},"5":{"start":{"line":7,"column":37},"end":{"line":7,"column":61}},"6":{"start":{"line":8,"column":4},"end":{"line":8,"column":39}},"7":{"start":{"line":8,"column":17},"end":{"line":8,"column":38}},"8":{"start":{"line":11,"column":2},"end":{"line":11,"column":24}}},"fnMap":{"0":{"name":"useDebounce","decl":{"start":{"line":3,"column":16},"end":{"line":3,"column":27}},"loc":{"start":{"line":3,"column":56},"end":{"line":12,"column":1}}},"1":{"name":"(anonymous_1)","decl":{"start":{"line":6,"column":12},"end":{"line":6,"column":15}},"loc":{"start":{"line":6,"column":17},"end":{"line":9,"column":3}}},"2":{"name":"(anonymous_2)","decl":{"start":{"line":7,"column":31},"end":{"line":7,"column":34}},"loc":{"start":{"line":7,"column":37},"end":{"line":7,"column":61}}},"3":{"name":"(anonymous_3)","decl":{"start":{"line":8,"column":11},"end":{"line":8,"column":14}},"loc":{"start":{"line":8,"column":17},"end":{"line":8,"column":38}}}},"branchMap":{},"s":{"0":2,"1":2,"2":6,"3":6,"4":4,"5":1,"6":4,"7":4,"8":6},"f":{"0":6,"1":4,"2":1,"3":4},"b":{}}
,"C:\\Users\\USER\\Desktop\\BOOTCAMP-FRONTEND-REACT-NTT\\miniMarket\\src\\hooks\\useDistricts.ts": {"path":"C:\\Users\\USER\\Desktop\\BOOTCAMP-FRONTEND-REACT-NTT\\miniMarket\\src\\hooks\\useDistricts.ts","statementMap":{"0":{"start":{"line":1,"column":0},"end":{"line":1,"column":44}},"1":{"start":{"line":8,"column":21},"end":{"line":34,"column":1}},"2":{"start":{"line":9,"column":36},"end":{"line":9,"column":60}},"3":{"start":{"line":10,"column":32},"end":{"line":10,"column":55}},"4":{"start":{"line":11,"column":28},"end":{"line":11,"column":57}},"5":{"start":{"line":13,"column":25},"end":{"line":27,"column":3}},"6":{"start":{"line":14,"column":4},"end":{"line":26,"column":5}},"7":{"start":{"line":15,"column":6},"end":{"line":15,"column":23}},"8":{"start":{"line":16,"column":23},"end":{"line":16,"column":63}},"9":{"start":{"line":17,"column":6},"end":{"line":19,"column":7}},"10":{"start":{"line":18,"column":8},"end":{"line":18,"column":52}},"11":{"start":{"line":20,"column":31},"end":{"line":20,"column":52}},"12":{"start":{"line":21,"column":6},"end":{"line":21,"column":25}},"13":{"start":{"line":22,"column":6},"end":{"line":22,"column":24}},"14":{"start":{"line":24,"column":6},"end":{"line":24,"column":42}},"15":{"start":{"line":25,"column":6},"end":{"line":25,"column":24}},"16":{"start":{"line":29,"column":2},"end":{"line":31,"column":9}},"17":{"start":{"line":30,"column":4},"end":{"line":30,"column":21}},"18":{"start":{"line":33,"column":2},"end":{"line":33,"column":55}},"19":{"start":{"line":36,"column":0},"end":{"line":36,"column":28}}},"fnMap":{"0":{"name":"(anonymous_0)","decl":{"start":{"line":8,"column":21},"end":{"line":8,"column":24}},"loc":{"start":{"line":8,"column":26},"end":{"line":34,"column":1}}},"1":{"name":"(anonymous_1)","decl":{"start":{"line":13,"column":25},"end":{"line":13,"column":30}},"loc":{"start":{"line":13,"column":36},"end":{"line":27,"column":3}}},"2":{"name":"(anonymous_2)","decl":{"start":{"line":29,"column":12},"end":{"line":29,"column":15}},"loc":{"start":{"line":29,"column":17},"end":{"line":31,"column":3}}}},"branchMap":{"0":{"loc":{"start":{"line":17,"column":6},"end":{"line":19,"column":7}},"type":"if","locations":[{"start":{"line":17,"column":6},"end":{"line":19,"column":7}}]}},"s":{"0":2,"1":2,"2":3,"3":3,"4":3,"5":3,"6":1,"7":1,"8":1,"9":0,"10":0,"11":0,"12":0,"13":0,"14":1,"15":1,"16":3,"17":1,"18":3,"19":2},"f":{"0":3,"1":1,"2":1},"b":{"0":[0]}}
,"C:\\Users\\USER\\Desktop\\BOOTCAMP-FRONTEND-REACT-NTT\\miniMarket\\src\\hooks\\useLocalStorage.ts": {"path":"C:\\Users\\USER\\Desktop\\BOOTCAMP-FRONTEND-REACT-NTT\\miniMarket\\src\\hooks\\useLocalStorage.ts","statementMap":{"0":{"start":{"line":8,"column":0},"end":{"line":8,"column":16}},"1":{"start":{"line":1,"column":0},"end":{"line":1,"column":33}},"2":{"start":{"line":9,"column":45},"end":{"line":17,"column":4}},"3":{"start":{"line":10,"column":4},"end":{"line":16,"column":5}},"4":{"start":{"line":11,"column":19},"end":{"line":11,"column":44}},"5":{"start":{"line":12,"column":6},"end":{"line":12,"column":59}},"6":{"start":{"line":14,"column":6},"end":{"line":14,"column":67}},"7":{"start":{"line":15,"column":6},"end":{"line":15,"column":26}},"8":{"start":{"line":19,"column":25},"end":{"line":26,"column":3}},"9":{"start":{"line":20,"column":4},"end":{"line":25,"column":5}},"10":{"start":{"line":21,"column":6},"end":{"line":21,"column":33}},"11":{"start":{"line":22,"column":6},"end":{"line":22,"column":55}},"12":{"start":{"line":24,"column":6},"end":{"line":24,"column":67}},"13":{"start":{"line":28,"column":2},"end":{"line":28,"column":41}}},"fnMap":{"0":{"name":"useLocalStorage","decl":{"start":{"line":8,"column":16},"end":{"line":8,"column":31}},"loc":{"start":{"line":8,"column":63},"end":{"line":29,"column":1}}},"1":{"name":"(anonymous_1)","decl":{"start":{"line":9,"column":57},"end":{"line":9,"column":60}},"loc":{"start":{"line":9,"column":62},"end":{"line":17,"column":3}}},"2":{"name":"(anonymous_2)","decl":{"start":{"line":19,"column":25},"end":{"line":19,"column":26}},"loc":{"start":{"line":19,"column":38},"end":{"line":26,"column":3}}}},"branchMap":{"0":{"loc":{"start":{"line":12,"column":13},"end":{"line":12,"column":58}},"type":"cond-expr","locations":[{"start":{"line":12,"column":21},"end":{"line":12,"column":43}},{"start":{"line":12,"column":46},"end":{"line":12,"column":58}}]}},"s":{"0":14,"1":14,"2":35,"3":26,"4":26,"5":26,"6":0,"7":0,"8":35,"9":32,"10":32,"11":32,"12":0,"13":35},"f":{"0":35,"1":26,"2":32},"b":{"0":[13,13]}}
[...]
,"C:\\Users\\USER\\Desktop\\BOOTCAMP-FRONTEND-REACT-NTT\\miniMarket\\src\\pages\\checkout\\checkout.tsx": {"path":"C:\\Users\\USER\\Desktop\\BOOTCAMP-FRONTEND-REACT-NTT\\miniMarket\\src\\pages\\checkout\\checkout.tsx","statementMap":{"0":{"start":{"line":2,"column":0},"end":{"line":2,"column":62}},"1":{"start":{"line":3,"column":0},"end":{"line":3,"column":52}},"2":{"start":{"line":4,"column":0},"end":{"line":4,"column":70}},"3":{"start":{"line":5,"column":0},"end":{"line":5,"column":52}},"4":{"start":{"line":6,"column":0},"end":{"line":6,"column":58}},"5":{"start":{"line":8,"column":21},"end":{"line":24,"column":1}},"6":{"start":{"line":9,"column":25},"end":{"line":9,"column":40}},"7":{"start":{"line":11,"column":2},"end":{"line":23,"column":4}},"8":{"start":{"line":26,"column":0},"end":{"line":26,"column":24}}},"fnMap":{"0":{"name":"(anonymous_1)","decl":{"start":{"line":8,"column":21},"end":{"line":8,"column":24}},"loc":{"start":{"line":8,"column":26},"end":{"line":24,"column":1}}},"1":{"name":"(anonymous_2)","decl":{"start":{"line":14,"column":20},"end":{"line":14,"column":23}},"loc":{"start":{"line":14,"column":25},"end":{"line":14,"column":28}}},"2":{"name":"(anonymous_3)","decl":{"start":{"line":15,"column":28},"end":{"line":15,"column":31}},"loc":{"start":{"line":15,"column":33},"end":{"line":15,"column":36}}}},"branchMap":{},"s":{"0":2,"1":2,"2":2,"3":2,"4":2,"5":2,"6":5,"7":5,"8":2},"f":{"0":5,"1":0,"2":0},"b":{}}
,"C:\\Users\\USER\\Desktop\\BOOTCAMP-FRONTEND-REACT-NTT\\miniMarket\\src\\pages\\home\\home.tsx": {"path":"C:\\Users\\USER\\Desktop\\BOOTCAMP-FRONTEND-REACT-NTT\\miniMarket\\src\\pages\\home\\home.tsx","statementMap":{"0":{"start":{"line":2,"column":0},"end":{"line":2,"column":52}},"1":{"start":{"line":3,"column":0},"end":{"line":3,"column":52}},"2":{"start":{"line":4,"column":0},"end":{"line":4,"column":63}},"3":{"start":{"line":5,"column":0},"end":{"line":5,"column":62}},"4":{"start":{"line":6,"column":0},"end":{"line":6,"column":58}},"5":{"start":{"line":7,"column":0},"end":{"line":7,"column":64}},"6":{"start":{"line":8,"column":0},"end":{"line":8,"column":50}},"7":{"start":{"line":11,"column":21},"end":{"line":37,"column":1}},"8":{"start":{"line":13,"column":39},"end":{"line":13,"column":52}},"9":{"start":{"line":14,"column":25},"end":{"line":14,"column":40}},"10":{"start":{"line":15,"column":67},"end":{"line":15,"column":93}},"11":{"start":{"line":17,"column":2},"end":{"line":19,"column":3}},"12":{"start":{"line":18,"column":4},"end":{"line":18,"column":33}},"13":{"start":{"line":19,"column":4},"end":{"line":21,"column":3}},"14":{"start":{"line":20,"column":4},"end":{"line":20,"column":30}},"15":{"start":{"line":24,"column":2},"end":{"line":36,"column":4}},"16":{"start":{"line":39,"column":0},"end":{"line":39,"column":24}}},"fnMap":{"0":{"name":"(anonymous_1)","decl":{"start":{"line":11,"column":21},"end":{"line":11,"column":24}},"loc":{"start":{"line":11,"column":26},"end":{"line":37,"column":1}}}},"branchMap":{"0":{"loc":{"start":{"line":17,"column":2},"end":{"line":19,"column":3}},"type":"if","locations":[{"start":{"line":17,"column":2},"end":{"line":19,"column":3}}]},"1":{"loc":{"start":{"line":19,"column":4},"end":{"line":21,"column":3}},"type":"if","locations":[{"start":{"line":19,"column":4},"end":{"line":21,"column":3}}]}},"s":{"0":2,"1":2,"2":2,"3":2,"4":2,"5":2,"6":2,"7":2,"8":8,"9":8,"10":8,"11":8,"12":2,"13":6,"14":1,"15":5,"16":2},"f":{"0":8},"b":{"0":[2],"1":[1]}}
,"C:\\Users\\USER\\Desktop\\BOOTCAMP-FRONTEND-REACT-NTT\\miniMarket\\src\\pages\\login\\login.tsx": {"path":"C:\\Users\\USER\\Desktop\\BOOTCAMP-FRONTEND-REACT-NTT\\miniMarket\\src\\pages\\login\\login.tsx","statementMap":{"0":{"start":{"line":1,"column":0},"end":{"line":1,"column":37}},"1":{"start":{"line":2,"column":0},"end":{"line":2,"column":59}},"2":{"start":{"line":3,"column":0},"end":{"line":3,"column":52}},"3":{"start":{"line":4,"column":0},"end":{"line":4,"column":47}},"4":{"start":{"line":5,"column":0},"end":{"line":5,"column":42}},"5":{"start":{"line":6,"column":0},"end":{"line":6,"column":44}},"6":{"start":{"line":7,"column":0},"end":{"line":7,"column":82}},"7":{"start":{"line":8,"column":0},"end":{"line":8,"column":57}},"8":{"start":{"line":9,"column":0},"end":{"line":9,"column":47}},"9":{"start":{"line":10,"column":0},"end":{"line":10,"column":52}},"10":{"start":{"line":11,"column":0},"end":{"line":11,"column":38}},"11":{"start":{"line":13,"column":22},"end":{"line":132,"column":1}},"12":{"start":{"line":14,"column":34},"end":{"line":14,"column":46}},"13":{"start":{"line":15,"column":34},"end":{"line":15,"column":46}},"14":{"start":{"line":16,"column":44},"end":{"line":16,"column":56}},"15":{"start":{"line":17,"column":44},"end":{"line":17,"column":56}},"16":{"start":{"line":18,"column":42},"end":{"line":18,"column":54}},"17":{"start":{"line":19,"column":28},"end":{"line":19,"column":40}},"18":{"start":{"line":20,"column":52},"end":{"line":20,"column":64}},"19":{"start":{"line":22,"column":101},"end":{"line":22,"column":111}},"20":{"start":{"line":23,"column":107},"end":{"line":23,"column":117}},"21":{"start":{"line":25,"column":19},"end":{"line":25,"column":32}},"22":{"start":{"line":26,"column":23},"end":{"line":26,"column":32}},"23":{"start":{"line":28,"column":22},"end":{"line":58,"column":3}},"24":{"start":{"line":29,"column":4},"end":{"line":29,"column":23}},"25":{"start":{"line":31,"column":4},"end":{"line":31,"column":25}},"26":{"start":{"line":32,"column":4},"end":{"line":32,"column":25}},"27":{"start":{"line":33,"column":4},"end":{"line":33,"column":24}},"28":{"start":{"line":35,"column":52},"end":{"line":35,"column":89}},"29":{"start":{"line":37,"column":4},"end":{"line":41,"column":5}},"30":{"start":{"line":38,"column":6},"end":{"line":38,"column":38}},"31":{"start":{"line":39,"column":6},"end":{"line":39,"column":38}},"32":{"start":{"line":40,"column":6},"end":{"line":40,"column":13}},"33":{"start":{"line":43,"column":4},"end":{"line":57,"column":5}},"34":{"start":{"line":44,"column":23},"end":{"line":44,"column":67}},"35":{"start":{"line":46,"column":6},"end":{"line":54,"column":7}},"36":{"start":{"line":47,"column":8},"end":{"line":50,"column":11}},"37":{"start":{"line":51,"column":8},"end":{"line":51,"column":33}},"38":{"start":{"line":53,"column":8},"end":{"line":53,"column":75}},"39":{"start":{"line":56,"column":6},"end":{"line":56,"column":96}},"40":{"start":{"line":60,"column":30},"end":{"line":70,"column":3}},"41":{"start":{"line":61,"column":4},"end":{"line":64,"column":5}},"42":{"start":{"line":62,"column":6},"end":{"line":62,"column":66}},"43":{"start":{"line":63,"column":6},"end":{"line":63,"column":13}},"44":{"start":{"line":66,"column":4},"end":{"line":66,"column":23}},"45":{"start":{"line":67,"column":4},"end":{"line":67,"column":29}},"46":{"start":{"line":68,"column":4},"end":{"line":68,"column":17}},"47":{"start":{"line":69,"column":4},"end":{"line":69,"column":22}},"48":{"start":{"line":72,"column":2},"end":{"line":131,"column":4}},"49":{"start":{"line":85,"column":27},"end":{"line":85,"column":54}},"50":{"start":{"line":94,"column":27},"end":{"line":94,"column":54}},"51":{"start":{"line":118,"column":27},"end":{"line":118,"column":51}},"52":{"start":{"line":134,"column":0},"end":{"line":134,"column":25}}},"fnMap":{"0":{"name":"(anonymous_1)","decl":{"start":{"line":13,"column":22},"end":{"line":13,"column":25}},"loc":{"start":{"line":13,"column":27},"end":{"line":132,"column":1}}},"1":{"name":"(anonymous_2)","decl":{"start":{"line":28,"column":22},"end":{"line":28,"column":27}},"loc":{"start":{"line":28,"column":51},"end":{"line":58,"column":3}}},"2":{"name":"(anonymous_3)","decl":{"start":{"line":60,"column":30},"end":{"line":60,"column":33}},"loc":{"start":{"line":60,"column":35},"end":{"line":70,"column":3}}},"3":{"name":"(anonymous_4)","decl":{"start":{"line":85,"column":20},"end":{"line":85,"column":21}},"loc":{"start":{"line":85,"column":27},"end":{"line":85,"column":54}}},"4":{"name":"(anonymous_5)","decl":{"start":{"line":94,"column":20},"end":{"line":94,"column":21}},"loc":{"start":{"line":94,"column":27},"end":{"line":94,"column":54}}},"5":{"name":"(anonymous_6)","decl":{"start":{"line":118,"column":20},"end":{"line":118,"column":21}},"loc":{"start":{"line":118,"column":27},"end":{"line":118,"column":51}}}},"branchMap":{"0":{"loc":{"start":{"line":37,"column":4},"end":{"line":41,"column":5}},"type":"if","locations":[{"start":{"line":37,"column":4},"end":{"line":41,"column":5}}]},"1":{"loc":{"start":{"line":46,"column":6},"end":{"line":54,"column":7}},"type":"if","locations":[{"start":{"line":46,"column":6},"end":{"line":54,"column":7}},{"start":{"line":52,"column":13},"end":{"line":54,"column":7}}]},"2":{"loc":{"start":{"line":46,"column":10},"end":{"line":46,"column":36}},"type":"binary-expr","locations":[{"start":{"line":46,"column":10},"end":{"line":46,"column":18}},{"start":{"line":46,"column":22},"end":{"line":46,"column":36}}]},"3":{"loc":{"start":{"line":56,"column":22},"end":{"line":56,"column":94}},"type":"cond-expr","locations":[{"start":{"line":56,"column":47},"end":{"line":56,"column":60}},{"start":{"line":56,"column":63},"end":{"line":56,"column":94}}]},"4":{"loc":{"start":{"line":61,"column":4},"end":{"line":64,"column":5}},"type":"if","locations":[{"start":{"line":61,"column":4},"end":{"line":64,"column":5}}]},"5":{"loc":{"start":{"line":98,"column":9},"end":{"line":98,"column":88}},"type":"binary-expr","locations":[{"start":{"line":98,"column":9},"end":{"line":98,"column":21}},{"start":{"line":98,"column":25},"end":{"line":98,"column":88}}]},"6":{"loc":{"start":{"line":120,"column":9},"end":{"line":120,"column":98}},"type":"binary-expr","locations":[{"start":{"line":120,"column":9},"end":{"line":120,"column":26}},{"start":{"line":120,"column":30},"end":{"line":120,"column":98}}]}},"s":{"0":1,"1":1,"2":1,"3":1,"4":1,"5":1,"6":1,"7":1,"8":1,"9":1,"10":1,"11":1,"12":1,"13":1,"14":1,"15":1,"16":1,"17":1,"18":1,"19":1,"20":1,"21":1,"22":1,"23":1,"24":0,"25":0,"26":0,"27":0,"28":0,"29":0,"30":0,"31":0,"32":0,"33":0,"34":0,"35":0,"36":0,"37":0,"38":0,"39":0,"40":1,"41":0,"42":0,"43":0,"44":0,"45":0,"46":0,"47":0,"48":1,"49":0,"50":0,"51":0,"52":1},"f":{"0":1,"1":0,"2":0,"3":0,"4":0,"5":0},"b":{"0":[0],"1":[0,0],"2":[0,0],"3":[0,0],"4":[0],"5":[1,0],"6":[1,0]}}
,"C:\\Users\\USER\\Desktop\\BOOTCAMP-FRONTEND-REACT-NTT\\miniMarket\\src\\proxy\\fetchAuth.ts": {"path":"C:\\Users\\USER\\Desktop\\BOOTCAMP-FRONTEND-REACT-NTT\\miniMarket\\src\\proxy\\fetchAuth.ts","statementMap":{"0":{"start":{"line":3,"column":0},"end":{"line":3,"column":57}},"1":{"start":{"line":5,"column":25},"end":{"line":25,"column":1}},"2":{"start":{"line":9,"column":19},"end":{"line":13,"column":4}},"3":{"start":{"line":16,"column":2},"end":{"line":19,"column":3}},"4":{"start":{"line":17,"column":41},"end":{"line":17,"column":62}},"5":{"start":{"line":18,"column":4},"end":{"line":18,"column":57}},"6":{"start":{"line":21,"column":29},"end":{"line":21,"column":50}},"7":{"start":{"line":24,"column":2},"end":{"line":24,"column":34}},"8":{"start":{"line":5,"column":13},"end":{"line":5,"column":25}}},"fnMap":{"0":{"name":"(anonymous_0)","decl":{"start":{"line":5,"column":25},"end":{"line":5,"column":30}},"loc":{"start":{"line":8,"column":24},"end":{"line":25,"column":1}}}},"branchMap":{"0":{"loc":{"start":{"line":16,"column":2},"end":{"line":19,"column":3}},"type":"if","locations":[{"start":{"line":16,"column":2},"end":{"line":19,"column":3}}]},"1":{"loc":{"start":{"line":18,"column":20},"end":{"line":18,"column":55}},"type":"binary-expr","locations":[{"start":{"line":18,"column":20},"end":{"line":18,"column":37}},{"start":{"line":18,"column":41},"end":{"line":18,"column":55}}]}},"s":{"0":2,"1":2,"2":2,"3":2,"4":1,"5":1,"6":1,"7":1,"8":2},"f":{"0":2},"b":{"0":[1],"1":[1,0]}}
,"C:\\Users\\USER\\Desktop\\BOOTCAMP-FRONTEND-REACT-NTT\\miniMarket\\src\\proxy\\fetchCategories.ts": {"path":"C:\\Users\\USER\\Desktop\\BOOTCAMP-FRONTEND-REACT-NTT\\miniMarket\\src\\proxy\\fetchCategories.ts","statementMap":{"0":{"start":{"line":4,"column":0},"end":{"line":4,"column":7}},"1":{"start":{"line":2,"column":0},"end":{"line":2,"column":64}},"2":{"start":{"line":5,"column":4},"end":{"line":16,"column":5}},"3":{"start":{"line":6,"column":25},"end":{"line":6,"column":81}},"4":{"start":{"line":7,"column":8},"end":{"line":9,"column":9}},"5":{"start":{"line":8,"column":12},"end":{"line":8,"column":65}},"6":{"start":{"line":10,"column":22},"end":{"line":10,"column":43}},"7":{"start":{"line":11,"column":31},"end":{"line":11,"column":57}},"8":{"start":{"line":12,"column":8},"end":{"line":12,"column":30}},"9":{"start":{"line":14,"column":8},"end":{"line":14,"column":29}},"10":{"start":{"line":15,"column":8},"end":{"line":15,"column":18}}},"fnMap":{"0":{"name":"fetchCategories","decl":{"start":{"line":4,"column":22},"end":{"line":4,"column":37}},"loc":{"start":{"line":4,"column":37},"end":{"line":17,"column":1}}}},"branchMap":{"0":{"loc":{"start":{"line":7,"column":8},"end":{"line":9,"column":9}},"type":"if","locations":[{"start":{"line":7,"column":8},"end":{"line":9,"column":9}}]}},"s":{"0":2,"1":2,"2":4,"3":4,"4":2,"5":1,"6":1,"7":1,"8":1,"9":3,"10":3},"f":{"0":4},"b":{"0":[1]}}
,"C:\\Users\\USER\\Desktop\\BOOTCAMP-FRONTEND-REACT-NTT\\miniMarket\\src\\proxy\\fetchProducts.ts": {"path":"C:\\Users\\USER\\Desktop\\BOOTCAMP-FRONTEND-REACT-NTT\\miniMarket\\src\\proxy\\fetchProducts.ts","statementMap":{"0":{"start":{"line":4,"column":0},"end":{"line":4,"column":7}},"1":{"start":{"line":2,"column":0},"end":{"line":2,"column":62}},"2":{"start":{"line":5,"column":4},"end":{"line":16,"column":5}},"3":{"start":{"line":6,"column":25},"end":{"line":6,"column":70}},"4":{"start":{"line":7,"column":8},"end":{"line":9,"column":9}},"5":{"start":{"line":8,"column":12},"end":{"line":8,"column":72}},"6":{"start":{"line":10,"column":21},"end":{"line":10,"column":42}},"7":{"start":{"line":11,"column":25},"end":{"line":11,"column":61}},"8":{"start":{"line":12,"column":8},"end":{"line":12,"column":24}},"9":{"start":{"line":14,"column":8},"end":{"line":14,"column":29}},"10":{"start":{"line":15,"column":8},"end":{"line":15,"column":18}}},"fnMap":{"0":{"name":"fetchProducts","decl":{"start":{"line":4,"column":22},"end":{"line":4,"column":35}},"loc":{"start":{"line":4,"column":35},"end":{"line":17,"column":1}}}},"branchMap":{"0":{"loc":{"start":{"line":7,"column":8},"end":{"line":9,"column":9}},"type":"if","locations":[{"start":{"line":7,"column":8},"end":{"line":9,"column":9}}]}},"s":{"0":2,"1":2,"2":3,"3":3,"4":2,"5":1,"6":1,"7":1,"8":1,"9":2,"10":2},"f":{"0":3},"b":{"0":[1]}}
,"C:\\Users\\USER\\Desktop\\BOOTCAMP-FRONTEND-REACT-NTT\\miniMarket\\src\\proxy\\mapper\\mapperAuth.ts": {"path":"C:\\Users\\USER\\Desktop\\BOOTCAMP-FRONTEND-REACT-NTT\\miniMarket\\src\\proxy\\mapper\\mapperAuth.ts","statementMap":{"0":{"start":{"line":4,"column":34},"end":{"line":16,"column":1}},"1":{"start":{"line":5,"column":2},"end":{"line":15,"column":4}},"2":{"start":{"line":4,"column":13},"end":{"line":4,"column":34}}},"fnMap":{"0":{"name":"(anonymous_0)","decl":{"start":{"line":4,"column":34},"end":{"line":4,"column":35}},"loc":{"start":{"line":4,"column":72},"end":{"line":16,"column":1}}}},"branchMap":{},"s":{"0":2,"1":1,"2":2},"f":{"0":1},"b":{}}
,"C:\\Users\\USER\\Desktop\\BOOTCAMP-FRONTEND-REACT-NTT\\miniMarket\\src\\proxy\\mapper\\mapperGetCategories.ts": {"path":"C:\\Users\\USER\\Desktop\\BOOTCAMP-FRONTEND-REACT-NTT\\miniMarket\\src\\proxy\\mapper\\mapperGetCategories.ts","statementMap":{"0":{"start":{"line":3,"column":32},"end":{"line":8,"column":1}},"1":{"start":{"line":4,"column":4},"end":{"line":7,"column":6}},"2":{"start":{"line":3,"column":13},"end":{"line":3,"column":32}}},"fnMap":{"0":{"name":"(anonymous_0)","decl":{"start":{"line":3,"column":32},"end":{"line":3,"column":33}},"loc":{"start":{"line":3,"column":73},"end":{"line":8,"column":1}}}},"branchMap":{},"s":{"0":3,"1":4,"2":3},"f":{"0":4},"b":{}}
,"C:\\Users\\USER\\Desktop\\BOOTCAMP-FRONTEND-REACT-NTT\\miniMarket\\src\\proxy\\mapper\\mapperGetProduct.ts": {"path":"C:\\Users\\USER\\Desktop\\BOOTCAMP-FRONTEND-REACT-NTT\\miniMarket\\src\\proxy\\mapper\\mapperGetProduct.ts","statementMap":{"0":{"start":{"line":4,"column":33},"end":{"line":17,"column":1}},"1":{"start":{"line":5,"column":4},"end":{"line":16,"column":6}},"2":{"start":{"line":4,"column":13},"end":{"line":4,"column":33}}},"fnMap":{"0":{"name":"(anonymous_0)","decl":{"start":{"line":4,"column":33},"end":{"line":4,"column":34}},"loc":{"start":{"line":4,"column":72},"end":{"line":17,"column":1}}}},"branchMap":{"0":{"loc":{"start":{"line":13,"column":14},"end":{"line":13,"column":32}},"type":"binary-expr","locations":[{"start":{"line":13,"column":14},"end":{"line":13,"column":26}},{"start":{"line":13,"column":30},"end":{"line":13,"column":32}}]},"1":{"loc":{"start":{"line":14,"column":15},"end":{"line":14,"column":42}},"type":"binary-expr","locations":[{"start":{"line":14,"column":15},"end":{"line":14,"column":28}},{"start":{"line":14,"column":32},"end":{"line":14,"column":42}}]},"2":{"loc":{"start":{"line":15,"column":15},"end":{"line":15,"column":79}},"type":"cond-expr","locations":[{"start":{"line":15,"column":43},"end":{"line":15,"column":57}},{"start":{"line":15,"column":60},"end":{"line":15,"column":79}}]}},"s":{"0":3,"1":2,"2":3},"f":{"0":2},"b":{"0":[2,0],"1":[2,0],"2":[2,0]}}
,"C:\\Users\\USER\\Desktop\\BOOTCAMP-FRONTEND-REACT-NTT\\miniMarket\\src\\utils\\discount.ts": {"path":"C:\\Users\\USER\\Desktop\\BOOTCAMP-FRONTEND-REACT-NTT\\miniMarket\\src\\utils\\discount.ts","statementMap":{"0":{"start":{"line":1,"column":40},"end":{"line":5,"column":1}},"1":{"start":{"line":2,"column":26},"end":{"line":2,"column":60}},"2":{"start":{"line":3,"column":28},"end":{"line":3,"column":49}},"3":{"start":{"line":4,"column":4},"end":{"line":4,"column":51}},"4":{"start":{"line":1,"column":13},"end":{"line":1,"column":40}}},"fnMap":{"0":{"name":"(anonymous_0)","decl":{"start":{"line":1,"column":40},"end":{"line":1,"column":41}},"loc":{"start":{"line":1,"column":94},"end":{"line":5,"column":1}}}},"branchMap":{},"s":{"0":4,"1":5,"2":5,"3":5,"4":4},"f":{"0":5},"b":{}}
,"C:\\Users\\USER\\Desktop\\BOOTCAMP-FRONTEND-REACT-NTT\\miniMarket\\src\\utils\\truncateText.ts": {"path":"C:\\Users\\USER\\Desktop\\BOOTCAMP-FRONTEND-REACT-NTT\\miniMarket\\src\\utils\\truncateText.ts","statementMap":{"0":{"start":{"line":2,"column":28},"end":{"line":7,"column":1}},"1":{"start":{"line":3,"column":4},"end":{"line":5,"column":5}},"2":{"start":{"line":4,"column":6},"end":{"line":4,"column":50}},"3":{"start":{"line":6,"column":4},"end":{"line":6,"column":16}},"4":{"start":{"line":2,"column":13},"end":{"line":2,"column":28}}},"fnMap":{"0":{"name":"(anonymous_0)","decl":{"start":{"line":2,"column":28},"end":{"line":2,"column":29}},"loc":{"start":{"line":2,"column":72},"end":{"line":7,"column":1}}}},"branchMap":{"0":{"loc":{"start":{"line":3,"column":4},"end":{"line":5,"column":5}},"type":"if","locations":[{"start":{"line":3,"column":4},"end":{"line":5,"column":5}}]}},"s":{"0":4,"1":4,"2":1,"3":3,"4":4},"f":{"0":4},"b":{"0":[1]}}
}
