{"C:\\Users\\USER\\Desktop\\BOOTCAMP-FRONTEND-REACT-NTT\\miniMarket\\src\\components\\SummaryCart\\summaryCart.tsx": {"path":"C:\\Users\\USER\\Desktop\\BOOTCAMP-FRONTEND-REACT-NTT\\miniMarket\\src\\components\\SummaryCart\\summaryCart.tsx","statementMap":{"0":{"start":{"line":1,"column":0},"end":{"line":1,"column":59}},"1":{"start":{"line":2,"column":0},"end":{"line":2,"column":64}},"2":{"start":{"line":3,"column":0},"end":{"line":3,"column":26}},"3":{"start":{"line":5,"column":20},"end":{"line":138,"column":1}},"4":{"start":{"line":6,"column":73},"end":{"line":6,"column":89}},"5":{"start":{"line":8,"column":16},"end":{"line":13,"column":null}},"6":{"start":{"line":10,"column":6},"end":{"line":12,"column":24}},"7":{"start":{"line":16,"column":2},"end":{"line":137,"column":4}},"8":{"start":{"line":33,"column":14},"end":{"line":33,"column":null}},"9":{"start":{"line":46,"column":37},"end":{"line":46,"column":66}},"10":{"start":{"line":55,"column":37},"end":{"line":55,"column":66}},"11":{"start":{"line":71,"column":35},"end":{"line":71,"column":61}},"12":{"start":{"line":84,"column":12},"end":{"line":84,"column":34}},"13":{"start":{"line":95,"column":35},"end":{"line":95,"column":61}},"14":{"start":{"line":106,"column":35},"end":{"line":106,"column":64}},"15":{"start":{"line":114,"column":35},"end":{"line":114,"column":64}},"16":{"start":{"line":140,"column":0},"end":{"line":140,"column":27}}},"fnMap":{"0":{"name":"(anonymous_0)","decl":{"start":{"line":5,"column":20},"end":{"line":5,"column":23}},"loc":{"start":{"line":5,"column":25},"end":{"line":138,"column":1}}},"1":{"name":"(anonymous_1)","decl":{"start":{"line":9,"column":4},"end":{"line":9,"column":5}},"loc":{"start":{"line":10,"column":6},"end":{"line":12,"column":24}}},"2":{"name":"(anonymous_2)","decl":{"start":{"line":32,"column":22},"end":{"line":32,"column":23}},"loc":{"start":{"line":33,"column":14},"end":{"line":33,"column":null}}},"3":{"name":"(anonymous_3)","decl":{"start":{"line":46,"column":31},"end":{"line":46,"column":34}},"loc":{"start":{"line":46,"column":37},"end":{"line":46,"column":66}}},"4":{"name":"(anonymous_4)","decl":{"start":{"line":55,"column":31},"end":{"line":55,"column":34}},"loc":{"start":{"line":55,"column":37},"end":{"line":55,"column":66}}},"5":{"name":"(anonymous_5)","decl":{"start":{"line":71,"column":29},"end":{"line":71,"column":32}},"loc":{"start":{"line":71,"column":35},"end":{"line":71,"column":61}}},"6":{"name":"(anonymous_6)","decl":{"start":{"line":83,"column":20},"end":{"line":83,"column":21}},"loc":{"start":{"line":84,"column":12},"end":{"line":84,"column":34}}},"7":{"name":"(anonymous_7)","decl":{"start":{"line":95,"column":29},"end":{"line":95,"column":32}},"loc":{"start":{"line":95,"column":35},"end":{"line":95,"column":61}}},"8":{"name":"(anonymous_8)","decl":{"start":{"line":106,"column":29},"end":{"line":106,"column":32}},"loc":{"start":{"line":106,"column":35},"end":{"line":106,"column":64}}},"9":{"name":"(anonymous_9)","decl":{"start":{"line":114,"column":29},"end":{"line":114,"column":32}},"loc":{"start":{"line":114,"column":35},"end":{"line":114,"column":64}}}},"branchMap":{"0":{"loc":{"start":{"line":8,"column":17},"end":{"line":8,"column":27}},"type":"binary-expr","locations":[{"start":{"line":8,"column":17},"end":{"line":8,"column":21}},{"start":{"line":8,"column":25},"end":{"line":8,"column":27}}]}},"s":{"0":1,"1":1,"2":1,"3":1,"4":4,"5":4,"6":8,"7":4,"8":8,"9":0,"10":0,"11":0,"12":8,"13":0,"14":0,"15":0,"16":1},"f":{"0":4,"1":8,"2":8,"3":0,"4":0,"5":0,"6":8,"7":0,"8":0,"9":0},"b":{"0":[4,0]}}
,"C:\\Users\\USER\\Desktop\\BOOTCAMP-FRONTEND-REACT-NTT\\miniMarket\\src\\components\\buttonCard\\buttonCard.tsx": {"path":"C:\\Users\\USER\\Desktop\\BOOTCAMP-FRONTEND-REACT-NTT\\miniMarket\\src\\components\\buttonCard\\buttonCard.tsx","statementMap":{"0":{"start":{"line":2,"column":0},"end":{"line":2,"column":59}},"1":{"start":{"line":4,"column":0},"end":{"line":4,"column":49}},"2":{"start":{"line":10,"column":50},"end":{"line":30,"column":1}},"3":{"start":{"line":11,"column":24},"end":{"line":11,"column":40}},"4":{"start":{"line":13,"column":26},"end":{"line":16,"column":3}},"5":{"start":{"line":14,"column":37},"end":{"line":14,"column":64}},"6":{"start":{"line":15,"column":4},"end":{"line":15,"column":27}},"7":{"start":{"line":18,"column":2},"end":{"line":29,"column":4}},"8":{"start":{"line":21,"column":21},"end":{"line":21,"column":45}},"9":{"start":{"line":32,"column":0},"end":{"line":32,"column":31}}},"fnMap":{"0":{"name":"(anonymous_0)","decl":{"start":{"line":10,"column":50},"end":{"line":10,"column":51}},"loc":{"start":{"line":10,"column":66},"end":{"line":30,"column":1}}},"1":{"name":"(anonymous_1)","decl":{"start":{"line":13,"column":26},"end":{"line":13,"column":27}},"loc":{"start":{"line":13,"column":47},"end":{"line":16,"column":3}}},"2":{"name":"(anonymous_2)","decl":{"start":{"line":21,"column":15},"end":{"line":21,"column":18}},"loc":{"start":{"line":21,"column":21},"end":{"line":21,"column":45}}}},"branchMap":{},"s":{"0":3,"1":3,"2":3,"3":10,"4":6,"5":1,"6":1,"7":6,"8":1,"9":3},"f":{"0":10,"1":1,"2":1},"b":{}}
,"C:\\Users\\USER\\Desktop\\BOOTCAMP-FRONTEND-REACT-NTT\\miniMarket\\src\\components\\categorySelector\\categorySelector.tsx": {"path":"C:\\Users\\USER\\Desktop\\BOOTCAMP-FRONTEND-REACT-NTT\\miniMarket\\src\\components\\categorySelector\\categorySelector.tsx","statementMap":{"0":{"start":{"line":14,"column":52},"end":{"line":62,"column":1}},"1":{"start":{"line":22,"column":2},"end":{"line":38,"column":3}},"2":{"start":{"line":23,"column":4},"end":{"line":37,"column":6}},"3":{"start":{"line":28,"column":27},"end":{"line":28,"column":59}},"4":{"start":{"line":31,"column":12},"end":{"line":31,"column":40}},"5":{"start":{"line":40,"column":2},"end":{"line":61,"column":4}},"6":{"start":{"line":43,"column":22},"end":{"line":43,"column":41}},"7":{"start":{"line":47,"column":10},"end":{"line":48,"column":null}},"8":{"start":{"line":50,"column":14},"end":{"line":50,"column":46}},"9":{"start":{"line":51,"column":14},"end":{"line":53,"column":15}},"10":{"start":{"line":52,"column":16},"end":{"line":52,"column":29}},"11":{"start":{"line":64,"column":0},"end":{"line":64,"column":32}}},"fnMap":{"0":{"name":"(anonymous_0)","decl":{"start":{"line":14,"column":52},"end":{"line":14,"column":53}},"loc":{"start":{"line":21,"column":5},"end":{"line":62,"column":1}}},"1":{"name":"(anonymous_1)","decl":{"start":{"line":28,"column":20},"end":{"line":28,"column":21}},"loc":{"start":{"line":28,"column":27},"end":{"line":28,"column":59}}},"2":{"name":"(anonymous_2)","decl":{"start":{"line":30,"column":26},"end":{"line":30,"column":27}},"loc":{"start":{"line":31,"column":12},"end":{"line":31,"column":40}}},"3":{"name":"(anonymous_3)","decl":{"start":{"line":43,"column":15},"end":{"line":43,"column":16}},"loc":{"start":{"line":43,"column":22},"end":{"line":43,"column":41}}},"4":{"name":"(anonymous_4)","decl":{"start":{"line":46,"column":24},"end":{"line":46,"column":25}},"loc":{"start":{"line":47,"column":10},"end":{"line":48,"column":null}}},"5":{"name":"(anonymous_5)","decl":{"start":{"line":49,"column":21},"end":{"line":49,"column":24}},"loc":{"start":{"line":49,"column":26},"end":{"line":54,"column":13}}}},"branchMap":{"0":{"loc":{"start":{"line":18,"column":2},"end":{"line":18,"column":16}},"type":"default-arg","locations":[{"start":{"line":18,"column":11},"end":{"line":18,"column":16}}]},"1":{"loc":{"start":{"line":22,"column":2},"end":{"line":38,"column":3}},"type":"if","locations":[{"start":{"line":22,"column":2},"end":{"line":38,"column":3}}]},"2":{"loc":{"start":{"line":42,"column":34},"end":{"line":42,"column":54}},"type":"cond-expr","locations":[{"start":{"line":42,"column":43},"end":{"line":42,"column":49}},{"start":{"line":42,"column":52},"end":{"line":42,"column":54}}]},"3":{"loc":{"start":{"line":51,"column":14},"end":{"line":53,"column":15}},"type":"if","locations":[{"start":{"line":51,"column":14},"end":{"line":53,"column":15}}]}},"s":{"0":2,"1":8,"2":5,"3":2,"4":15,"5":3,"6":2,"7":9,"8":2,"9":2,"10":1,"11":2},"f":{"0":8,"1":2,"2":15,"3":2,"4":9,"5":2},"b":{"0":[5],"1":[5],"2":[3,0],"3":[1]}}
,"C:\\Users\\USER\\Desktop\\BOOTCAMP-FRONTEND-REACT-NTT\\miniMarket\\src\\components\\dropdownSelect\\dropdown.tsx": {"path":"C:\\Users\\USER\\Desktop\\BOOTCAMP-FRONTEND-REACT-NTT\\miniMarket\\src\\components\\dropdownSelect\\dropdown.tsx","statementMap":{"0":{"start":{"line":3,"column":0},"end":{"line":3,"column":68}},"1":{"start":{"line":4,"column":0},"end":{"line":4,"column":24}},"2":{"start":{"line":12,"column":52},"end":{"line":22,"column":1}},"3":{"start":{"line":14,"column":2},"end":{"line":21,"column":4}},"4":{"start":{"line":24,"column":0},"end":{"line":24,"column":32}}},"fnMap":{"0":{"name":"(anonymous_1)","decl":{"start":{"line":12,"column":52},"end":{"line":12,"column":53}},"loc":{"start":{"line":12,"column":107},"end":{"line":22,"column":1}}}},"branchMap":{},"s":{"0":1,"1":1,"2":1,"3":3,"4":1},"f":{"0":3},"b":{}}
,"C:\\Users\\USER\\Desktop\\BOOTCAMP-FRONTEND-REACT-NTT\\miniMarket\\src\\components\\productCard\\productCard.tsx": {"path":"C:\\Users\\USER\\Desktop\\BOOTCAMP-FRONTEND-REACT-NTT\\miniMarket\\src\\components\\productCard\\productCard.tsx","statementMap":{"0":{"start":{"line":3,"column":0},"end":{"line":3,"column":56}},"1":{"start":{"line":4,"column":0},"end":{"line":4,"column":64}},"2":{"start":{"line":5,"column":0},"end":{"line":5,"column":55}},"3":{"start":{"line":6,"column":0},"end":{"line":6,"column":26}},"4":{"start":{"line":13,"column":42},"end":{"line":37,"column":1}},"5":{"start":{"line":14,"column":4},"end":{"line":36,"column":6}},"6":{"start":{"line":39,"column":0},"end":{"line":39,"column":27}}},"fnMap":{"0":{"name":"(anonymous_1)","decl":{"start":{"line":13,"column":42},"end":{"line":13,"column":43}},"loc":{"start":{"line":13,"column":58},"end":{"line":37,"column":1}}}},"branchMap":{},"s":{"0":2,"1":2,"2":2,"3":2,"4":2,"5":5,"6":2},"f":{"0":5},"b":{}}
,"C:\\Users\\USER\\Desktop\\BOOTCAMP-FRONTEND-REACT-NTT\\miniMarket\\src\\components\\productList\\productList.tsx": {"path":"C:\\Users\\USER\\Desktop\\BOOTCAMP-FRONTEND-REACT-NTT\\miniMarket\\src\\components\\productList\\productList.tsx","statementMap":{"0":{"start":{"line":3,"column":0},"end":{"line":3,"column":53}},"1":{"start":{"line":4,"column":0},"end":{"line":4,"column":26}},"2":{"start":{"line":10,"column":42},"end":{"line":21,"column":1}},"3":{"start":{"line":12,"column":2},"end":{"line":20,"column":4}},"4":{"start":{"line":15,"column":34},"end":{"line":15,"column":64}},"5":{"start":{"line":23,"column":0},"end":{"line":23,"column":27}}},"fnMap":{"0":{"name":"(anonymous_1)","decl":{"start":{"line":10,"column":42},"end":{"line":10,"column":43}},"loc":{"start":{"line":10,"column":59},"end":{"line":21,"column":1}}},"1":{"name":"(anonymous_2)","decl":{"start":{"line":15,"column":21},"end":{"line":15,"column":22}},"loc":{"start":{"line":15,"column":34},"end":{"line":15,"column":64}}}},"branchMap":{"0":{"loc":{"start":{"line":14,"column":7},"end":{"line":17,"column":null}},"type":"cond-expr","locations":[{"start":{"line":15,"column":8},"end":{"line":15,"column":85}},{"start":{"line":17,"column":8},"end":{"line":17,"column":33}}]}},"s":{"0":1,"1":1,"2":1,"3":2,"4":2,"5":1},"f":{"0":2,"1":2},"b":{"0":[1,1]}}
,"C:\\Users\\USER\\Desktop\\BOOTCAMP-FRONTEND-REACT-NTT\\miniMarket\\src\\components\\shared\\button\\button.tsx": {"path":"C:\\Users\\USER\\Desktop\\BOOTCAMP-FRONTEND-REACT-NTT\\miniMarket\\src\\components\\shared\\button\\button.tsx","statementMap":{"0":{"start":{"line":7,"column":45},"end":{"line":21,"column":1}},"1":{"start":{"line":13,"column":2},"end":{"line":20,"column":4}},"2":{"start":{"line":7,"column":13},"end":{"line":7,"column":45}}},"fnMap":{"0":{"name":"(anonymous_0)","decl":{"start":{"line":7,"column":45},"end":{"line":7,"column":46}},"loc":{"start":{"line":12,"column":5},"end":{"line":21,"column":1}}}},"branchMap":{"0":{"loc":{"start":{"line":9,"column":2},"end":{"line":9,"column":16}},"type":"default-arg","locations":[{"start":{"line":9,"column":14},"end":{"line":9,"column":16}}]}},"s":{"0":4,"1":9,"2":4},"f":{"0":9},"b":{"0":[2]}}
,"C:\\Users\\USER\\Desktop\\BOOTCAMP-FRONTEND-REACT-NTT\\miniMarket\\src\\components\\shared\\iconButton\\iconButton.tsx": {"path":"C:\\Users\\USER\\Desktop\\BOOTCAMP-FRONTEND-REACT-NTT\\miniMarket\\src\\components\\shared\\iconButton\\iconButton.tsx","statementMap":{"0":{"start":{"line":9,"column":48},"end":{"line":22,"column":3}},"1":{"start":{"line":16,"column":4},"end":{"line":21,"column":6}},"2":{"start":{"line":24,"column":2},"end":{"line":24,"column":28}}},"fnMap":{"0":{"name":"(anonymous_0)","decl":{"start":{"line":9,"column":48},"end":{"line":9,"column":49}},"loc":{"start":{"line":15,"column":7},"end":{"line":22,"column":3}}}},"branchMap":{},"s":{"0":1,"1":5,"2":1},"f":{"0":5},"b":{}}
,"C:\\Users\\USER\\Desktop\\BOOTCAMP-FRONTEND-REACT-NTT\\miniMarket\\src\\context\\cart\\cartAction.ts": {"path":"C:\\Users\\USER\\Desktop\\BOOTCAMP-FRONTEND-REACT-NTT\\miniMarket\\src\\context\\cart\\cartAction.ts","statementMap":{"0":{"start":{"line":1,"column":0},"end":{"line":1,"column":60}},"1":{"start":{"line":4,"column":30},"end":{"line":38,"column":1}},"2":{"start":{"line":5,"column":16},"end":{"line":5,"column":30}},"3":{"start":{"line":6,"column":19},"end":{"line":6,"column":36}},"4":{"start":{"line":8,"column":15},"end":{"line":8,"column":31}},"5":{"start":{"line":10,"column":20},"end":{"line":12,"column":3}},"6":{"start":{"line":11,"column":4},"end":{"line":11,"column":56}},"7":{"start":{"line":14,"column":25},"end":{"line":16,"column":3}},"8":{"start":{"line":15,"column":4},"end":{"line":15,"column":67}},"9":{"start":{"line":18,"column":28},"end":{"line":20,"column":3}},"10":{"start":{"line":19,"column":4},"end":{"line":19,"column":60}},"11":{"start":{"line":22,"column":28},"end":{"line":24,"column":3}},"12":{"start":{"line":23,"column":4},"end":{"line":23,"column":60}},"13":{"start":{"line":26,"column":20},"end":{"line":28,"column":3}},"14":{"start":{"line":27,"column":4},"end":{"line":27,"column":37}},"15":{"start":{"line":30,"column":2},"end":{"line":37,"column":4}},"16":{"start":{"line":4,"column":13},"end":{"line":4,"column":30}}},"fnMap":{"0":{"name":"(anonymous_0)","decl":{"start":{"line":4,"column":30},"end":{"line":4,"column":33}},"loc":{"start":{"line":4,"column":35},"end":{"line":38,"column":1}}},"1":{"name":"(anonymous_1)","decl":{"start":{"line":10,"column":20},"end":{"line":10,"column":21}},"loc":{"start":{"line":10,"column":45},"end":{"line":12,"column":3}}},"2":{"name":"(anonymous_2)","decl":{"start":{"line":14,"column":25},"end":{"line":14,"column":26}},"loc":{"start":{"line":14,"column":47},"end":{"line":16,"column":3}}},"3":{"name":"(anonymous_3)","decl":{"start":{"line":18,"column":28},"end":{"line":18,"column":29}},"loc":{"start":{"line":18,"column":50},"end":{"line":20,"column":3}}},"4":{"name":"(anonymous_4)","decl":{"start":{"line":22,"column":28},"end":{"line":22,"column":29}},"loc":{"start":{"line":22,"column":50},"end":{"line":24,"column":3}}},"5":{"name":"(anonymous_5)","decl":{"start":{"line":26,"column":20},"end":{"line":26,"column":23}},"loc":{"start":{"line":26,"column":25},"end":{"line":28,"column":3}}}},"branchMap":{"0":{"loc":{"start":{"line":8,"column":15},"end":{"line":8,"column":31}},"type":"binary-expr","locations":[{"start":{"line":8,"column":15},"end":{"line":8,"column":25}},{"start":{"line":8,"column":29},"end":{"line":8,"column":31}}]}},"s":{"0":2,"1":2,"2":7,"3":3,"4":3,"5":3,"6":0,"7":3,"8":0,"9":3,"10":0,"11":3,"12":0,"13":3,"14":0,"15":3,"16":2},"f":{"0":7,"1":0,"2":0,"3":0,"4":0,"5":0},"b":{"0":[3,0]}}
,"C:\\Users\\USER\\Desktop\\BOOTCAMP-FRONTEND-REACT-NTT\\miniMarket\\src\\context\\cart\\cartContext.tsx": {"path":"C:\\Users\\USER\\Desktop\\BOOTCAMP-FRONTEND-REACT-NTT\\miniMarket\\src\\context\\cart\\cartContext.tsx","statementMap":{"0":{"start":{"line":1,"column":0},"end":{"line":1,"column":80}},"1":{"start":{"line":3,"column":0},"end":{"line":3,"column":44}},"2":{"start":{"line":4,"column":0},"end":{"line":4,"column":58}},"3":{"start":{"line":6,"column":13},"end":{"line":6,"column":80}},"4":{"start":{"line":7,"column":13},"end":{"line":7,"column":86}},"5":{"start":{"line":13,"column":36},"end":{"line":13,"column":48}},"6":{"start":{"line":15,"column":57},"end":{"line":36,"column":1}},"7":{"start":{"line":16,"column":69},"end":{"line":18,"column":null}},"8":{"start":{"line":21,"column":23},"end":{"line":21,"column":53}},"9":{"start":{"line":23,"column":28},"end":{"line":23,"column":65}},"10":{"start":{"line":25,"column":2},"end":{"line":27,"column":29}},"11":{"start":{"line":26,"column":4},"end":{"line":26,"column":25}},"12":{"start":{"line":29,"column":2},"end":{"line":35,"column":4}},"13":{"start":{"line":15,"column":13},"end":{"line":15,"column":57}}},"fnMap":{"0":{"name":"(anonymous_0)","decl":{"start":{"line":15,"column":57},"end":{"line":15,"column":58}},"loc":{"start":{"line":15,"column":74},"end":{"line":36,"column":1}}},"1":{"name":"(anonymous_1)","decl":{"start":{"line":25,"column":12},"end":{"line":25,"column":15}},"loc":{"start":{"line":25,"column":17},"end":{"line":27,"column":3}}}},"branchMap":{"0":{"loc":{"start":{"line":21,"column":23},"end":{"line":21,"column":53}},"type":"binary-expr","locations":[{"start":{"line":21,"column":23},"end":{"line":21,"column":33}},{"start":{"line":21,"column":37},"end":{"line":21,"column":53}}]}},"s":{"0":5,"1":5,"2":5,"3":5,"4":5,"5":5,"6":5,"7":11,"8":11,"9":11,"10":11,"11":9,"12":11,"13":5},"f":{"0":11,"1":9},"b":{"0":[11,0]}}
,"C:\\Users\\USER\\Desktop\\BOOTCAMP-FRONTEND-REACT-NTT\\miniMarket\\src\\context\\cart\\cartHooks.ts": {"path":"C:\\Users\\USER\\Desktop\\BOOTCAMP-FRONTEND-REACT-NTT\\miniMarket\\src\\context\\cart\\cartHooks.ts","statementMap":{"0":{"start":{"line":1,"column":0},"end":{"line":1,"column":35}},"1":{"start":{"line":3,"column":0},"end":{"line":3,"column":70}},"2":{"start":{"line":6,"column":28},"end":{"line":12,"column":1}},"3":{"start":{"line":7,"column":18},"end":{"line":7,"column":46}},"4":{"start":{"line":8,"column":2},"end":{"line":10,"column":3}},"5":{"start":{"line":9,"column":4},"end":{"line":9,"column":71}},"6":{"start":{"line":11,"column":2},"end":{"line":11,"column":17}},"7":{"start":{"line":6,"column":13},"end":{"line":6,"column":28}},"8":{"start":{"line":14,"column":31},"end":{"line":20,"column":1}},"9":{"start":{"line":15,"column":18},"end":{"line":15,"column":49}},"10":{"start":{"line":16,"column":2},"end":{"line":18,"column":3}},"11":{"start":{"line":17,"column":4},"end":{"line":17,"column":74}},"12":{"start":{"line":19,"column":2},"end":{"line":19,"column":17}},"13":{"start":{"line":14,"column":13},"end":{"line":14,"column":31}}},"fnMap":{"0":{"name":"(anonymous_0)","decl":{"start":{"line":6,"column":28},"end":{"line":6,"column":42}},"loc":{"start":{"line":6,"column":44},"end":{"line":12,"column":1}}},"1":{"name":"(anonymous_1)","decl":{"start":{"line":14,"column":31},"end":{"line":14,"column":48}},"loc":{"start":{"line":14,"column":50},"end":{"line":20,"column":1}}}},"branchMap":{"0":{"loc":{"start":{"line":8,"column":2},"end":{"line":10,"column":3}},"type":"if","locations":[{"start":{"line":8,"column":2},"end":{"line":10,"column":3}}]},"1":{"loc":{"start":{"line":16,"column":2},"end":{"line":18,"column":3}},"type":"if","locations":[{"start":{"line":16,"column":2},"end":{"line":18,"column":3}}]}},"s":{"0":2,"1":2,"2":2,"3":7,"4":7,"5":4,"6":3,"7":2,"8":2,"9":3,"10":3,"11":0,"12":3,"13":2},"f":{"0":7,"1":3},"b":{"0":[4],"1":[0]}}
,"C:\\Users\\USER\\Desktop\\BOOTCAMP-FRONTEND-REACT-NTT\\miniMarket\\src\\context\\cart\\cartReducer.ts": {"path":"C:\\Users\\USER\\Desktop\\BOOTCAMP-FRONTEND-REACT-NTT\\miniMarket\\src\\context\\cart\\cartReducer.ts","statementMap":{"0":{"start":{"line":3,"column":27},"end":{"line":46,"column":1}},"1":{"start":{"line":5,"column":2},"end":{"line":7,"column":3}},"2":{"start":{"line":6,"column":4},"end":{"line":6,"column":29}},"3":{"start":{"line":9,"column":2},"end":{"line":45,"column":3}},"4":{"start":{"line":11,"column":6},"end":{"line":14,"column":8}},"5":{"start":{"line":16,"column":6},"end":{"line":19,"column":8}},"6":{"start":{"line":18,"column":43},"end":{"line":18,"column":82}},"7":{"start":{"line":21,"column":6},"end":{"line":28,"column":8}},"8":{"start":{"line":24,"column":10},"end":{"line":26,"column":21}},"9":{"start":{"line":30,"column":6},"end":{"line":37,"column":8}},"10":{"start":{"line":33,"column":10},"end":{"line":35,"column":21}},"11":{"start":{"line":39,"column":6},"end":{"line":42,"column":8}},"12":{"start":{"line":44,"column":6},"end":{"line":44,"column":45}},"13":{"start":{"line":3,"column":13},"end":{"line":3,"column":27}}},"fnMap":{"0":{"name":"(anonymous_0)","decl":{"start":{"line":3,"column":27},"end":{"line":3,"column":28}},"loc":{"start":{"line":3,"column":79},"end":{"line":46,"column":1}}},"1":{"name":"(anonymous_1)","decl":{"start":{"line":18,"column":32},"end":{"line":18,"column":39}},"loc":{"start":{"line":18,"column":43},"end":{"line":18,"column":82}}},"2":{"name":"(anonymous_2)","decl":{"start":{"line":23,"column":29},"end":{"line":23,"column":36}},"loc":{"start":{"line":24,"column":10},"end":{"line":26,"column":21}}},"3":{"name":"(anonymous_3)","decl":{"start":{"line":32,"column":29},"end":{"line":32,"column":36}},"loc":{"start":{"line":33,"column":10},"end":{"line":35,"column":21}}}},"branchMap":{"0":{"loc":{"start":{"line":5,"column":2},"end":{"line":7,"column":3}},"type":"if","locations":[{"start":{"line":5,"column":2},"end":{"line":7,"column":3}}]},"1":{"loc":{"start":{"line":9,"column":2},"end":{"line":45,"column":3}},"type":"switch","locations":[{"start":{"line":10,"column":4},"end":{"line":14,"column":8}},{"start":{"line":15,"column":4},"end":{"line":19,"column":8}},{"start":{"line":20,"column":4},"end":{"line":28,"column":8}},{"start":{"line":29,"column":4},"end":{"line":37,"column":8}},{"start":{"line":38,"column":6},"end":{"line":42,"column":8}},{"start":{"line":43,"column":4},"end":{"line":44,"column":45}}]},"2":{"loc":{"start":{"line":24,"column":10},"end":{"line":26,"column":21}},"type":"cond-expr","locations":[{"start":{"line":25,"column":14},"end":{"line":25,"column":60}},{"start":{"line":26,"column":14},"end":{"line":26,"column":21}}]},"3":{"loc":{"start":{"line":33,"column":10},"end":{"line":35,"column":21}},"type":"cond-expr","locations":[{"start":{"line":34,"column":14},"end":{"line":34,"column":73}},{"start":{"line":35,"column":14},"end":{"line":35,"column":21}}]}},"s":{"0":6,"1":8,"2":1,"3":7,"4":2,"5":2,"6":2,"7":1,"8":1,"9":1,"10":1,"11":1,"12":0,"13":6},"f":{"0":8,"1":2,"2":1,"3":1},"b":{"0":[1],"1":[2,2,1,1,1,0],"2":[1,0],"3":[1,0]}}
,"C:\\Users\\USER\\Desktop\\BOOTCAMP-FRONTEND-REACT-NTT\\miniMarket\\src\\domain\\productApiResponse.ts": {"path":"C:\\Users\\USER\\Desktop\\BOOTCAMP-FRONTEND-REACT-NTT\\miniMarket\\src\\domain\\productApiResponse.ts","statementMap":{"0":{"start":{"line":34,"column":0},"end":{"line":34,"column":null}},"1":{"start":{"line":35,"column":4},"end":{"line":35,"column":null}},"2":{"start":{"line":36,"column":4},"end":{"line":36,"column":null}},"3":{"start":{"line":52,"column":0},"end":{"line":52,"column":null}},"4":{"start":{"line":53,"column":4},"end":{"line":53,"column":null}},"5":{"start":{"line":54,"column":4},"end":{"line":54,"column":null}},"6":{"start":{"line":55,"column":4},"end":{"line":55,"column":null}},"7":{"start":{"line":56,"column":4},"end":{"line":56,"column":null}},"8":{"start":{"line":57,"column":4},"end":{"line":57,"column":null}}},"fnMap":{"0":{"name":"(anonymous_0)","decl":{"start":{"line":34,"column":0},"end":{"line":34,"column":12}},"loc":{"start":{"line":34,"column":30},"end":{"line":37,"column":1}}},"1":{"name":"(anonymous_1)","decl":{"start":{"line":52,"column":0},"end":{"line":52,"column":12}},"loc":{"start":{"line":52,"column":24},"end":{"line":58,"column":1}}}},"branchMap":{"0":{"loc":{"start":{"line":34,"column":12},"end":{"line":34,"column":null}},"type":"binary-expr","locations":[{"start":{"line":34,"column":12},"end":{"line":34,"column":30}},{"start":{"line":34,"column":30},"end":{"line":34,"column":null}}]},"1":{"loc":{"start":{"line":52,"column":12},"end":{"line":52,"column":null}},"type":"binary-expr","locations":[{"start":{"line":52,"column":12},"end":{"line":52,"column":24}},{"start":{"line":52,"column":24},"end":{"line":52,"column":null}}]}},"s":{"0":2,"1":2,"2":2,"3":2,"4":2,"5":2,"6":2,"7":2,"8":2},"f":{"0":2,"1":2},"b":{"0":[2,2],"1":[2,2]}}
,"C:\\Users\\USER\\Desktop\\BOOTCAMP-FRONTEND-REACT-NTT\\miniMarket\\src\\hooks\\useCart.ts": {"path":"C:\\Users\\USER\\Desktop\\BOOTCAMP-FRONTEND-REACT-NTT\\miniMarket\\src\\hooks\\useCart.ts","statementMap":{"0":{"start":{"line":1,"column":0},"end":{"line":1,"column":35}},"1":{"start":{"line":2,"column":0},"end":{"line":2,"column":null}},"2":{"start":{"line":7,"column":23},"end":{"line":21,"column":1}},"3":{"start":{"line":8,"column":23},"end":{"line":8,"column":51}},"4":{"start":{"line":9,"column":26},"end":{"line":9,"column":57}},"5":{"start":{"line":11,"column":2},"end":{"line":13,"column":3}},"6":{"start":{"line":12,"column":4},"end":{"line":12,"column":66}},"7":{"start":{"line":15,"column":19},"end":{"line":15,"column":31}},"8":{"start":{"line":18,"column":4},"end":{"line":18,"column":70}},"9":{"start":{"line":18,"column":37},"end":{"line":18,"column":61}},"10":{"start":{"line":20,"column":2},"end":{"line":20,"column":71}},"11":{"start":{"line":7,"column":13},"end":{"line":7,"column":23}}},"fnMap":{"0":{"name":"(anonymous_0)","decl":{"start":{"line":7,"column":23},"end":{"line":7,"column":26}},"loc":{"start":{"line":7,"column":28},"end":{"line":21,"column":1}}},"1":{"name":"(anonymous_1)","decl":{"start":{"line":18,"column":17},"end":{"line":18,"column":18}},"loc":{"start":{"line":18,"column":37},"end":{"line":18,"column":61}}}},"branchMap":{"0":{"loc":{"start":{"line":11,"column":2},"end":{"line":13,"column":3}},"type":"if","locations":[{"start":{"line":11,"column":2},"end":{"line":13,"column":3}}]},"1":{"loc":{"start":{"line":11,"column":6},"end":{"line":11,"column":39}},"type":"binary-expr","locations":[{"start":{"line":11,"column":6},"end":{"line":11,"column":19}},{"start":{"line":11,"column":23},"end":{"line":11,"column":39}}]},"2":{"loc":{"start":{"line":18,"column":4},"end":{"line":18,"column":70}},"type":"binary-expr","locations":[{"start":{"line":18,"column":4},"end":{"line":18,"column":65}},{"start":{"line":18,"column":69},"end":{"line":18,"column":70}}]}},"s":{"0":1,"1":1,"2":1,"3":5,"4":5,"5":5,"6":4,"7":1,"8":1,"9":2,"10":1,"11":1},"f":{"0":5,"1":2},"b":{"0":[4],"1":[5,1],"2":[1,0]}}
,"C:\\Users\\USER\\Desktop\\BOOTCAMP-FRONTEND-REACT-NTT\\miniMarket\\src\\hooks\\useCategories.ts": {"path":"C:\\Users\\USER\\Desktop\\BOOTCAMP-FRONTEND-REACT-NTT\\miniMarket\\src\\hooks\\useCategories.ts","statementMap":{"0":{"start":{"line":1,"column":0},"end":{"line":1,"column":44}},"1":{"start":{"line":2,"column":0},"end":{"line":2,"column":59}},"2":{"start":{"line":4,"column":25},"end":{"line":4,"column":61}},"3":{"start":{"line":6,"column":29},"end":{"line":24,"column":1}},"4":{"start":{"line":7,"column":38},"end":{"line":7,"column":100}},"5":{"start":{"line":9,"column":2},"end":{"line":21,"column":9}},"6":{"start":{"line":10,"column":27},"end":{"line":18,"column":5}},"7":{"start":{"line":11,"column":6},"end":{"line":17,"column":7}},"8":{"start":{"line":12,"column":31},"end":{"line":12,"column":54}},"9":{"start":{"line":13,"column":8},"end":{"line":13,"column":61}},"10":{"start":{"line":15,"column":8},"end":{"line":15,"column":58}},"11":{"start":{"line":16,"column":8},"end":{"line":16,"column":42}},"12":{"start":{"line":20,"column":4},"end":{"line":20,"column":21}},"13":{"start":{"line":23,"column":2},"end":{"line":23,"column":59}},"14":{"start":{"line":6,"column":13},"end":{"line":6,"column":29}}},"fnMap":{"0":{"name":"(anonymous_0)","decl":{"start":{"line":6,"column":29},"end":{"line":6,"column":32}},"loc":{"start":{"line":6,"column":34},"end":{"line":24,"column":1}}},"1":{"name":"(anonymous_1)","decl":{"start":{"line":9,"column":12},"end":{"line":9,"column":15}},"loc":{"start":{"line":9,"column":17},"end":{"line":21,"column":3}}},"2":{"name":"(anonymous_2)","decl":{"start":{"line":10,"column":27},"end":{"line":10,"column":32}},"loc":{"start":{"line":10,"column":38},"end":{"line":18,"column":5}}}},"branchMap":{},"s":{"0":1,"1":1,"2":1,"3":1,"4":4,"5":4,"6":2,"7":2,"8":2,"9":1,"10":1,"11":1,"12":2,"13":4,"14":1},"f":{"0":4,"1":2,"2":2},"b":{}}
,"C:\\Users\\USER\\Desktop\\BOOTCAMP-FRONTEND-REACT-NTT\\miniMarket\\src\\hooks\\useDebounce.ts": {"path":"C:\\Users\\USER\\Desktop\\BOOTCAMP-FRONTEND-REACT-NTT\\miniMarket\\src\\hooks\\useDebounce.ts","statementMap":{"0":{"start":{"line":3,"column":0},"end":{"line":3,"column":16}},"1":{"start":{"line":1,"column":0},"end":{"line":1,"column":44}},"2":{"start":{"line":4,"column":46},"end":{"line":4,"column":61}},"3":{"start":{"line":6,"column":2},"end":{"line":9,"column":21}},"4":{"start":{"line":7,"column":20},"end":{"line":7,"column":69}},"5":{"start":{"line":7,"column":37},"end":{"line":7,"column":61}},"6":{"start":{"line":8,"column":4},"end":{"line":8,"column":39}},"7":{"start":{"line":8,"column":17},"end":{"line":8,"column":38}},"8":{"start":{"line":11,"column":2},"end":{"line":11,"column":24}}},"fnMap":{"0":{"name":"useDebounce","decl":{"start":{"line":3,"column":16},"end":{"line":3,"column":27}},"loc":{"start":{"line":3,"column":56},"end":{"line":12,"column":1}}},"1":{"name":"(anonymous_1)","decl":{"start":{"line":6,"column":12},"end":{"line":6,"column":15}},"loc":{"start":{"line":6,"column":17},"end":{"line":9,"column":3}}},"2":{"name":"(anonymous_2)","decl":{"start":{"line":7,"column":31},"end":{"line":7,"column":34}},"loc":{"start":{"line":7,"column":37},"end":{"line":7,"column":61}}},"3":{"name":"(anonymous_3)","decl":{"start":{"line":8,"column":11},"end":{"line":8,"column":14}},"loc":{"start":{"line":8,"column":17},"end":{"line":8,"column":38}}}},"branchMap":{},"s":{"0":1,"1":1,"2":3,"3":3,"4":2,"5":1,"6":2,"7":2,"8":3},"f":{"0":3,"1":2,"2":1,"3":2},"b":{}}
,"C:\\Users\\USER\\Desktop\\BOOTCAMP-FRONTEND-REACT-NTT\\miniMarket\\src\\hooks\\useLocalStorage.ts": {"path":"C:\\Users\\USER\\Desktop\\BOOTCAMP-FRONTEND-REACT-NTT\\miniMarket\\src\\hooks\\useLocalStorage.ts","statementMap":{"0":{"start":{"line":1,"column":0},"end":{"line":1,"column":44}},"1":{"start":{"line":3,"column":31},"end":{"line":26,"column":1}},"2":{"start":{"line":4,"column":40},"end":{"line":12,"column":4}},"3":{"start":{"line":5,"column":4},"end":{"line":11,"column":5}},"4":{"start":{"line":6,"column":19},"end":{"line":6,"column":51}},"5":{"start":{"line":7,"column":6},"end":{"line":7,"column":59}},"6":{"start":{"line":9,"column":6},"end":{"line":9,"column":71}},"7":{"start":{"line":10,"column":6},"end":{"line":10,"column":26}},"8":{"start":{"line":14,"column":2},"end":{"line":20,"column":25}},"9":{"start":{"line":15,"column":4},"end":{"line":19,"column":5}},"10":{"start":{"line":16,"column":6},"end":{"line":16,"column":68}},"11":{"start":{"line":18,"column":6},"end":{"line":18,"column":71}},"12":{"start":{"line":22,"column":2},"end":{"line":25,"column":4}},"13":{"start":{"line":3,"column":13},"end":{"line":3,"column":31}}},"fnMap":{"0":{"name":"(anonymous_0)","decl":{"start":{"line":3,"column":31},"end":{"line":3,"column":35}},"loc":{"start":{"line":3,"column":67},"end":{"line":26,"column":1}}},"1":{"name":"(anonymous_1)","decl":{"start":{"line":4,"column":52},"end":{"line":4,"column":55}},"loc":{"start":{"line":4,"column":57},"end":{"line":12,"column":3}}},"2":{"name":"(anonymous_2)","decl":{"start":{"line":14,"column":12},"end":{"line":14,"column":15}},"loc":{"start":{"line":14,"column":17},"end":{"line":20,"column":3}}}},"branchMap":{"0":{"loc":{"start":{"line":7,"column":13},"end":{"line":7,"column":58}},"type":"cond-expr","locations":[{"start":{"line":7,"column":21},"end":{"line":7,"column":43}},{"start":{"line":7,"column":46},"end":{"line":7,"column":58}}]}},"s":{"0":6,"1":6,"2":13,"3":8,"4":8,"5":8,"6":0,"7":0,"8":13,"9":11,"10":11,"11":0,"12":13,"13":6},"f":{"0":13,"1":8,"2":11},"b":{"0":[3,5]}}
,"C:\\Users\\USER\\Desktop\\BOOTCAMP-FRONTEND-REACT-NTT\\miniMarket\\src\\hooks\\useModal.ts": {"path":"C:\\Users\\USER\\Desktop\\BOOTCAMP-FRONTEND-REACT-NTT\\miniMarket\\src\\hooks\\useModal.ts","statementMap":{"0":{"start":{"line":1,"column":0},"end":{"line":1,"column":33}},"1":{"start":{"line":3,"column":24},"end":{"line":24,"column":1}},"2":{"start":{"line":4,"column":46},"end":{"line":4,"column":61}},"3":{"start":{"line":6,"column":20},"end":{"line":8,"column":3}},"4":{"start":{"line":7,"column":4},"end":{"line":7,"column":28}},"5":{"start":{"line":10,"column":22},"end":{"line":12,"column":3}},"6":{"start":{"line":11,"column":4},"end":{"line":11,"column":39}},"7":{"start":{"line":14,"column":21},"end":{"line":16,"column":3}},"8":{"start":{"line":15,"column":4},"end":{"line":15,"column":29}},"9":{"start":{"line":18,"column":2},"end":{"line":23,"column":4}},"10":{"start":{"line":3,"column":13},"end":{"line":3,"column":24}}},"fnMap":{"0":{"name":"(anonymous_0)","decl":{"start":{"line":3,"column":24},"end":{"line":3,"column":27}},"loc":{"start":{"line":3,"column":29},"end":{"line":24,"column":1}}},"1":{"name":"(anonymous_1)","decl":{"start":{"line":6,"column":20},"end":{"line":6,"column":23}},"loc":{"start":{"line":6,"column":25},"end":{"line":8,"column":3}}},"2":{"name":"(anonymous_2)","decl":{"start":{"line":10,"column":22},"end":{"line":10,"column":25}},"loc":{"start":{"line":10,"column":27},"end":{"line":12,"column":3}}},"3":{"name":"(anonymous_3)","decl":{"start":{"line":14,"column":21},"end":{"line":14,"column":24}},"loc":{"start":{"line":14,"column":26},"end":{"line":16,"column":3}}}},"branchMap":{},"s":{"0":1,"1":1,"2":3,"3":3,"4":1,"5":3,"6":0,"7":3,"8":1,"9":3,"10":1},"f":{"0":3,"1":1,"2":0,"3":1},"b":{}}
,"C:\\Users\\USER\\Desktop\\BOOTCAMP-FRONTEND-REACT-NTT\\miniMarket\\src\\hooks\\useProductSearch.ts": {"path":"C:\\Users\\USER\\Desktop\\BOOTCAMP-FRONTEND-REACT-NTT\\miniMarket\\src\\hooks\\useProductSearch.ts","statementMap":{"0":{"start":{"line":1,"column":0},"end":{"line":1,"column":57}},"1":{"start":{"line":2,"column":0},"end":{"line":2,"column":56}},"2":{"start":{"line":5,"column":32},"end":{"line":37,"column":1}},"3":{"start":{"line":6,"column":50},"end":{"line":6,"column":86}},"4":{"start":{"line":8,"column":2},"end":{"line":10,"column":24}},"5":{"start":{"line":9,"column":4},"end":{"line":9,"column":41}},"6":{"start":{"line":12,"column":23},"end":{"line":17,"column":null}},"7":{"start":{"line":14,"column":23},"end":{"line":14,"column":61}},"8":{"start":{"line":15,"column":6},"end":{"line":15,"column":36}},"9":{"start":{"line":20,"column":31},"end":{"line":29,"column":null}},"10":{"start":{"line":22,"column":6},"end":{"line":27,"column":7}},"11":{"start":{"line":23,"column":8},"end":{"line":23,"column":45}},"12":{"start":{"line":25,"column":25},"end":{"line":25,"column":95}},"13":{"start":{"line":25,"column":61},"end":{"line":25,"column":94}},"14":{"start":{"line":26,"column":8},"end":{"line":26,"column":38}},"15":{"start":{"line":32,"column":2},"end":{"line":36,"column":4}},"16":{"start":{"line":5,"column":13},"end":{"line":5,"column":32}}},"fnMap":{"0":{"name":"(anonymous_0)","decl":{"start":{"line":5,"column":32},"end":{"line":5,"column":33}},"loc":{"start":{"line":5,"column":63},"end":{"line":37,"column":1}}},"1":{"name":"(anonymous_1)","decl":{"start":{"line":8,"column":12},"end":{"line":8,"column":15}},"loc":{"start":{"line":8,"column":17},"end":{"line":10,"column":3}}},"2":{"name":"(anonymous_2)","decl":{"start":{"line":13,"column":4},"end":{"line":13,"column":5}},"loc":{"start":{"line":13,"column":22},"end":{"line":16,"column":5}}},"3":{"name":"(anonymous_3)","decl":{"start":{"line":21,"column":4},"end":{"line":21,"column":5}},"loc":{"start":{"line":21,"column":29},"end":{"line":28,"column":5}}},"4":{"name":"(anonymous_4)","decl":{"start":{"line":25,"column":48},"end":{"line":25,"column":49}},"loc":{"start":{"line":25,"column":61},"end":{"line":25,"column":94}}}},"branchMap":{"0":{"loc":{"start":{"line":22,"column":6},"end":{"line":27,"column":7}},"type":"if","locations":[{"start":{"line":22,"column":6},"end":{"line":27,"column":7}},{"start":{"line":24,"column":13},"end":{"line":27,"column":7}}]}},"s":{"0":1,"1":1,"2":1,"3":4,"4":4,"5":2,"6":4,"7":1,"8":1,"9":4,"10":1,"11":0,"12":1,"13":2,"14":1,"15":4,"16":1},"f":{"0":4,"1":2,"2":1,"3":1,"4":2},"b":{"0":[0,1]}}
,"C:\\Users\\USER\\Desktop\\BOOTCAMP-FRONTEND-REACT-NTT\\miniMarket\\src\\hooks\\useProducts.ts": {"path":"C:\\Users\\USER\\Desktop\\BOOTCAMP-FRONTEND-REACT-NTT\\miniMarket\\src\\hooks\\useProducts.ts","statementMap":{"0":{"start":{"line":1,"column":0},"end":{"line":1,"column":44}},"1":{"start":{"line":3,"column":0},"end":{"line":3,"column":55}},"2":{"start":{"line":5,"column":27},"end":{"line":29,"column":1}},"3":{"start":{"line":6,"column":34},"end":{"line":6,"column":57}},"4":{"start":{"line":7,"column":32},"end":{"line":7,"column":47}},"5":{"start":{"line":8,"column":28},"end":{"line":8,"column":57}},"6":{"start":{"line":10,"column":2},"end":{"line":26,"column":9}},"7":{"start":{"line":11,"column":25},"end":{"line":23,"column":5}},"8":{"start":{"line":12,"column":6},"end":{"line":12,"column":23}},"9":{"start":{"line":13,"column":6},"end":{"line":13,"column":21}},"10":{"start":{"line":14,"column":6},"end":{"line":22,"column":7}},"11":{"start":{"line":15,"column":29},"end":{"line":15,"column":50}},"12":{"start":{"line":16,"column":8},"end":{"line":16,"column":34}},"13":{"start":{"line":18,"column":8},"end":{"line":18,"column":55}},"14":{"start":{"line":19,"column":8},"end":{"line":19,"column":43}},"15":{"start":{"line":21,"column":8},"end":{"line":21,"column":26}},"16":{"start":{"line":25,"column":4},"end":{"line":25,"column":19}},"17":{"start":{"line":28,"column":2},"end":{"line":28,"column":38}},"18":{"start":{"line":5,"column":13},"end":{"line":5,"column":27}}},"fnMap":{"0":{"name":"(anonymous_0)","decl":{"start":{"line":5,"column":27},"end":{"line":5,"column":30}},"loc":{"start":{"line":5,"column":32},"end":{"line":29,"column":1}}},"1":{"name":"(anonymous_1)","decl":{"start":{"line":10,"column":12},"end":{"line":10,"column":15}},"loc":{"start":{"line":10,"column":17},"end":{"line":26,"column":3}}},"2":{"name":"(anonymous_2)","decl":{"start":{"line":11,"column":25},"end":{"line":11,"column":30}},"loc":{"start":{"line":11,"column":36},"end":{"line":23,"column":5}}}},"branchMap":{},"s":{"0":1,"1":1,"2":1,"3":6,"4":6,"5":6,"6":6,"7":2,"8":2,"9":2,"10":2,"11":2,"12":1,"13":1,"14":1,"15":2,"16":2,"17":6,"18":1},"f":{"0":6,"1":2,"2":2},"b":{}}
,"C:\\Users\\USER\\Desktop\\BOOTCAMP-FRONTEND-REACT-NTT\\miniMarket\\src\\hooks\\useResponsive.ts": {"path":"C:\\Users\\USER\\Desktop\\BOOTCAMP-FRONTEND-REACT-NTT\\miniMarket\\src\\hooks\\useResponsive.ts","statementMap":{"0":{"start":{"line":1,"column":0},"end":{"line":1,"column":44}},"1":{"start":{"line":3,"column":22},"end":{"line":18,"column":1}},"2":{"start":{"line":4,"column":34},"end":{"line":4,"column":49}},"3":{"start":{"line":6,"column":2},"end":{"line":15,"column":19}},"4":{"start":{"line":7,"column":25},"end":{"line":9,"column":5}},"5":{"start":{"line":8,"column":6},"end":{"line":8,"column":51}},"6":{"start":{"line":11,"column":4},"end":{"line":11,"column":52}},"7":{"start":{"line":12,"column":4},"end":{"line":12,"column":19}},"8":{"start":{"line":14,"column":4},"end":{"line":14,"column":68}},"9":{"start":{"line":14,"column":17},"end":{"line":14,"column":67}},"10":{"start":{"line":17,"column":2},"end":{"line":17,"column":18}},"11":{"start":{"line":20,"column":0},"end":{"line":20,"column":29}}},"fnMap":{"0":{"name":"(anonymous_0)","decl":{"start":{"line":3,"column":22},"end":{"line":3,"column":23}},"loc":{"start":{"line":3,"column":51},"end":{"line":18,"column":1}}},"1":{"name":"(anonymous_1)","decl":{"start":{"line":6,"column":12},"end":{"line":6,"column":15}},"loc":{"start":{"line":6,"column":17},"end":{"line":15,"column":3}}},"2":{"name":"(anonymous_2)","decl":{"start":{"line":7,"column":25},"end":{"line":7,"column":28}},"loc":{"start":{"line":7,"column":30},"end":{"line":9,"column":5}}},"3":{"name":"(anonymous_3)","decl":{"start":{"line":14,"column":11},"end":{"line":14,"column":14}},"loc":{"start":{"line":14,"column":17},"end":{"line":14,"column":67}}}},"branchMap":{"0":{"loc":{"start":{"line":3,"column":23},"end":{"line":3,"column":47}},"type":"default-arg","locations":[{"start":{"line":3,"column":44},"end":{"line":3,"column":47}}]}},"s":{"0":1,"1":1,"2":3,"3":3,"4":2,"5":2,"6":2,"7":2,"8":2,"9":2,"10":3,"11":1},"f":{"0":3,"1":2,"2":2,"3":2},"b":{"0":[3]}}
,"C:\\Users\\USER\\Desktop\\BOOTCAMP-FRONTEND-REACT-NTT\\miniMarket\\src\\logic\\productFilter.ts": {"path":"C:\\Users\\USER\\Desktop\\BOOTCAMP-FRONTEND-REACT-NTT\\miniMarket\\src\\logic\\productFilter.ts","statementMap":{"0":{"start":{"line":5,"column":0},"end":{"line":5,"column":16}},"1":{"start":{"line":6,"column":27},"end":{"line":6,"column":46}},"2":{"start":{"line":7,"column":4},"end":{"line":10,"column":6}},"3":{"start":{"line":8,"column":8},"end":{"line":9,"column":90}},"4":{"start":{"line":9,"column":30},"end":{"line":9,"column":89}}},"fnMap":{"0":{"name":"filterProducts","decl":{"start":{"line":5,"column":16},"end":{"line":5,"column":30}},"loc":{"start":{"line":5,"column":65},"end":{"line":11,"column":1}}},"1":{"name":"(anonymous_1)","decl":{"start":{"line":7,"column":27},"end":{"line":7,"column":34}},"loc":{"start":{"line":8,"column":8},"end":{"line":9,"column":90}}},"2":{"name":"(anonymous_2)","decl":{"start":{"line":9,"column":18},"end":{"line":9,"column":26}},"loc":{"start":{"line":9,"column":30},"end":{"line":9,"column":89}}}},"branchMap":{"0":{"loc":{"start":{"line":9,"column":30},"end":{"line":9,"column":89}},"type":"binary-expr","locations":[{"start":{"line":9,"column":30},"end":{"line":9,"column":38}},{"start":{"line":9,"column":42},"end":{"line":9,"column":89}}]}},"s":{"0":1,"1":1,"2":1,"3":2,"4":5},"f":{"0":1,"1":2,"2":5},"b":{"0":[5,4]}}
,"C:\\Users\\USER\\Desktop\\BOOTCAMP-FRONTEND-REACT-NTT\\miniMarket\\src\\proxy\\fetchCategories.ts": {"path":"C:\\Users\\USER\\Desktop\\BOOTCAMP-FRONTEND-REACT-NTT\\miniMarket\\src\\proxy\\fetchCategories.ts","statementMap":{"0":{"start":{"line":4,"column":0},"end":{"line":4,"column":7}},"1":{"start":{"line":2,"column":0},"end":{"line":2,"column":64}},"2":{"start":{"line":5,"column":4},"end":{"line":16,"column":5}},"3":{"start":{"line":6,"column":25},"end":{"line":6,"column":81}},"4":{"start":{"line":7,"column":8},"end":{"line":9,"column":9}},"5":{"start":{"line":8,"column":12},"end":{"line":8,"column":65}},"6":{"start":{"line":10,"column":22},"end":{"line":10,"column":43}},"7":{"start":{"line":11,"column":31},"end":{"line":11,"column":57}},"8":{"start":{"line":12,"column":8},"end":{"line":12,"column":30}},"9":{"start":{"line":14,"column":8},"end":{"line":14,"column":29}},"10":{"start":{"line":15,"column":8},"end":{"line":15,"column":18}}},"fnMap":{"0":{"name":"fetchCategories","decl":{"start":{"line":4,"column":22},"end":{"line":4,"column":37}},"loc":{"start":{"line":4,"column":37},"end":{"line":17,"column":1}}}},"branchMap":{"0":{"loc":{"start":{"line":7,"column":8},"end":{"line":9,"column":9}},"type":"if","locations":[{"start":{"line":7,"column":8},"end":{"line":9,"column":9}}]}},"s":{"0":1,"1":1,"2":2,"3":2,"4":2,"5":1,"6":1,"7":1,"8":1,"9":1,"10":1},"f":{"0":2},"b":{"0":[1]}}
,"C:\\Users\\USER\\Desktop\\BOOTCAMP-FRONTEND-REACT-NTT\\miniMarket\\src\\proxy\\fetchProducts.ts": {"path":"C:\\Users\\USER\\Desktop\\BOOTCAMP-FRONTEND-REACT-NTT\\miniMarket\\src\\proxy\\fetchProducts.ts","statementMap":{"0":{"start":{"line":4,"column":0},"end":{"line":4,"column":7}},"1":{"start":{"line":2,"column":0},"end":{"line":2,"column":62}},"2":{"start":{"line":5,"column":4},"end":{"line":16,"column":5}},"3":{"start":{"line":6,"column":25},"end":{"line":6,"column":70}},"4":{"start":{"line":7,"column":8},"end":{"line":9,"column":9}},"5":{"start":{"line":8,"column":12},"end":{"line":8,"column":72}},"6":{"start":{"line":10,"column":21},"end":{"line":10,"column":42}},"7":{"start":{"line":11,"column":25},"end":{"line":11,"column":61}},"8":{"start":{"line":12,"column":8},"end":{"line":12,"column":24}},"9":{"start":{"line":14,"column":8},"end":{"line":14,"column":29}},"10":{"start":{"line":15,"column":8},"end":{"line":15,"column":18}}},"fnMap":{"0":{"name":"fetchProducts","decl":{"start":{"line":4,"column":22},"end":{"line":4,"column":35}},"loc":{"start":{"line":4,"column":35},"end":{"line":17,"column":1}}}},"branchMap":{"0":{"loc":{"start":{"line":7,"column":8},"end":{"line":9,"column":9}},"type":"if","locations":[{"start":{"line":7,"column":8},"end":{"line":9,"column":9}}]}},"s":{"0":1,"1":1,"2":2,"3":2,"4":2,"5":1,"6":1,"7":1,"8":1,"9":1,"10":1},"f":{"0":2},"b":{"0":[1]}}
,"C:\\Users\\USER\\Desktop\\BOOTCAMP-FRONTEND-REACT-NTT\\miniMarket\\src\\proxy\\mapper\\mapperGetCategories.ts": {"path":"C:\\Users\\USER\\Desktop\\BOOTCAMP-FRONTEND-REACT-NTT\\miniMarket\\src\\proxy\\mapper\\mapperGetCategories.ts","statementMap":{"0":{"start":{"line":3,"column":32},"end":{"line":8,"column":1}},"1":{"start":{"line":4,"column":4},"end":{"line":7,"column":6}},"2":{"start":{"line":3,"column":13},"end":{"line":3,"column":32}}},"fnMap":{"0":{"name":"(anonymous_0)","decl":{"start":{"line":3,"column":32},"end":{"line":3,"column":33}},"loc":{"start":{"line":3,"column":73},"end":{"line":8,"column":1}}}},"branchMap":{},"s":{"0":2,"1":4,"2":2},"f":{"0":4},"b":{}}
,"C:\\Users\\USER\\Desktop\\BOOTCAMP-FRONTEND-REACT-NTT\\miniMarket\\src\\proxy\\mapper\\mapperGetProduct.ts": {"path":"C:\\Users\\USER\\Desktop\\BOOTCAMP-FRONTEND-REACT-NTT\\miniMarket\\src\\proxy\\mapper\\mapperGetProduct.ts","statementMap":{"0":{"start":{"line":4,"column":33},"end":{"line":17,"column":1}},"1":{"start":{"line":5,"column":4},"end":{"line":16,"column":6}},"2":{"start":{"line":4,"column":13},"end":{"line":4,"column":33}}},"fnMap":{"0":{"name":"(anonymous_0)","decl":{"start":{"line":4,"column":33},"end":{"line":4,"column":34}},"loc":{"start":{"line":4,"column":72},"end":{"line":17,"column":1}}}},"branchMap":{"0":{"loc":{"start":{"line":13,"column":14},"end":{"line":13,"column":32}},"type":"binary-expr","locations":[{"start":{"line":13,"column":14},"end":{"line":13,"column":26}},{"start":{"line":13,"column":30},"end":{"line":13,"column":32}}]},"1":{"loc":{"start":{"line":14,"column":15},"end":{"line":14,"column":42}},"type":"binary-expr","locations":[{"start":{"line":14,"column":15},"end":{"line":14,"column":28}},{"start":{"line":14,"column":32},"end":{"line":14,"column":42}}]},"2":{"loc":{"start":{"line":15,"column":15},"end":{"line":15,"column":79}},"type":"cond-expr","locations":[{"start":{"line":15,"column":43},"end":{"line":15,"column":57}},{"start":{"line":15,"column":60},"end":{"line":15,"column":79}}]}},"s":{"0":2,"1":2,"2":2},"f":{"0":2},"b":{"0":[2,0],"1":[2,0],"2":[2,0]}}
,"C:\\Users\\USER\\Desktop\\BOOTCAMP-FRONTEND-REACT-NTT\\miniMarket\\src\\utils\\discount.ts": {"path":"C:\\Users\\USER\\Desktop\\BOOTCAMP-FRONTEND-REACT-NTT\\miniMarket\\src\\utils\\discount.ts","statementMap":{"0":{"start":{"line":1,"column":40},"end":{"line":5,"column":1}},"1":{"start":{"line":2,"column":26},"end":{"line":2,"column":60}},"2":{"start":{"line":3,"column":28},"end":{"line":3,"column":49}},"3":{"start":{"line":4,"column":4},"end":{"line":4,"column":51}},"4":{"start":{"line":1,"column":13},"end":{"line":1,"column":40}}},"fnMap":{"0":{"name":"(anonymous_0)","decl":{"start":{"line":1,"column":40},"end":{"line":1,"column":41}},"loc":{"start":{"line":1,"column":94},"end":{"line":5,"column":1}}}},"branchMap":{},"s":{"0":3,"1":5,"2":5,"3":5,"4":3},"f":{"0":5},"b":{}}
,"C:\\Users\\USER\\Desktop\\BOOTCAMP-FRONTEND-REACT-NTT\\miniMarket\\src\\utils\\truncateText.ts": {"path":"C:\\Users\\USER\\Desktop\\BOOTCAMP-FRONTEND-REACT-NTT\\miniMarket\\src\\utils\\truncateText.ts","statementMap":{"0":{"start":{"line":2,"column":28},"end":{"line":7,"column":1}},"1":{"start":{"line":3,"column":4},"end":{"line":5,"column":5}},"2":{"start":{"line":4,"column":6},"end":{"line":4,"column":50}},"3":{"start":{"line":6,"column":4},"end":{"line":6,"column":16}},"4":{"start":{"line":2,"column":13},"end":{"line":2,"column":28}}},"fnMap":{"0":{"name":"(anonymous_0)","decl":{"start":{"line":2,"column":28},"end":{"line":2,"column":29}},"loc":{"start":{"line":2,"column":72},"end":{"line":7,"column":1}}}},"branchMap":{"0":{"loc":{"start":{"line":3,"column":4},"end":{"line":5,"column":5}},"type":"if","locations":[{"start":{"line":3,"column":4},"end":{"line":5,"column":5}}]}},"s":{"0":3,"1":4,"2":1,"3":3,"4":3},"f":{"0":4},"b":{"0":[1]}}
}
