TN:
SF:src\components\SummaryCart\summaryCart.tsx
FN:5,(anonymous_0)
FN:9,(anonymous_1)
FN:32,(anonymous_2)
FN:46,(anonymous_3)
FN:55,(anonymous_4)
FN:71,(anonymous_5)
FN:83,(anonymous_6)
FN:95,(anonymous_7)
FN:106,(anonymous_8)
FN:114,(anonymous_9)
FNF:10
FNH:4
FNDA:4,(anonymous_0)
FNDA:8,(anonymous_1)
FNDA:8,(anonymous_2)
FNDA:0,(anonymous_3)
FNDA:0,(anonymous_4)
FNDA:0,(anonymous_5)
FNDA:8,(anonymous_6)
FNDA:0,(anonymous_7)
FNDA:0,(anonymous_8)
FNDA:0,(anonymous_9)
DA:1,1
DA:2,1
DA:3,1
DA:5,1
DA:6,4
DA:8,4
DA:10,8
DA:16,4
DA:33,8
DA:46,0
DA:55,0
DA:71,0
DA:84,8
DA:95,0
DA:106,0
DA:114,0
DA:140,1
LF:17
LH:11
BRDA:8,0,0,4
BRDA:8,0,1,0
BRF:2
BRH:1
end_of_record
TN:
SF:src\components\buttonCard\buttonCard.tsx
FN:10,(anonymous_0)
FN:13,(anonymous_1)
FN:21,(anonymous_2)
FNF:3
FNH:3
FNDA:10,(anonymous_0)
FNDA:1,(anonymous_1)
FNDA:1,(anonymous_2)
DA:2,3
DA:4,3
DA:10,3
DA:11,10
DA:13,6
DA:14,1
DA:15,1
DA:18,6
DA:21,1
DA:32,3
LF:10
LH:10
BRF:0
BRH:0
end_of_record
TN:
SF:src\components\categorySelector\categorySelector.tsx
FN:14,(anonymous_0)
FN:28,(anonymous_1)
FN:30,(anonymous_2)
FN:43,(anonymous_3)
FN:46,(anonymous_4)
FN:49,(anonymous_5)
FNF:6
FNH:6
FNDA:8,(anonymous_0)
FNDA:2,(anonymous_1)
FNDA:15,(anonymous_2)
FNDA:2,(anonymous_3)
FNDA:9,(anonymous_4)
FNDA:2,(anonymous_5)
DA:14,2
DA:22,8
DA:23,5
DA:28,2
DA:31,15
DA:40,3
DA:43,2
DA:47,9
DA:50,2
DA:51,2
DA:52,1
DA:64,2
LF:12
LH:12
BRDA:18,0,0,5
BRDA:22,1,0,5
BRDA:42,2,0,3
BRDA:42,2,1,0
BRDA:51,3,0,1
BRF:5
BRH:4
end_of_record
TN:
SF:src\components\dropdownSelect\dropdown.tsx
FN:12,(anonymous_1)
FNF:1
FNH:1
FNDA:3,(anonymous_1)
DA:3,1
DA:4,1
DA:12,1
DA:14,3
DA:24,1
LF:5
LH:5
BRF:0
BRH:0
end_of_record
TN:
SF:src\components\productCard\productCard.tsx
FN:13,(anonymous_1)
FNF:1
FNH:1
FNDA:5,(anonymous_1)
DA:3,2
DA:4,2
DA:5,2
DA:6,2
DA:13,2
DA:14,5
DA:39,2
LF:7
LH:7
BRF:0
BRH:0
end_of_record
TN:
SF:src\components\productList\productList.tsx
FN:10,(anonymous_1)
FN:15,(anonymous_2)
FNF:2
FNH:2
FNDA:2,(anonymous_1)
FNDA:2,(anonymous_2)
DA:3,1
DA:4,1
DA:10,1
DA:12,2
DA:15,2
DA:23,1
LF:6
LH:6
BRDA:14,0,0,1
BRDA:14,0,1,1
BRF:2
BRH:2
end_of_record
TN:
SF:src\components\shared\button\button.tsx
FN:7,(anonymous_0)
FNF:1
FNH:1
FNDA:9,(anonymous_0)
DA:7,4
DA:13,9
LF:2
LH:2
BRDA:9,0,0,2
BRF:1
BRH:1
end_of_record
TN:
SF:src\components\shared\iconButton\iconButton.tsx
FN:9,(anonymous_0)
FNF:1
FNH:1
FNDA:5,(anonymous_0)
DA:9,1
DA:16,5
DA:24,1
LF:3
LH:3
BRF:0
BRH:0
end_of_record
TN:
SF:src\context\cart\cartAction.ts
FN:4,(anonymous_0)
FN:10,(anonymous_1)
FN:14,(anonymous_2)
FN:18,(anonymous_3)
FN:22,(anonymous_4)
FN:26,(anonymous_5)
FNF:6
FNH:1
FNDA:7,(anonymous_0)
FNDA:0,(anonymous_1)
FNDA:0,(anonymous_2)
FNDA:0,(anonymous_3)
FNDA:0,(anonymous_4)
FNDA:0,(anonymous_5)
DA:1,2
DA:4,2
DA:5,7
DA:6,3
DA:8,3
DA:10,3
DA:11,0
DA:14,3
DA:15,0
DA:18,3
DA:19,0
DA:22,3
DA:23,0
DA:26,3
DA:27,0
DA:30,3
LF:16
LH:11
BRDA:8,0,0,3
BRDA:8,0,1,0
BRF:2
BRH:1
end_of_record
TN:
SF:src\context\cart\cartContext.tsx
FN:15,(anonymous_0)
FN:25,(anonymous_1)
FNF:2
FNH:2
FNDA:11,(anonymous_0)
FNDA:9,(anonymous_1)
DA:1,5
DA:3,5
DA:4,5
DA:6,5
DA:7,5
DA:13,5
DA:15,5
DA:16,11
DA:21,11
DA:23,11
DA:25,11
DA:26,9
DA:29,11
LF:13
LH:13
BRDA:21,0,0,11
BRDA:21,0,1,0
BRF:2
BRH:1
end_of_record
TN:
SF:src\context\cart\cartHooks.ts
FN:6,(anonymous_0)
FN:14,(anonymous_1)
FNF:2
FNH:2
FNDA:7,(anonymous_0)
FNDA:3,(anonymous_1)
DA:1,2
DA:3,2
DA:6,2
DA:7,7
DA:8,7
DA:9,4
DA:11,3
DA:14,2
DA:15,3
DA:16,3
DA:17,0
DA:19,3
LF:12
LH:11
BRDA:8,0,0,4
BRDA:16,1,0,0
BRF:2
BRH:1
end_of_record
TN:
SF:src\context\cart\cartReducer.ts
FN:3,(anonymous_0)
FN:18,(anonymous_1)
FN:23,(anonymous_2)
FN:32,(anonymous_3)
FNF:4
FNH:4
FNDA:8,(anonymous_0)
FNDA:2,(anonymous_1)
FNDA:1,(anonymous_2)
FNDA:1,(anonymous_3)
DA:3,6
DA:5,8
DA:6,1
DA:9,7
DA:11,2
DA:16,2
DA:18,2
DA:21,1
DA:24,1
DA:30,1
DA:33,1
DA:39,1
DA:44,0
LF:13
LH:12
BRDA:5,0,0,1
BRDA:9,1,0,2
BRDA:9,1,1,2
BRDA:9,1,2,1
BRDA:9,1,3,1
BRDA:9,1,4,1
BRDA:9,1,5,0
BRDA:24,2,0,1
BRDA:24,2,1,0
BRDA:33,3,0,1
BRDA:33,3,1,0
BRF:11
BRH:8
end_of_record
TN:
SF:src\domain\productApiResponse.ts
FN:34,(anonymous_0)
FN:52,(anonymous_1)
FNF:2
FNH:2
FNDA:2,(anonymous_0)
FNDA:2,(anonymous_1)
DA:34,2
DA:35,2
DA:36,2
DA:52,2
DA:53,2
DA:54,2
DA:55,2
DA:56,2
DA:57,2
LF:9
LH:9
BRDA:34,0,0,2
BRDA:34,0,1,2
BRDA:52,1,0,2
BRDA:52,1,1,2
BRF:4
BRH:4
end_of_record
TN:
SF:src\hooks\useCart.ts
FN:7,(anonymous_0)
FN:18,(anonymous_1)
FNF:2
FNH:2
FNDA:5,(anonymous_0)
FNDA:2,(anonymous_1)
DA:1,1
DA:2,1
DA:7,1
DA:8,5
DA:9,5
DA:11,5
DA:12,4
DA:15,1
DA:18,2
DA:20,1
LF:10
LH:10
BRDA:11,0,0,4
BRDA:11,1,0,5
BRDA:11,1,1,1
BRDA:18,2,0,1
BRDA:18,2,1,0
BRF:5
BRH:4
end_of_record
TN:
SF:src\hooks\useCategories.ts
FN:6,(anonymous_0)
FN:9,(anonymous_1)
FN:10,(anonymous_2)
FNF:3
FNH:3
FNDA:4,(anonymous_0)
FNDA:2,(anonymous_1)
FNDA:2,(anonymous_2)
DA:1,1
DA:2,1
DA:4,1
DA:6,1
DA:7,4
DA:9,4
DA:10,2
DA:11,2
DA:12,2
DA:13,1
DA:15,1
DA:16,1
DA:20,2
DA:23,4
LF:14
LH:14
BRF:0
BRH:0
end_of_record
TN:
SF:src\hooks\useDebounce.ts
FN:3,useDebounce
FN:6,(anonymous_1)
FN:7,(anonymous_2)
FN:8,(anonymous_3)
FNF:4
FNH:4
FNDA:3,useDebounce
FNDA:2,(anonymous_1)
FNDA:1,(anonymous_2)
FNDA:2,(anonymous_3)
DA:1,1
DA:3,1
DA:4,3
DA:6,3
DA:7,2
DA:8,2
DA:11,3
LF:7
LH:7
BRF:0
BRH:0
end_of_record
TN:
SF:src\hooks\useLocalStorage.ts
FN:3,(anonymous_0)
FN:4,(anonymous_1)
FN:14,(anonymous_2)
FNF:3
FNH:3
FNDA:13,(anonymous_0)
FNDA:8,(anonymous_1)
FNDA:11,(anonymous_2)
DA:1,6
DA:3,6
DA:4,13
DA:5,8
DA:6,8
DA:7,8
DA:9,0
DA:10,0
DA:14,13
DA:15,11
DA:16,11
DA:18,0
DA:22,13
LF:13
LH:10
BRDA:7,0,0,3
BRDA:7,0,1,5
BRF:2
BRH:2
end_of_record
TN:
SF:src\hooks\useModal.ts
FN:3,(anonymous_0)
FN:6,(anonymous_1)
FN:10,(anonymous_2)
FN:14,(anonymous_3)
FNF:4
FNH:3
FNDA:3,(anonymous_0)
FNDA:1,(anonymous_1)
FNDA:0,(anonymous_2)
FNDA:1,(anonymous_3)
DA:1,1
DA:3,1
DA:4,3
DA:6,3
DA:7,1
DA:10,3
DA:11,0
DA:14,3
DA:15,1
DA:18,3
LF:10
LH:9
BRF:0
BRH:0
end_of_record
TN:
SF:src\hooks\useProductSearch.ts
FN:5,(anonymous_0)
FN:8,(anonymous_1)
FN:13,(anonymous_2)
FN:21,(anonymous_3)
FN:25,(anonymous_4)
FNF:5
FNH:5
FNDA:4,(anonymous_0)
FNDA:2,(anonymous_1)
FNDA:1,(anonymous_2)
FNDA:1,(anonymous_3)
FNDA:2,(anonymous_4)
DA:1,1
DA:2,1
DA:5,1
DA:6,4
DA:8,4
DA:9,2
DA:12,4
DA:14,1
DA:15,1
DA:20,4
DA:22,1
DA:23,0
DA:25,2
DA:26,1
DA:32,4
LF:15
LH:14
BRDA:22,0,0,0
BRDA:22,0,1,1
BRF:2
BRH:1
end_of_record
TN:
SF:src\hooks\useProducts.ts
FN:5,(anonymous_0)
FN:10,(anonymous_1)
FN:11,(anonymous_2)
FNF:3
FNH:3
FNDA:6,(anonymous_0)
FNDA:2,(anonymous_1)
FNDA:2,(anonymous_2)
DA:1,1
DA:3,1
DA:5,1
DA:6,6
DA:7,6
DA:8,6
DA:10,6
DA:11,2
DA:12,2
DA:13,2
DA:14,2
DA:15,2
DA:16,1
DA:18,1
DA:19,1
DA:21,2
DA:25,2
DA:28,6
LF:18
LH:18
BRF:0
BRH:0
end_of_record
TN:
SF:src\hooks\useResponsive.ts
FN:3,(anonymous_0)
FN:6,(anonymous_1)
FN:7,(anonymous_2)
FN:14,(anonymous_3)
FNF:4
FNH:4
FNDA:3,(anonymous_0)
FNDA:2,(anonymous_1)
FNDA:2,(anonymous_2)
FNDA:2,(anonymous_3)
DA:1,1
DA:3,1
DA:4,3
DA:6,3
DA:7,2
DA:8,2
DA:11,2
DA:12,2
DA:14,2
DA:17,3
DA:20,1
LF:11
LH:11
BRDA:3,0,0,3
BRF:1
BRH:1
end_of_record
TN:
SF:src\logic\productFilter.ts
FN:5,filterProducts
FN:7,(anonymous_1)
FN:9,(anonymous_2)
FNF:3
FNH:3
FNDA:1,filterProducts
FNDA:2,(anonymous_1)
FNDA:5,(anonymous_2)
DA:5,1
DA:6,1
DA:7,1
DA:8,2
DA:9,5
LF:5
LH:5
BRDA:9,0,0,5
BRDA:9,0,1,4
BRF:2
BRH:2
end_of_record
TN:
SF:src\proxy\fetchCategories.ts
FN:4,fetchCategories
FNF:1
FNH:1
FNDA:2,fetchCategories
DA:2,1
DA:4,1
DA:5,2
DA:6,2
DA:7,2
DA:8,1
DA:10,1
DA:11,1
DA:12,1
DA:14,1
DA:15,1
LF:11
LH:11
BRDA:7,0,0,1
BRF:1
BRH:1
end_of_record
TN:
SF:src\proxy\fetchProducts.ts
FN:4,fetchProducts
FNF:1
FNH:1
FNDA:2,fetchProducts
DA:2,1
DA:4,1
DA:5,2
DA:6,2
DA:7,2
DA:8,1
DA:10,1
DA:11,1
DA:12,1
DA:14,1
DA:15,1
LF:11
LH:11
BRDA:7,0,0,1
BRF:1
BRH:1
end_of_record
TN:
SF:src\proxy\mapper\mapperGetCategories.ts
FN:3,(anonymous_0)
FNF:1
FNH:1
FNDA:4,(anonymous_0)
DA:3,2
DA:4,4
LF:2
LH:2
BRF:0
BRH:0
end_of_record
TN:
SF:src\proxy\mapper\mapperGetProduct.ts
FN:4,(anonymous_0)
FNF:1
FNH:1
FNDA:2,(anonymous_0)
DA:4,2
DA:5,2
LF:2
LH:2
BRDA:13,0,0,2
BRDA:13,0,1,0
BRDA:14,1,0,2
BRDA:14,1,1,0
BRDA:15,2,0,2
BRDA:15,2,1,0
BRF:6
BRH:3
end_of_record
TN:
SF:src\utils\discount.ts
FN:1,(anonymous_0)
FNF:1
FNH:1
FNDA:5,(anonymous_0)
DA:1,3
DA:2,5
DA:3,5
DA:4,5
LF:4
LH:4
BRF:0
BRH:0
end_of_record
TN:
SF:src\utils\truncateText.ts
FN:2,(anonymous_0)
FNF:1
FNH:1
FNDA:4,(anonymous_0)
DA:2,3
DA:3,4
DA:4,1
DA:6,3
LF:4
LH:4
BRDA:3,0,0,1
BRF:1
BRH:1
end_of_record
