TN:
SF:src\HOC\withAuth.tsx
FN:6,(anonymous_0)
FN:7,(anonymous_1)
FN:11,(anonymous_2)
FNF:3
FNH:3
FNDA:1,(anonymous_0)
FNDA:2,(anonymous_1)
FNDA:2,(anonymous_2)
DA:1,1
DA:2,1
DA:3,1
DA:4,1
DA:6,1
DA:7,1
DA:8,2
DA:9,2
DA:11,2
DA:12,2
DA:13,1
DA:17,2
LF:12
LH:12
BRDA:12,0,0,1
BRDA:17,1,0,1
BRDA:17,1,1,1
BRF:3
BRH:3
end_of_record
TN:
SF:src\components\SummaryCart\summaryCart.tsx
FN:5,(anonymous_1)
FN:9,(anonymous_2)
FN:32,(anonymous_3)
FN:46,(anonymous_4)
FN:55,(anonymous_5)
FN:71,(anonymous_6)
FN:83,(anonymous_7)
FN:95,(anonymous_8)
FN:106,(anonymous_9)
FN:114,(anonymous_10)
FNF:10
FNH:7
FNDA:6,(anonymous_1)
FNDA:8,(anonymous_2)
FNDA:8,(anonymous_3)
FNDA:1,(anonymous_4)
FNDA:1,(anonymous_5)
FNDA:1,(anonymous_6)
FNDA:8,(anonymous_7)
FNDA:0,(anonymous_8)
FNDA:0,(anonymous_9)
FNDA:0,(anonymous_10)
DA:1,2
DA:2,2
DA:3,2
DA:5,2
DA:6,6
DA:8,6
DA:10,8
DA:16,6
DA:33,8
DA:46,1
DA:55,1
DA:71,1
DA:84,8
DA:95,0
DA:106,0
DA:114,0
DA:140,2
LF:17
LH:14
BRDA:8,0,0,6
BRDA:8,0,1,0
BRF:2
BRH:1
end_of_record
TN:
SF:src\components\authIcon\authIcon.tsx
FN:7,(anonymous_1)
FN:11,(anonymous_2)
FN:12,(anonymous_3)
FN:15,(anonymous_4)
FNF:4
FNH:1
FNDA:5,(anonymous_1)
FNDA:0,(anonymous_2)
FNDA:0,(anonymous_3)
FNDA:0,(anonymous_4)
DA:1,1
DA:2,1
DA:3,1
DA:4,1
DA:5,1
DA:7,1
DA:8,5
DA:9,5
DA:11,5
DA:12,0
DA:15,5
DA:16,0
DA:17,0
DA:20,5
DA:38,1
LF:15
LH:12
BRDA:25,0,0,0
BRDA:25,0,1,5
BRDA:26,1,0,5
BRDA:26,1,1,0
BRDA:29,2,0,5
BRDA:29,2,1,0
BRDA:29,2,2,0
BRF:7
BRH:3
end_of_record
TN:
SF:src\components\buttonCard\buttonCard.tsx
FN:11,(anonymous_1)
FN:14,(anonymous_2)
FN:22,(anonymous_3)
FNF:3
FNH:3
FNDA:7,(anonymous_1)
FNDA:1,(anonymous_2)
FNDA:1,(anonymous_3)
DA:2,4
DA:4,4
DA:5,4
DA:11,4
DA:12,7
DA:14,7
DA:15,1
DA:16,1
DA:19,7
DA:22,1
DA:33,4
LF:11
LH:11
BRF:0
BRH:0
end_of_record
TN:
SF:src\components\cartIcon\cartIcon.tsx
FN:7,(anonymous_1)
FNF:1
FNH:1
FNDA:8,(anonymous_1)
DA:2,2
DA:3,2
DA:4,2
DA:5,2
DA:7,2
DA:8,8
DA:10,8
DA:23,2
LF:8
LH:8
BRF:0
BRH:0
end_of_record
TN:
SF:src\components\categorySelector\categorySelector.tsx
FN:14,(anonymous_1)
FN:35,(anonymous_2)
FN:38,(anonymous_3)
FNF:3
FNH:3
FNDA:8,(anonymous_1)
FNDA:9,(anonymous_2)
FNDA:2,(anonymous_3)
DA:3,2
DA:14,2
DA:22,8
DA:23,5
DA:32,3
DA:36,9
DA:39,2
DA:40,2
DA:41,1
DA:54,2
LF:10
LH:10
BRDA:22,0,0,5
BRDA:26,1,0,5
BRDA:26,1,1,2
BRDA:40,2,0,1
BRF:4
BRH:4
end_of_record
TN:
SF:src\components\checkoutForm\Form.tsx
FN:31,(anonymous_1)
FN:59,(anonymous_2)
FN:98,(anonymous_3)
FN:101,(anonymous_4)
FN:115,(anonymous_5)
FN:134,(anonymous_6)
FN:151,(anonymous_7)
FN:169,(anonymous_8)
FN:173,(anonymous_9)
FN:192,(anonymous_10)
FN:211,(anonymous_11)
FN:230,(anonymous_12)
FNF:12
FNH:5
FNDA:6,(anonymous_1)
FNDA:1,(anonymous_2)
FNDA:1,(anonymous_3)
FNDA:1,(anonymous_4)
FNDA:0,(anonymous_5)
FNDA:0,(anonymous_6)
FNDA:0,(anonymous_7)
FNDA:0,(anonymous_8)
FNDA:6,(anonymous_9)
FNDA:0,(anonymous_10)
FNDA:0,(anonymous_11)
FNDA:0,(anonymous_12)
DA:1,2
DA:2,2
DA:3,2
DA:4,2
DA:5,2
DA:6,2
DA:7,2
DA:8,2
DA:9,2
DA:10,2
DA:11,2
DA:31,2
DA:32,6
DA:33,6
DA:34,6
DA:36,6
DA:38,6
DA:39,6
DA:41,6
DA:50,6
DA:59,6
DA:60,1
DA:69,1
DA:70,1
DA:71,0
DA:72,0
DA:75,1
DA:76,1
DA:79,1
DA:80,1
DA:83,1
DA:84,1
DA:87,1
DA:88,1
DA:91,1
DA:92,1
DA:93,0
DA:94,0
DA:97,1
DA:98,1
DA:101,6
DA:102,1
DA:104,1
DA:105,0
DA:107,0
DA:109,0
DA:110,0
DA:115,6
DA:116,0
DA:117,0
DA:120,6
DA:134,0
DA:152,0
DA:169,0
DA:174,6
DA:193,0
DA:212,0
DA:231,0
DA:255,2
LF:59
LH:43
BRDA:69,0,0,1
BRDA:69,0,1,0
BRDA:71,1,0,0
BRDA:75,2,0,1
BRDA:79,3,0,1
BRDA:83,4,0,1
BRDA:87,5,0,1
BRDA:91,6,0,1
BRDA:91,6,1,0
BRDA:93,7,0,0
BRDA:104,8,0,0
BRDA:109,9,0,0
BRDA:109,10,0,0
BRDA:109,10,1,0
BRDA:138,11,0,6
BRDA:138,11,1,1
BRDA:157,12,0,6
BRDA:157,12,1,1
BRDA:179,13,0,6
BRDA:179,13,1,1
BRDA:198,14,0,6
BRDA:198,14,1,1
BRDA:217,15,0,6
BRDA:217,15,1,1
BRDA:236,16,0,6
BRDA:236,16,1,1
BRF:26
BRH:18
end_of_record
TN:
SF:src\components\checkoutMain\checkoutMain.tsx
FN:6,(anonymous_1)
FNF:1
FNH:1
FNDA:2,(anonymous_1)
DA:2,1
DA:3,1
DA:4,1
DA:6,1
DA:7,2
DA:15,1
LF:6
LH:6
BRF:0
BRH:0
end_of_record
TN:
SF:src\components\dropdownSelect\dropdown.tsx
FN:11,(anonymous_1)
FN:17,(anonymous_2)
FN:19,(anonymous_3)
FNF:3
FNH:3
FNDA:8,(anonymous_1)
FNDA:2,(anonymous_2)
FNDA:18,(anonymous_3)
DA:3,3
DA:11,3
DA:12,8
DA:17,2
DA:20,18
DA:29,3
LF:6
LH:6
BRF:0
BRH:0
end_of_record
TN:
SF:src\components\footer\footer.tsx
FN:4,(anonymous_1)
FNF:1
FNH:1
FNDA:6,(anonymous_1)
DA:2,2
DA:4,2
DA:5,6
DA:51,2
LF:4
LH:4
BRF:0
BRH:0
end_of_record
TN:
SF:src\components\header\header.tsx
FN:24,(anonymous_1)
FN:42,(anonymous_2)
FN:47,(anonymous_3)
FN:48,(anonymous_4)
FN:74,(anonymous_5)
FNF:5
FNH:1
FNDA:5,(anonymous_1)
FNDA:0,(anonymous_2)
FNDA:0,(anonymous_3)
FNDA:0,(anonymous_4)
FNDA:0,(anonymous_5)
DA:1,1
DA:3,1
DA:4,1
DA:5,1
DA:6,1
DA:7,1
DA:8,1
DA:9,1
DA:10,1
DA:12,1
DA:14,1
DA:24,1
DA:31,5
DA:32,5
DA:34,5
DA:37,5
DA:42,5
DA:43,0
DA:44,0
DA:47,5
DA:48,0
DA:51,5
DA:74,0
DA:134,1
LF:24
LH:20
BRDA:28,0,0,0
BRDA:29,1,0,0
BRDA:54,2,0,3
BRDA:54,2,1,2
BRDA:61,3,0,5
BRDA:61,3,1,0
BRDA:61,3,2,0
BRDA:87,4,0,5
BRDA:87,4,1,5
BRDA:87,4,2,3
BRDA:109,5,0,5
BRDA:109,5,1,3
BRDA:111,6,0,3
BRDA:111,6,1,0
BRDA:118,7,0,3
BRDA:118,7,1,3
BRF:16
BRH:11
end_of_record
TN:
SF:src\components\modalSuccess\modalSuccess.tsx
FN:11,(anonymous_1)
FNF:1
FNH:1
FNDA:6,(anonymous_1)
DA:2,2
DA:11,2
DA:12,6
DA:14,0
DA:27,2
LF:5
LH:4
BRDA:12,0,0,6
BRF:1
BRH:1
end_of_record
TN:
SF:src\components\productCard\productCard.tsx
FN:13,(anonymous_1)
FNF:1
FNH:1
FNDA:4,(anonymous_1)
DA:3,3
DA:4,3
DA:5,3
DA:6,3
DA:13,3
DA:14,4
DA:39,3
LF:7
LH:7
BRF:0
BRH:0
end_of_record
TN:
SF:src\components\productList\productList.tsx
FN:12,(anonymous_1)
FN:19,(anonymous_2)
FNF:2
FNH:2
FNDA:5,(anonymous_1)
FNDA:2,(anonymous_2)
DA:3,2
DA:4,2
DA:5,2
DA:12,2
DA:13,5
DA:15,5
DA:19,2
DA:39,2
LF:8
LH:8
BRDA:18,0,0,1
BRDA:18,0,1,4
BRDA:29,1,0,1
BRDA:29,1,1,4
BRF:4
BRH:4
end_of_record
TN:
SF:src\components\productMain\productMain.tsx
FN:11,(anonymous_1)
FNF:1
FNH:1
FNDA:3,(anonymous_1)
DA:2,1
DA:4,1
DA:11,1
DA:12,3
DA:19,1
LF:5
LH:5
BRF:0
BRH:0
end_of_record
TN:
SF:src\components\searchBar\searchBar.tsx
FN:10,(anonymous_7)
FN:14,(anonymous_8)
FN:21,(anonymous_9)
FNF:3
FNH:2
FNDA:3,(anonymous_7)
FNDA:2,(anonymous_8)
FNDA:0,(anonymous_9)
DA:1,1
DA:2,1
DA:3,1
DA:10,1
DA:11,3
DA:12,3
DA:14,3
DA:15,2
DA:16,0
DA:21,3
DA:22,0
DA:26,3
DA:46,1
LF:13
LH:11
BRDA:15,0,0,0
BRF:1
BRH:0
end_of_record
TN:
SF:src\components\shared\button\button.tsx
FN:8,(anonymous_0)
FNF:1
FNH:1
FNDA:27,(anonymous_0)
DA:8,7
DA:15,27
LF:2
LH:2
BRDA:10,0,0,2
BRDA:12,1,0,27
BRF:2
BRH:2
end_of_record
TN:
SF:src\components\shared\iconButton\iconButton.tsx
FN:12,(anonymous_0)
FNF:1
FNH:1
FNDA:18,(anonymous_0)
DA:1,3
DA:12,3
DA:20,18
DA:21,13
DA:29,5
DA:37,3
LF:6
LH:6
BRDA:20,0,0,13
BRF:1
BRH:1
end_of_record
TN:
SF:src\components\shared\input\input.tsx
FN:14,(anonymous_1)
FNF:1
FNH:1
FNDA:2,(anonymous_1)
DA:2,1
DA:14,1
DA:23,2
DA:39,1
LF:4
LH:4
BRDA:21,0,0,0
BRDA:33,1,0,2
BRDA:33,1,1,0
BRF:3
BRH:1
end_of_record
TN:
SF:src\components\shared\modal\modal.tsx
FN:11,(anonymous_1)
FNF:1
FNH:1
FNDA:2,(anonymous_1)
DA:2,1
DA:11,1
DA:12,2
DA:14,0
DA:25,1
LF:5
LH:4
BRDA:12,0,0,2
BRF:1
BRH:1
end_of_record
TN:
SF:src\components\sidebarMenu\sidebar.tsx
FN:14,(anonymous_1)
FN:24,(anonymous_2)
FN:25,(anonymous_3)
FN:28,(anonymous_4)
FN:33,(anonymous_5)
FN:34,(anonymous_6)
FN:46,(anonymous_7)
FN:68,(anonymous_8)
FN:78,(anonymous_9)
FNF:9
FNH:3
FNDA:5,(anonymous_1)
FNDA:0,(anonymous_2)
FNDA:0,(anonymous_3)
FNDA:0,(anonymous_4)
FNDA:5,(anonymous_5)
FNDA:0,(anonymous_6)
FNDA:5,(anonymous_7)
FNDA:0,(anonymous_8)
FNDA:0,(anonymous_9)
DA:1,1
DA:2,1
DA:3,1
DA:4,1
DA:5,1
DA:14,1
DA:20,5
DA:21,5
DA:22,5
DA:24,5
DA:25,0
DA:28,5
DA:29,0
DA:30,0
DA:33,5
DA:34,5
DA:35,0
DA:40,0
DA:44,5
DA:46,5
DA:47,5
DA:51,5
DA:68,0
DA:79,0
DA:80,0
DA:102,1
LF:26
LH:18
BRDA:35,0,0,0
BRDA:36,1,0,0
BRDA:36,1,1,0
BRDA:36,1,2,0
BRDA:54,2,0,5
BRDA:54,2,1,0
BRDA:56,3,0,0
BRDA:56,3,1,0
BRDA:63,4,0,0
BRDA:63,4,1,5
BRDA:85,5,0,5
BRDA:85,5,1,0
BRF:12
BRH:3
end_of_record
TN:
SF:src\constants\regexValidators.ts
FNF:0
FNH:0
DA:2,3
DA:3,3
DA:4,3
LF:3
LH:3
BRF:0
BRH:0
end_of_record
TN:
SF:src\constants\routes.ts
FN:1,(anonymous_0)
FNF:1
FNH:1
FNDA:7,(anonymous_0)
DA:1,7
DA:2,7
DA:3,7
DA:4,7
DA:5,7
LF:5
LH:5
BRDA:1,0,0,7
BRDA:1,0,1,7
BRF:2
BRH:2
end_of_record
TN:
SF:src\context\auth\authAction.ts
FN:4,(anonymous_0)
FN:9,(anonymous_1)
FNF:2
FNH:0
FNDA:0,(anonymous_0)
FNDA:0,(anonymous_1)
DA:4,3
DA:9,3
LF:2
LH:2
BRF:0
BRH:0
end_of_record
TN:
SF:src\context\auth\authContext.tsx
FN:16,(anonymous_0)
FN:22,(anonymous_1)
FN:31,(anonymous_2)
FN:41,(anonymous_3)
FNF:4
FNH:3
FNDA:8,(anonymous_0)
FNDA:5,(anonymous_1)
FNDA:8,(anonymous_2)
FNDA:0,(anonymous_3)
DA:1,3
DA:2,3
DA:4,3
DA:5,3
DA:14,3
DA:16,3
DA:17,8
DA:18,8
DA:20,8
DA:22,8
DA:23,5
DA:24,2
DA:31,8
DA:32,8
DA:33,2
DA:34,2
DA:36,6
DA:37,6
DA:41,8
DA:42,0
DA:45,8
LF:21
LH:20
BRDA:23,0,0,2
BRDA:23,1,0,5
BRDA:23,1,1,2
BRDA:32,2,0,2
BRDA:32,2,1,6
BRDA:32,3,0,8
BRDA:32,3,1,2
BRF:7
BRH:7
end_of_record
TN:
SF:src\context\auth\authReducer.ts
FN:8,(anonymous_0)
FNF:1
FNH:1
FNDA:3,(anonymous_0)
DA:3,3
DA:8,3
DA:9,3
DA:11,2
DA:16,1
DA:18,0
LF:6
LH:5
BRDA:9,0,0,2
BRDA:9,0,1,1
BRDA:9,0,2,0
BRDA:12,1,0,2
BRDA:12,1,1,0
BRDA:13,2,0,2
BRDA:13,2,1,0
BRF:7
BRH:4
end_of_record
TN:
SF:src\context\cart\cartAction.ts
FN:4,(anonymous_0)
FN:10,(anonymous_1)
FN:14,(anonymous_2)
FN:18,(anonymous_3)
FN:22,(anonymous_4)
FN:26,(anonymous_5)
FNF:6
FNH:1
FNDA:9,(anonymous_0)
FNDA:0,(anonymous_1)
FNDA:0,(anonymous_2)
FNDA:0,(anonymous_3)
FNDA:0,(anonymous_4)
FNDA:0,(anonymous_5)
DA:1,4
DA:4,4
DA:5,9
DA:6,9
DA:8,9
DA:10,9
DA:11,0
DA:14,9
DA:15,0
DA:18,9
DA:19,0
DA:22,9
DA:23,0
DA:26,9
DA:27,0
DA:30,9
LF:16
LH:11
BRDA:8,0,0,9
BRDA:8,0,1,0
BRF:2
BRH:1
end_of_record
TN:
SF:src\context\cart\cartContext.tsx
FN:16,(anonymous_0)
FN:26,(anonymous_1)
FNF:2
FNH:2
FNDA:27,(anonymous_0)
FNDA:25,(anonymous_1)
DA:1,11
DA:3,11
DA:4,11
DA:7,11
DA:8,11
DA:14,11
DA:16,11
DA:17,27
DA:22,27
DA:24,27
DA:26,27
DA:27,25
DA:30,27
LF:13
LH:13
BRDA:22,0,0,27
BRDA:22,0,1,0
BRF:2
BRH:1
end_of_record
TN:
SF:src\context\cart\cartHooks.ts
FN:6,(anonymous_0)
FN:14,(anonymous_1)
FNF:2
FNH:2
FNDA:9,(anonymous_0)
FNDA:9,(anonymous_1)
DA:1,4
DA:3,4
DA:6,4
DA:7,9
DA:8,9
DA:9,0
DA:11,9
DA:14,4
DA:15,9
DA:16,9
DA:17,0
DA:19,9
LF:12
LH:10
BRDA:8,0,0,0
BRDA:16,1,0,0
BRF:2
BRH:0
end_of_record
TN:
SF:src\context\cart\cartReducer.ts
FN:3,(anonymous_0)
FN:18,(anonymous_1)
FN:23,(anonymous_2)
FN:32,(anonymous_3)
FNF:4
FNH:4
FNDA:8,(anonymous_0)
FNDA:2,(anonymous_1)
FNDA:1,(anonymous_2)
FNDA:1,(anonymous_3)
DA:3,12
DA:5,8
DA:6,1
DA:9,7
DA:11,2
DA:16,2
DA:18,2
DA:21,1
DA:24,1
DA:30,1
DA:33,1
DA:39,1
DA:44,0
LF:13
LH:12
BRDA:5,0,0,1
BRDA:9,1,0,2
BRDA:9,1,1,2
BRDA:9,1,2,1
BRDA:9,1,3,1
BRDA:9,1,4,1
BRDA:9,1,5,0
BRDA:24,2,0,1
BRDA:24,2,1,0
BRDA:33,3,0,1
BRDA:33,3,1,0
BRF:11
BRH:8
end_of_record
TN:
SF:src\domain\productApiResponse.ts
FN:34,(anonymous_0)
FN:52,(anonymous_1)
FNF:2
FNH:2
FNDA:2,(anonymous_0)
FNDA:2,(anonymous_1)
DA:34,2
DA:35,2
DA:36,2
DA:52,2
DA:53,2
DA:54,2
DA:55,2
DA:56,2
DA:57,2
LF:9
LH:9
BRDA:34,0,0,2
BRDA:34,0,1,2
BRDA:52,1,0,2
BRDA:52,1,1,2
BRF:4
BRH:4
end_of_record
TN:
SF:src\hooks\useAuth.ts
FN:4,(anonymous_0)
FNF:1
FNH:1
FNDA:16,(anonymous_0)
DA:1,2
DA:2,2
DA:4,2
DA:5,16
DA:6,16
DA:7,0
DA:9,16
LF:7
LH:6
BRDA:6,0,0,0
BRF:1
BRH:0
end_of_record
TN:
SF:src\hooks\useCart.ts
FN:7,(anonymous_0)
FN:18,(anonymous_1)
FNF:2
FNH:2
FNDA:10,(anonymous_0)
FNDA:2,(anonymous_1)
DA:1,2
DA:2,2
DA:7,2
DA:8,10
DA:9,10
DA:11,10
DA:12,4
DA:15,6
DA:18,6
DA:20,6
LF:10
LH:10
BRDA:11,0,0,4
BRDA:11,1,0,10
BRDA:11,1,1,6
BRDA:18,2,0,6
BRDA:18,2,1,5
BRF:5
BRH:5
end_of_record
TN:
SF:src\hooks\useCategories.ts
FN:6,(anonymous_0)
FN:9,(anonymous_1)
FN:10,(anonymous_2)
FNF:3
FNH:3
FNDA:10,(anonymous_0)
FNDA:4,(anonymous_1)
FNDA:4,(anonymous_2)
DA:1,2
DA:2,2
DA:4,2
DA:6,2
DA:7,10
DA:9,10
DA:10,4
DA:11,4
DA:12,4
DA:13,3
DA:15,1
DA:16,1
DA:20,4
DA:26,10
LF:14
LH:14
BRF:0
BRH:0
end_of_record
TN:
SF:src\hooks\useDebounce.ts
FN:3,useDebounce
FN:6,(anonymous_1)
FN:7,(anonymous_2)
FN:8,(anonymous_3)
FNF:4
FNH:4
FNDA:6,useDebounce
FNDA:4,(anonymous_1)
FNDA:1,(anonymous_2)
FNDA:4,(anonymous_3)
DA:1,2
DA:3,2
DA:4,6
DA:6,6
DA:7,4
DA:8,4
DA:11,6
LF:7
LH:7
BRF:0
BRH:0
end_of_record
TN:
SF:src\hooks\useDistricts.ts
FN:8,(anonymous_0)
FN:13,(anonymous_1)
FN:29,(anonymous_2)
FNF:3
FNH:3
FNDA:3,(anonymous_0)
FNDA:1,(anonymous_1)
FNDA:1,(anonymous_2)
DA:1,2
DA:8,2
DA:9,3
DA:10,3
DA:11,3
DA:13,3
DA:14,1
DA:15,1
DA:16,1
DA:17,0
DA:18,0
DA:20,0
DA:21,0
DA:22,0
DA:24,1
DA:25,1
DA:29,3
DA:30,1
DA:33,3
DA:36,2
LF:20
LH:15
BRDA:17,0,0,0
BRF:1
BRH:0
end_of_record
TN:
SF:src\hooks\useLocalStorage.ts
FN:8,useLocalStorage
FN:9,(anonymous_1)
FN:19,(anonymous_2)
FNF:3
FNH:3
FNDA:35,useLocalStorage
FNDA:26,(anonymous_1)
FNDA:32,(anonymous_2)
DA:1,14
DA:8,14
DA:9,35
DA:10,26
DA:11,26
DA:12,26
DA:14,0
DA:15,0
DA:19,35
DA:20,32
DA:21,32
DA:22,32
DA:24,0
DA:28,35
LF:14
LH:11
BRDA:12,0,0,13
BRDA:12,0,1,13
BRF:2
BRH:2
end_of_record
TN:
SF:src\hooks\useModal.ts
FN:3,(anonymous_0)
FN:6,(anonymous_1)
FN:10,(anonymous_2)
FN:14,(anonymous_3)
FNF:4
FNH:3
FNDA:8,(anonymous_0)
FNDA:1,(anonymous_1)
FNDA:0,(anonymous_2)
FNDA:1,(anonymous_3)
DA:1,3
DA:3,3
DA:4,8
DA:6,8
DA:7,1
DA:10,8
DA:11,0
DA:14,8
DA:15,1
DA:18,8
LF:10
LH:9
BRF:0
BRH:0
end_of_record
TN:
SF:src\hooks\usePagination.ts
FN:4,(anonymous_0)
FN:12,(anonymous_1)
FN:13,(anonymous_2)
FN:14,(anonymous_3)
FN:14,(anonymous_4)
FNF:5
FNH:1
FNDA:5,(anonymous_0)
FNDA:0,(anonymous_1)
FNDA:0,(anonymous_2)
FNDA:0,(anonymous_3)
FNDA:0,(anonymous_4)
DA:2,2
DA:4,2
DA:5,5
DA:6,5
DA:7,5
DA:12,5
DA:13,0
DA:14,5
DA:16,5
LF:9
LH:8
BRF:0
BRH:0
end_of_record
TN:
SF:src\hooks\useProductSearch.ts
FN:5,(anonymous_0)
FN:8,(anonymous_1)
FN:13,(anonymous_2)
FN:21,(anonymous_3)
FN:25,(anonymous_4)
FNF:5
FNH:5
FNDA:8,(anonymous_0)
FNDA:4,(anonymous_1)
FNDA:1,(anonymous_2)
FNDA:1,(anonymous_3)
FNDA:2,(anonymous_4)
DA:1,2
DA:2,2
DA:5,2
DA:6,8
DA:8,8
DA:9,4
DA:12,8
DA:14,1
DA:15,1
DA:20,8
DA:22,1
DA:23,0
DA:25,2
DA:26,1
DA:32,8
LF:15
LH:14
BRDA:22,0,0,0
BRDA:22,0,1,1
BRF:2
BRH:1
end_of_record
TN:
SF:src\hooks\useProducts.ts
FN:5,(anonymous_0)
FN:10,(anonymous_1)
FN:11,(anonymous_2)
FNF:3
FNH:3
FNDA:10,(anonymous_0)
FNDA:3,(anonymous_1)
FNDA:3,(anonymous_2)
DA:1,2
DA:3,2
DA:5,2
DA:6,10
DA:7,10
DA:8,10
DA:10,10
DA:11,3
DA:12,3
DA:13,3
DA:14,3
DA:15,3
DA:16,2
DA:18,1
DA:19,1
DA:21,3
DA:25,3
DA:28,10
LF:18
LH:18
BRF:0
BRH:0
end_of_record
TN:
SF:src\hooks\useResponsive.ts
FN:3,(anonymous_0)
FN:6,(anonymous_1)
FN:7,(anonymous_2)
FN:14,(anonymous_3)
FNF:4
FNH:4
FNDA:8,(anonymous_0)
FNDA:5,(anonymous_1)
FNDA:5,(anonymous_2)
FNDA:5,(anonymous_3)
DA:1,2
DA:3,2
DA:4,8
DA:6,8
DA:7,5
DA:8,5
DA:11,5
DA:12,5
DA:14,5
DA:17,8
DA:20,2
LF:11
LH:11
BRDA:3,0,0,3
BRF:1
BRH:1
end_of_record
TN:
SF:src\logic\productFilter.ts
FN:5,filterProducts
FN:7,(anonymous_1)
FN:9,(anonymous_2)
FNF:3
FNH:3
FNDA:1,filterProducts
FNDA:2,(anonymous_1)
FNDA:5,(anonymous_2)
DA:5,2
DA:6,1
DA:7,1
DA:8,2
DA:9,5
LF:5
LH:5
BRDA:9,0,0,5
BRDA:9,0,1,4
BRF:2
BRH:2
end_of_record
TN:
SF:src\logic\validateLoginForm.ts
FN:3,(anonymous_0)
FN:21,(anonymous_1)
FNF:2
FNH:0
FNDA:0,(anonymous_0)
FNDA:0,(anonymous_1)
DA:1,1
DA:3,1
DA:4,0
DA:5,0
DA:6,0
DA:8,0
DA:9,0
DA:10,0
DA:13,0
DA:14,0
DA:15,0
DA:18,0
DA:21,1
DA:22,0
DA:23,0
DA:24,0
DA:25,0
DA:26,0
DA:27,0
DA:30,0
LF:20
LH:3
BRDA:8,0,0,0
BRDA:13,1,0,0
BRDA:24,2,0,0
BRF:3
BRH:0
end_of_record
TN:
SF:src\pages\checkout\checkout.tsx
FN:8,(anonymous_1)
FN:14,(anonymous_2)
FN:15,(anonymous_3)
FNF:3
FNH:1
FNDA:5,(anonymous_1)
FNDA:0,(anonymous_2)
FNDA:0,(anonymous_3)
DA:2,2
DA:3,2
DA:4,2
DA:5,2
DA:6,2
DA:8,2
DA:9,5
DA:11,5
DA:26,2
LF:9
LH:9
BRF:0
BRH:0
end_of_record
TN:
SF:src\pages\home\home.tsx
FN:11,(anonymous_1)
FNF:1
FNH:1
FNDA:8,(anonymous_1)
DA:2,2
DA:3,2
DA:4,2
DA:5,2
DA:6,2
DA:7,2
DA:8,2
DA:11,2
DA:13,8
DA:14,8
DA:15,8
DA:17,8
DA:18,2
DA:19,6
DA:20,1
DA:24,5
DA:39,2
LF:17
LH:17
BRDA:17,0,0,2
BRDA:19,1,0,1
BRF:2
BRH:2
end_of_record
TN:
SF:src\pages\login\login.tsx
FN:13,(anonymous_1)
FN:28,(anonymous_2)
FN:60,(anonymous_3)
FN:85,(anonymous_4)
FN:94,(anonymous_5)
FN:118,(anonymous_6)
FNF:6
FNH:1
FNDA:1,(anonymous_1)
FNDA:0,(anonymous_2)
FNDA:0,(anonymous_3)
FNDA:0,(anonymous_4)
FNDA:0,(anonymous_5)
FNDA:0,(anonymous_6)
DA:1,1
DA:2,1
DA:3,1
DA:4,1
DA:5,1
DA:6,1
DA:7,1
DA:8,1
DA:9,1
DA:10,1
DA:11,1
DA:13,1
DA:14,1
DA:15,1
DA:16,1
DA:17,1
DA:18,1
DA:19,1
DA:20,1
DA:22,1
DA:23,1
DA:25,1
DA:26,1
DA:28,1
DA:29,0
DA:31,0
DA:32,0
DA:33,0
DA:35,0
DA:37,0
DA:38,0
DA:39,0
DA:40,0
DA:43,0
DA:44,0
DA:46,0
DA:47,0
DA:51,0
DA:53,0
DA:56,0
DA:60,1
DA:61,0
DA:62,0
DA:63,0
DA:66,0
DA:67,0
DA:68,0
DA:69,0
DA:72,1
DA:85,0
DA:94,0
DA:118,0
DA:134,1
LF:53
LH:27
BRDA:37,0,0,0
BRDA:46,1,0,0
BRDA:46,1,1,0
BRDA:46,2,0,0
BRDA:46,2,1,0
BRDA:56,3,0,0
BRDA:56,3,1,0
BRDA:61,4,0,0
BRDA:98,5,0,1
BRDA:98,5,1,0
BRDA:120,6,0,1
BRDA:120,6,1,0
BRF:12
BRH:2
end_of_record
TN:
SF:src\proxy\fetchAuth.ts
FN:5,(anonymous_0)
FNF:1
FNH:1
FNDA:2,(anonymous_0)
DA:3,2
DA:5,2
DA:9,2
DA:16,2
DA:17,1
DA:18,1
DA:21,1
DA:24,1
LF:8
LH:8
BRDA:16,0,0,1
BRDA:18,1,0,1
BRDA:18,1,1,0
BRF:3
BRH:2
end_of_record
TN:
SF:src\proxy\fetchCategories.ts
FN:4,fetchCategories
FNF:1
FNH:1
FNDA:4,fetchCategories
DA:2,2
DA:4,2
DA:5,4
DA:6,4
DA:7,2
DA:8,1
DA:10,1
DA:11,1
DA:12,1
DA:14,3
DA:15,3
LF:11
LH:11
BRDA:7,0,0,1
BRF:1
BRH:1
end_of_record
TN:
SF:src\proxy\fetchProducts.ts
FN:4,fetchProducts
FNF:1
FNH:1
FNDA:3,fetchProducts
DA:2,2
DA:4,2
DA:5,3
DA:6,3
DA:7,2
DA:8,1
DA:10,1
DA:11,1
DA:12,1
DA:14,2
DA:15,2
LF:11
LH:11
BRDA:7,0,0,1
BRF:1
BRH:1
end_of_record
TN:
SF:src\proxy\mapper\mapperAuth.ts
FN:4,(anonymous_0)
FNF:1
FNH:1
FNDA:1,(anonymous_0)
DA:4,2
DA:5,1
LF:2
LH:2
BRF:0
BRH:0
end_of_record
TN:
SF:src\proxy\mapper\mapperGetCategories.ts
FN:3,(anonymous_0)
FNF:1
FNH:1
FNDA:4,(anonymous_0)
DA:3,3
DA:4,4
LF:2
LH:2
BRF:0
BRH:0
end_of_record
TN:
SF:src\proxy\mapper\mapperGetProduct.ts
FN:4,(anonymous_0)
FNF:1
FNH:1
FNDA:2,(anonymous_0)
DA:4,3
DA:5,2
LF:2
LH:2
BRDA:13,0,0,2
BRDA:13,0,1,0
BRDA:14,1,0,2
BRDA:14,1,1,0
BRDA:15,2,0,2
BRDA:15,2,1,0
BRF:6
BRH:3
end_of_record
TN:
SF:src\utils\discount.ts
FN:1,(anonymous_0)
FNF:1
FNH:1
FNDA:5,(anonymous_0)
DA:1,4
DA:2,5
DA:3,5
DA:4,5
LF:4
LH:4
BRF:0
BRH:0
end_of_record
TN:
SF:src\utils\truncateText.ts
FN:2,(anonymous_0)
FNF:1
FNH:1
FNDA:4,(anonymous_0)
DA:2,4
DA:3,4
DA:4,1
DA:6,3
LF:4
LH:4
BRDA:3,0,0,1
BRF:1
BRH:1
end_of_record
